Using pre-set license
Built from '2022.3/staging' branch; Version is '2022.3.11f1 (d00248457e15) revision 13632072'; Using compiler version '192829333'; Build Type 'Release'
OS: 'Windows 10  (10.0.19045) 64bit Enterprise' Language: 'en' Physical Memory: 65437 MB
BatchMode: 1, IsHumanControllingUs: 0, StartBugReporterOnCrash: 0, Is64bit: 1, IsPro: 1

COMMAND LINE ARGUMENTS:
C:\Program Files\Unity\Hub\Editor\2022.3.11f1\Editor\Unity.exe
-adb2
-batchMode
-noUpm
-name
AssetImportWorker3
-projectPath
C:/Users/Research/Documents/GitHub/shadow-puppet/ShadowPuppet_Unity
-logFile
Logs/AssetImportWorker3.log
-srvPort
61140
Successfully changed project path to: C:/Users/Research/Documents/GitHub/shadow-puppet/ShadowPuppet_Unity
C:/Users/Research/Documents/GitHub/shadow-puppet/ShadowPuppet_Unity
[UnityMemory] Configuration Parameters - Can be set up in boot.config
    "memorysetup-bucket-allocator-granularity=16"
    "memorysetup-bucket-allocator-bucket-count=8"
    "memorysetup-bucket-allocator-block-size=33554432"
    "memorysetup-bucket-allocator-block-count=8"
    "memorysetup-main-allocator-block-size=16777216"
    "memorysetup-thread-allocator-block-size=16777216"
    "memorysetup-gfx-main-allocator-block-size=16777216"
    "memorysetup-gfx-thread-allocator-block-size=16777216"
    "memorysetup-cache-allocator-block-size=4194304"
    "memorysetup-typetree-allocator-block-size=2097152"
    "memorysetup-profiler-bucket-allocator-granularity=16"
    "memorysetup-profiler-bucket-allocator-bucket-count=8"
    "memorysetup-profiler-bucket-allocator-block-size=33554432"
    "memorysetup-profiler-bucket-allocator-block-count=8"
    "memorysetup-profiler-allocator-block-size=16777216"
    "memorysetup-profiler-editor-allocator-block-size=1048576"
    "memorysetup-temp-allocator-size-main=16777216"
    "memorysetup-job-temp-allocator-block-size=2097152"
    "memorysetup-job-temp-allocator-block-size-background=1048576"
    "memorysetup-job-temp-allocator-reduction-small-platforms=262144"
    "memorysetup-allocator-temp-initial-block-size-main=262144"
    "memorysetup-allocator-temp-initial-block-size-worker=262144"
    "memorysetup-temp-allocator-size-background-worker=32768"
    "memorysetup-temp-allocator-size-job-worker=262144"
    "memorysetup-temp-allocator-size-preload-manager=33554432"
    "memorysetup-temp-allocator-size-nav-mesh-worker=65536"
    "memorysetup-temp-allocator-size-audio-worker=65536"
    "memorysetup-temp-allocator-size-cloud-worker=32768"
    "memorysetup-temp-allocator-size-gi-baking-worker=262144"
    "memorysetup-temp-allocator-size-gfx=262144"
Player connection [21068] Host "[IP] 10.115.139.168 [Port] 0 [Flags] 2 [Guid] 3355803290 [EditorId] 3355803290 [Version] 1048832 [Id] WindowsEditor(7,FA-EV10705PTIM2) [Debug] 1 [PackageName] WindowsEditor [ProjectName] Editor" joined multi-casting on [225.0.0.222:54997]...

Player connection [21068] Host "[IP] 10.115.139.168 [Port] 0 [Flags] 2 [Guid] 3355803290 [EditorId] 3355803290 [Version] 1048832 [Id] WindowsEditor(7,FA-EV10705PTIM2) [Debug] 1 [PackageName] WindowsEditor [ProjectName] Editor" joined alternative multi-casting on [225.0.0.222:34997]...

[Physics::Module] Initialized MultithreadedJobDispatcher with 7 workers.
Refreshing native plugins compatible for Editor in 11.69 ms, found 3 plugins.
Preloading 0 native plugins for Editor in 0.00 ms.
Initialize engine version: 2022.3.11f1 (d00248457e15)
[Subsystems] Discovering subsystems at path C:/Program Files/Unity/Hub/Editor/2022.3.11f1/Editor/Data/Resources/UnitySubsystems
[Subsystems] Discovering subsystems at path C:/Users/Research/Documents/GitHub/shadow-puppet/ShadowPuppet_Unity/Assets
GfxDevice: creating device client; threaded=0; jobified=0
Direct3D:
    Version:  Direct3D 11.0 [level 11.1]
    Renderer: NVIDIA GeForce GTX 1080 (ID=0x1b80)
    Vendor:   NVIDIA
    VRAM:     8072 MB
    Driver:   31.0.15.3623
Initialize mono
Mono path[0] = 'C:/Program Files/Unity/Hub/Editor/2022.3.11f1/Editor/Data/Managed'
Mono path[1] = 'C:/Program Files/Unity/Hub/Editor/2022.3.11f1/Editor/Data/MonoBleedingEdge/lib/mono/unityjit-win32'
Mono config path = 'C:/Program Files/Unity/Hub/Editor/2022.3.11f1/Editor/Data/MonoBleedingEdge/etc'
Using monoOptions --debugger-agent=transport=dt_socket,embedding=1,server=y,suspend=n,address=127.0.0.1:56364
Begin MonoManager ReloadAssembly
Registering precompiled unity dll's ...
Register platform support module: C:/Program Files/Unity/Hub/Editor/2022.3.11f1/Editor/Data/PlaybackEngines/WindowsStandaloneSupport/UnityEditor.WindowsStandalone.Extensions.dll
Registered in 0.010703 seconds.
- Loaded All Assemblies, in  0.412 seconds
Native extension for WindowsStandalone target not found
Mono: successfully reloaded assembly
- Finished resetting the current domain, in  0.269 seconds
Domain Reload Profiling: 678ms
	BeginReloadAssembly (131ms)
		ExecutionOrderSort (0ms)
		DisableScriptedObjects (0ms)
		BackupInstance (0ms)
		ReleaseScriptingObjects (0ms)
		CreateAndSetChildDomain (1ms)
	RebuildCommonClasses (40ms)
	RebuildNativeTypeToScriptingClass (13ms)
	initialDomainReloadingComplete (70ms)
	LoadAllAssembliesAndSetupDomain (155ms)
		LoadAssemblies (127ms)
		RebuildTransferFunctionScriptingTraits (0ms)
		AnalyzeDomain (152ms)
			TypeCache.Refresh (151ms)
				TypeCache.ScanAssembly (134ms)
			ScanForSourceGeneratedMonoScriptInfo (0ms)
			ResolveRequiredComponents (0ms)
	FinalizeReload (269ms)
		ReleaseScriptCaches (0ms)
		RebuildScriptCaches (0ms)
		SetupLoadedEditorAssemblies (207ms)
			LogAssemblyErrors (0ms)
			InitializePlatformSupportModulesInManaged (12ms)
			SetLoadedEditorAssemblies (8ms)
			RefreshPlugins (0ms)
			BeforeProcessingInitializeOnLoad (2ms)
			ProcessInitializeOnLoadAttributes (135ms)
			ProcessInitializeOnLoadMethodAttributes (49ms)
			AfterProcessingInitializeOnLoad (0ms)
			EditorAssembliesLoaded (0ms)
		ExecutionOrderSort2 (0ms)
		AwakeInstancesAfterBackupRestoration (0ms)
========================================================================
Worker process is ready to serve import requests
Begin MonoManager ReloadAssembly
- Loaded All Assemblies, in  0.665 seconds
Refreshing native plugins compatible for Editor in 3.59 ms, found 3 plugins.
Native extension for WindowsStandalone target not found
Package Manager log level set to [2]
[Package Manager] Server::EnsureServerProcessIsRunning -- launch failed, reason: Unity was launched with the -noUpm command-line argument
[Package Manager] UpmClient::Send -- Unable to send message (not connected to UPM process).
[Package Manager] Cannot connect to Unity Package Manager local server
Mono: successfully reloaded assembly
- Finished resetting the current domain, in  0.764 seconds
Domain Reload Profiling: 1426ms
	BeginReloadAssembly (158ms)
		ExecutionOrderSort (0ms)
		DisableScriptedObjects (6ms)
		BackupInstance (0ms)
		ReleaseScriptingObjects (0ms)
		CreateAndSetChildDomain (22ms)
	RebuildCommonClasses (38ms)
	RebuildNativeTypeToScriptingClass (12ms)
	initialDomainReloadingComplete (44ms)
	LoadAllAssembliesAndSetupDomain (409ms)
		LoadAssemblies (314ms)
		RebuildTransferFunctionScriptingTraits (0ms)
		AnalyzeDomain (187ms)
			TypeCache.Refresh (164ms)
				TypeCache.ScanAssembly (150ms)
			ScanForSourceGeneratedMonoScriptInfo (17ms)
			ResolveRequiredComponents (5ms)
	FinalizeReload (764ms)
		ReleaseScriptCaches (0ms)
		RebuildScriptCaches (0ms)
		SetupLoadedEditorAssemblies (610ms)
			LogAssemblyErrors (0ms)
			InitializePlatformSupportModulesInManaged (7ms)
			SetLoadedEditorAssemblies (5ms)
			RefreshPlugins (0ms)
			BeforeProcessingInitializeOnLoad (74ms)
			ProcessInitializeOnLoadAttributes (492ms)
			ProcessInitializeOnLoadMethodAttributes (21ms)
			AfterProcessingInitializeOnLoad (9ms)
			EditorAssembliesLoaded (0ms)
		ExecutionOrderSort2 (0ms)
		AwakeInstancesAfterBackupRestoration (8ms)
Launched and connected shader compiler UnityShaderCompiler.exe after 0.10 seconds
Refreshing native plugins compatible for Editor in 5.07 ms, found 3 plugins.
Preloading 0 native plugins for Editor in 0.00 ms.
Unloading 3081 Unused Serialized files (Serialized files now loaded: 0)
Unloading 32 unused Assets / (56.8 KB). Loaded Objects now: 3545.
Memory consumption went from 120.7 MB to 120.6 MB.
Total: 4.651700 ms (FindLiveObjects: 0.282300 ms CreateObjectMapping: 0.324000 ms MarkObjects: 3.924500 ms  DeleteObjects: 0.119800 ms)

AssetImportParameters requested are different than current active one (requested -> active):
  custom:container-demuxer-ogg: 62fdf1f143b41e24485cea50d1cbac27 -> 
  custom:video-decoder-ogg-theora: a1e56fd34408186e4bbccfd4996cb3dc -> 
  custom:framework-win-MediaFoundation: 216162199b28c13a410421893ffa2e32 -> 
  custom:CustomObjectIndexerAttribute: 756ad292c208cfabdd7b50bc23989ffe -> 
  custom:container-demuxer-webm: 4f35f7cbe854078d1ac9338744f61a02 -> 
  custom:container-muxer-webm: aa71ff27fc2769a1b78a27578f13a17b -> 
  custom:video-decoder-webm-vp8: 9c59270c3fd7afecdb556c50c9e8de78 -> 
  custom:SearchIndexIgnoredProperties: e643bd26f0fe6173181afceb89e7c659 -> 
  custom:AudioImporter_EditorPlatform: d09bf68614088b80899f8185d706f6e7 -> 
  custom:video-encoder-webm-vp8: eb34c28f22e8b96e1ab97ce403110664 -> 
  custom:audio-decoder-ogg-vorbis: bf7c407c2cedff20999df2af8eb42d56 -> 
  custom:audio-encoder-webm-vorbis: bf7c407c2cedff20999df2af8eb42d56 -> 
========================================================================
Received Import Request.
  Time since last request: 10196.861103 seconds.
  path: Assets/Light cookies/PNG (Black background)/flare_01.png
  artifactKey: Guid(5dca12f5447ea1b43977bec5daadf056) Importer(815301076,1909f56bfc062723c751e8b465ee728b)
Start importing Assets/Light cookies/PNG (Black background)/flare_01.png using Guid(5dca12f5447ea1b43977bec5daadf056) Importer(815301076,1909f56bfc062723c751e8b465ee728b)  -> (artifact id: 'e936b3975fb956b11b45c9dedece6fab') in 0.065572 seconds
Number of updated asset objects reloaded before import = 0
Number of asset objects unloaded after import = 2
========================================================================
Received Import Request.
  Time since last request: 56.500294 seconds.
  path: Assets/Light cookies/PNG (Black background)/light_02.png
  artifactKey: Guid(bc67dbabd612f5e42ada356df47d28a2) Importer(815301076,1909f56bfc062723c751e8b465ee728b)
Start importing Assets/Light cookies/PNG (Black background)/light_02.png using Guid(bc67dbabd612f5e42ada356df47d28a2) Importer(815301076,1909f56bfc062723c751e8b465ee728b)  -> (artifact id: '492b81bc321af6daee6ce538e9198aa3') in 0.014431 seconds
Number of updated asset objects reloaded before import = 0
Number of asset objects unloaded after import = 2
========================================================================
Received Import Request.
  Time since last request: 0.233545 seconds.
  path: Assets/Light cookies/PNG (Black background)/magic_02.png
  artifactKey: Guid(b2d96fb006943794bbfe865edc62d91c) Importer(815301076,1909f56bfc062723c751e8b465ee728b)
Start importing Assets/Light cookies/PNG (Black background)/magic_02.png using Guid(b2d96fb006943794bbfe865edc62d91c) Importer(815301076,1909f56bfc062723c751e8b465ee728b)  -> (artifact id: 'd381bbc65d7aef62b29964ef75692a13') in 0.016459 seconds
Number of updated asset objects reloaded before import = 0
Number of asset objects unloaded after import = 2
========================================================================
Received Import Request.
  Time since last request: 0.235250 seconds.
  path: Assets/Light cookies/PNG (Black background)/magic_05.png
  artifactKey: Guid(716ef46dd20af7c4680c16781d613b00) Importer(815301076,1909f56bfc062723c751e8b465ee728b)
Start importing Assets/Light cookies/PNG (Black background)/magic_05.png using Guid(716ef46dd20af7c4680c16781d613b00) Importer(815301076,1909f56bfc062723c751e8b465ee728b)  -> (artifact id: 'ea32d885026594d57236dc692ed39cba') in 0.019686 seconds
Number of updated asset objects reloaded before import = 0
Number of asset objects unloaded after import = 2
========================================================================
Received Import Request.
  Time since last request: 0.000024 seconds.
  path: Assets/Light cookies/PNG (Black background)/muzzle_02.png
  artifactKey: Guid(f6de27298a3ad004db8908218e9331c2) Importer(815301076,1909f56bfc062723c751e8b465ee728b)
Start importing Assets/Light cookies/PNG (Black background)/muzzle_02.png using Guid(f6de27298a3ad004db8908218e9331c2) Importer(815301076,1909f56bfc062723c751e8b465ee728b)  -> (artifact id: '6c1f050a5174bcbe076c5c2d57b5570b') in 0.020676 seconds
Number of updated asset objects reloaded before import = 0
Number of asset objects unloaded after import = 2
========================================================================
Received Import Request.
  Time since last request: 0.000020 seconds.
  path: Assets/Light cookies/PNG (Black background)/slash_02.png
  artifactKey: Guid(ae1401eea168c1b4faf869229b6356e4) Importer(815301076,1909f56bfc062723c751e8b465ee728b)
Start importing Assets/Light cookies/PNG (Black background)/slash_02.png using Guid(ae1401eea168c1b4faf869229b6356e4) Importer(815301076,1909f56bfc062723c751e8b465ee728b)  -> (artifact id: 'a94a29d0449c4bd5efd4f545c0924c46') in 0.014262 seconds
Number of updated asset objects reloaded before import = 0
Number of asset objects unloaded after import = 2
========================================================================
Received Import Request.
  Time since last request: 0.000017 seconds.
  path: Assets/Light cookies/PNG (Black background)/spark_06.png
  artifactKey: Guid(e3a301c7bd73520479c22d7ec85e36f9) Importer(815301076,1909f56bfc062723c751e8b465ee728b)
Start importing Assets/Light cookies/PNG (Black background)/spark_06.png using Guid(e3a301c7bd73520479c22d7ec85e36f9) Importer(815301076,1909f56bfc062723c751e8b465ee728b)  -> (artifact id: 'b70650d641c2e712485eba03885827a9') in 0.019936 seconds
Number of updated asset objects reloaded before import = 0
Number of asset objects unloaded after import = 2
========================================================================
Received Import Request.
  Time since last request: 0.000022 seconds.
  path: Assets/Light cookies/PNG (Black background)/smoke_09.png
  artifactKey: Guid(4eca3014eb6d89e46a7b9fc1a464e5df) Importer(815301076,1909f56bfc062723c751e8b465ee728b)
Start importing Assets/Light cookies/PNG (Black background)/smoke_09.png using Guid(4eca3014eb6d89e46a7b9fc1a464e5df) Importer(815301076,1909f56bfc062723c751e8b465ee728b)  -> (artifact id: '53e0deb7f8d3b3569d02e937a6f5714a') in 0.018835 seconds
Number of updated asset objects reloaded before import = 0
Number of asset objects unloaded after import = 2
========================================================================
Received Import Request.
  Time since last request: 0.000022 seconds.
  path: Assets/Light cookies/PNG (Black background)/smoke_08.png
  artifactKey: Guid(0bae6100b3ae5e14b9fc91dc29eac58f) Importer(815301076,1909f56bfc062723c751e8b465ee728b)
Start importing Assets/Light cookies/PNG (Black background)/smoke_08.png using Guid(0bae6100b3ae5e14b9fc91dc29eac58f) Importer(815301076,1909f56bfc062723c751e8b465ee728b)  -> (artifact id: '519b914152ebad0c21f879322e94e76c') in 0.019151 seconds
Number of updated asset objects reloaded before import = 0
Number of asset objects unloaded after import = 2
========================================================================
Received Import Request.
  Time since last request: 0.000016 seconds.
  path: Assets/Light cookies/PNG (Black background)/symbol_01.png
  artifactKey: Guid(91ff03a8ffc2ae94b95e79d4093059e0) Importer(815301076,1909f56bfc062723c751e8b465ee728b)
Start importing Assets/Light cookies/PNG (Black background)/symbol_01.png using Guid(91ff03a8ffc2ae94b95e79d4093059e0) Importer(815301076,1909f56bfc062723c751e8b465ee728b)  -> (artifact id: '55a1146456df5a51566616bee592643f') in 0.016882 seconds
Number of updated asset objects reloaded before import = 0
Number of asset objects unloaded after import = 2
========================================================================
Received Import Request.
  Time since last request: 0.000016 seconds.
  path: Assets/Light cookies/PNG (Black background)/muzzle_04.png
  artifactKey: Guid(3431ca6c329e4844aa316f92028dd1ec) Importer(815301076,1909f56bfc062723c751e8b465ee728b)
Start importing Assets/Light cookies/PNG (Black background)/muzzle_04.png using Guid(3431ca6c329e4844aa316f92028dd1ec) Importer(815301076,1909f56bfc062723c751e8b465ee728b)  -> (artifact id: 'ef6110e2943daa44f31ef338c26cbcae') in 0.016544 seconds
Number of updated asset objects reloaded before import = 0
Number of asset objects unloaded after import = 2
========================================================================
Received Import Request.
  Time since last request: 0.000017 seconds.
  path: Assets/Light cookies/PNG (Black background)/spark_02.png
  artifactKey: Guid(4fd9e1688afb13e4aa34ef4dc0f1ff6f) Importer(815301076,1909f56bfc062723c751e8b465ee728b)
Start importing Assets/Light cookies/PNG (Black background)/spark_02.png using Guid(4fd9e1688afb13e4aa34ef4dc0f1ff6f) Importer(815301076,1909f56bfc062723c751e8b465ee728b)  -> (artifact id: 'e6b72b9f7c83a53ce01f9f36d0467516') in 0.019122 seconds
Number of updated asset objects reloaded before import = 0
Number of asset objects unloaded after import = 2
========================================================================
Received Import Request.
  Time since last request: 0.000026 seconds.
  path: Assets/Light cookies/PNG (Black background)/smoke_04.png
  artifactKey: Guid(f19a3d2977b696044ae0e764e3e87b50) Importer(815301076,1909f56bfc062723c751e8b465ee728b)
Start importing Assets/Light cookies/PNG (Black background)/smoke_04.png using Guid(f19a3d2977b696044ae0e764e3e87b50) Importer(815301076,1909f56bfc062723c751e8b465ee728b)  -> (artifact id: '79ac116817d807906368946f462f87ba') in 0.017801 seconds
Number of updated asset objects reloaded before import = 0
Number of asset objects unloaded after import = 2
========================================================================
Received Import Request.
  Time since last request: 0.000035 seconds.
  path: Assets/Light cookies/PNG (Black background)/star_02.png
  artifactKey: Guid(049f02041f082eb41a5b9f562d3df6d4) Importer(815301076,1909f56bfc062723c751e8b465ee728b)
Start importing Assets/Light cookies/PNG (Black background)/star_02.png using Guid(049f02041f082eb41a5b9f562d3df6d4) Importer(815301076,1909f56bfc062723c751e8b465ee728b)  -> (artifact id: '053612f7b2cf041f17d4afa02171b26b') in 0.017639 seconds
Number of updated asset objects reloaded before import = 0
Number of asset objects unloaded after import = 2
========================================================================
Received Import Request.
  Time since last request: 0.000018 seconds.
  path: Assets/Light cookies/PNG (Black background)/smoke_01.png
  artifactKey: Guid(7f8fb45aa455a71438db16e1b73befa0) Importer(815301076,1909f56bfc062723c751e8b465ee728b)
Start importing Assets/Light cookies/PNG (Black background)/smoke_01.png using Guid(7f8fb45aa455a71438db16e1b73befa0) Importer(815301076,1909f56bfc062723c751e8b465ee728b)  -> (artifact id: 'eba2cd5deb3610d3039fde7c6a83c638') in 0.016662 seconds
Number of updated asset objects reloaded before import = 0
Number of asset objects unloaded after import = 2
========================================================================
Received Import Request.
  Time since last request: 0.000018 seconds.
  path: Assets/Light cookies/PNG (Black background)/smoke_07.png
  artifactKey: Guid(ab8fb6c21999f89429482bfd6ed4665a) Importer(815301076,1909f56bfc062723c751e8b465ee728b)
Start importing Assets/Light cookies/PNG (Black background)/smoke_07.png using Guid(ab8fb6c21999f89429482bfd6ed4665a) Importer(815301076,1909f56bfc062723c751e8b465ee728b)  -> (artifact id: '9bc11f7e601cd5aff884a9220c1650fd') in 0.017782 seconds
Number of updated asset objects reloaded before import = 0
Number of asset objects unloaded after import = 2
========================================================================
Received Import Request.
  Time since last request: 0.000020 seconds.
  path: Assets/Light cookies/PNG (Black background)/spark_03.png
  artifactKey: Guid(1bfa95e82d1b66b4781d4c9aa1078047) Importer(815301076,1909f56bfc062723c751e8b465ee728b)
Start importing Assets/Light cookies/PNG (Black background)/spark_03.png using Guid(1bfa95e82d1b66b4781d4c9aa1078047) Importer(815301076,1909f56bfc062723c751e8b465ee728b)  -> (artifact id: '4a31ce2f4af3af62ed6ce2c22de46e15') in 0.019600 seconds
Number of updated asset objects reloaded before import = 0
Number of asset objects unloaded after import = 2
========================================================================
Received Import Request.
  Time since last request: 0.000019 seconds.
  path: Assets/Light cookies/PNG (Black background)/star_06.png
  artifactKey: Guid(e59d0245619e32b4f98dfc3452adbc3f) Importer(815301076,1909f56bfc062723c751e8b465ee728b)
Start importing Assets/Light cookies/PNG (Black background)/star_06.png using Guid(e59d0245619e32b4f98dfc3452adbc3f) Importer(815301076,1909f56bfc062723c751e8b465ee728b)  -> (artifact id: '2443d2c9386c662ee7f8606f40791558') in 0.017329 seconds
Number of updated asset objects reloaded before import = 0
Number of asset objects unloaded after import = 2
========================================================================
Received Import Request.
  Time since last request: 0.000018 seconds.
  path: Assets/Light cookies/PNG (Black background)/star_07.png
  artifactKey: Guid(1209a5fb6a97486498585e7aa129fc89) Importer(815301076,1909f56bfc062723c751e8b465ee728b)
Start importing Assets/Light cookies/PNG (Black background)/star_07.png using Guid(1209a5fb6a97486498585e7aa129fc89) Importer(815301076,1909f56bfc062723c751e8b465ee728b)  -> (artifact id: '2bbe5001d39cfa8449062882b9e7c6e0') in 0.017381 seconds
Number of updated asset objects reloaded before import = 0
Number of asset objects unloaded after import = 2
========================================================================
Received Import Request.
  Time since last request: 0.000015 seconds.
  path: Assets/Light cookies/PNG (Black background)/spark_01.png
  artifactKey: Guid(d8f471648204aca418ef4943ac82f097) Importer(815301076,1909f56bfc062723c751e8b465ee728b)
Start importing Assets/Light cookies/PNG (Black background)/spark_01.png using Guid(d8f471648204aca418ef4943ac82f097) Importer(815301076,1909f56bfc062723c751e8b465ee728b)  -> (artifact id: 'fa30e31f07b85193f004cc6cd982e010') in 0.017454 seconds
Number of updated asset objects reloaded before import = 0
Number of asset objects unloaded after import = 2
========================================================================
Received Import Request.
  Time since last request: 0.000021 seconds.
  path: Assets/Light cookies/PNG (Black background)/star_01.png
  artifactKey: Guid(876dbf8d9fd88a641b8bcf0b53f7d919) Importer(815301076,1909f56bfc062723c751e8b465ee728b)
Start importing Assets/Light cookies/PNG (Black background)/star_01.png using Guid(876dbf8d9fd88a641b8bcf0b53f7d919) Importer(815301076,1909f56bfc062723c751e8b465ee728b)  -> (artifact id: 'e05bda5cb774042a420e295b3de5cbad') in 0.016764 seconds
Number of updated asset objects reloaded before import = 0
Number of asset objects unloaded after import = 2
========================================================================
Received Import Request.
  Time since last request: 0.000023 seconds.
  path: Assets/Light cookies/PNG (Black background)/smoke_02.png
  artifactKey: Guid(99a3d27e69f4ee341aaf1a7e5652d830) Importer(815301076,1909f56bfc062723c751e8b465ee728b)
Start importing Assets/Light cookies/PNG (Black background)/smoke_02.png using Guid(99a3d27e69f4ee341aaf1a7e5652d830) Importer(815301076,1909f56bfc062723c751e8b465ee728b)  -> (artifact id: '29ecddc62d92f5a7f318553d003c70a8') in 0.016347 seconds
Number of updated asset objects reloaded before import = 0
Number of asset objects unloaded after import = 2
========================================================================
Received Import Request.
  Time since last request: 0.000040 seconds.
  path: Assets/Light cookies/PNG (Black background)/smoke_06.png
  artifactKey: Guid(eadc69be2b62894439df95225a391e64) Importer(815301076,1909f56bfc062723c751e8b465ee728b)
Start importing Assets/Light cookies/PNG (Black background)/smoke_06.png using Guid(eadc69be2b62894439df95225a391e64) Importer(815301076,1909f56bfc062723c751e8b465ee728b)  -> (artifact id: '808fd029211c031a94d506d0113d62d5') in 0.018247 seconds
Number of updated asset objects reloaded before import = 0
Number of asset objects unloaded after import = 2
========================================================================
Received Import Request.
  Time since last request: 0.000020 seconds.
  path: Assets/Light cookies/PNG (Black background)/star_03.png
  artifactKey: Guid(a5969e19be0169c4fbeb95d032c56b12) Importer(815301076,1909f56bfc062723c751e8b465ee728b)
Start importing Assets/Light cookies/PNG (Black background)/star_03.png using Guid(a5969e19be0169c4fbeb95d032c56b12) Importer(815301076,1909f56bfc062723c751e8b465ee728b)  -> (artifact id: 'febaad25d4b6bb7835f396eb741c91ca') in 0.019814 seconds
Number of updated asset objects reloaded before import = 0
Number of asset objects unloaded after import = 2
========================================================================
Received Import Request.
  Time since last request: 0.000019 seconds.
  path: Assets/Light cookies/PNG (Black background)/symbol_02.png
  artifactKey: Guid(582b8ce4c6c5e6648843021807d947dc) Importer(815301076,1909f56bfc062723c751e8b465ee728b)
Start importing Assets/Light cookies/PNG (Black background)/symbol_02.png using Guid(582b8ce4c6c5e6648843021807d947dc) Importer(815301076,1909f56bfc062723c751e8b465ee728b)  -> (artifact id: 'd3dc542ca9f930e2bd4fe7f515b56a1f') in 0.019634 seconds
Number of updated asset objects reloaded before import = 0
Number of asset objects unloaded after import = 2
========================================================================
Received Import Request.
  Time since last request: 0.000026 seconds.
  path: Assets/Light cookies/PNG (Black background)/spark_04.png
  artifactKey: Guid(6079b3ca652d9d042ba5e26cea0a7596) Importer(815301076,1909f56bfc062723c751e8b465ee728b)
Start importing Assets/Light cookies/PNG (Black background)/spark_04.png using Guid(6079b3ca652d9d042ba5e26cea0a7596) Importer(815301076,1909f56bfc062723c751e8b465ee728b)  -> (artifact id: '2fd8ce1792297b561ac3613057631fb2') in 0.020069 seconds
Number of updated asset objects reloaded before import = 0
Number of asset objects unloaded after import = 2
========================================================================
Received Import Request.
  Time since last request: 0.000033 seconds.
  path: Assets/Light cookies/PNG (Black background)/magic_03.png
  artifactKey: Guid(a68df74598d0ee448a823e0837e67fb7) Importer(815301076,1909f56bfc062723c751e8b465ee728b)
Start importing Assets/Light cookies/PNG (Black background)/magic_03.png using Guid(a68df74598d0ee448a823e0837e67fb7) Importer(815301076,1909f56bfc062723c751e8b465ee728b)  -> (artifact id: '57dee2dc9f07c9bc47a6aade9752c2a5') in 0.022343 seconds
Number of updated asset objects reloaded before import = 0
Number of asset objects unloaded after import = 2
Editor requested this worker to shutdown with reason: Scaling down because of idle timeout
TcpMessagingSession - receive error: operation aborted. errorcode: 995, details: The I/O operation has been aborted because of either a thread exit or an application request.
AssetImportWorker is now disconnected from the server
Process exiting
Exiting without the bug reporter. Application will terminate with return code 0