Using pre-set license
Built from '2022.3/staging' branch; Version is '2022.3.11f1 (d00248457e15) revision 13632072'; Using compiler version '192829333'; Build Type 'Release'
OS: 'Windows 10  (10.0.19045) 64bit Enterprise' Language: 'en' Physical Memory: 65343 MB
BatchMode: 1, IsHumanControllingUs: 0, StartBugReporterOnCrash: 0, Is64bit: 1, IsPro: 1

COMMAND LINE ARGUMENTS:
C:\Program Files\Unity\Hub\Editor\2022.3.11f1\Editor\Unity.exe
-adb2
-batchMode
-noUpm
-name
AssetImportWorker5
-projectPath
C:/Users/film2/Documents/GitHub/shadow-puppet/ShadowPuppet_Unity
-logFile
Logs/AssetImportWorker5.log
-srvPort
55325
Successfully changed project path to: C:/Users/film2/Documents/GitHub/shadow-puppet/ShadowPuppet_Unity
C:/Users/film2/Documents/GitHub/shadow-puppet/ShadowPuppet_Unity
[UnityMemory] Configuration Parameters - Can be set up in boot.config
    "memorysetup-bucket-allocator-granularity=16"
    "memorysetup-bucket-allocator-bucket-count=8"
    "memorysetup-bucket-allocator-block-size=33554432"
    "memorysetup-bucket-allocator-block-count=8"
    "memorysetup-main-allocator-block-size=16777216"
    "memorysetup-thread-allocator-block-size=16777216"
    "memorysetup-gfx-main-allocator-block-size=16777216"
    "memorysetup-gfx-thread-allocator-block-size=16777216"
    "memorysetup-cache-allocator-block-size=4194304"
    "memorysetup-typetree-allocator-block-size=2097152"
    "memorysetup-profiler-bucket-allocator-granularity=16"
    "memorysetup-profiler-bucket-allocator-bucket-count=8"
    "memorysetup-profiler-bucket-allocator-block-size=33554432"
    "memorysetup-profiler-bucket-allocator-block-count=8"
    "memorysetup-profiler-allocator-block-size=16777216"
    "memorysetup-profiler-editor-allocator-block-size=1048576"
    "memorysetup-temp-allocator-size-main=16777216"
    "memorysetup-job-temp-allocator-block-size=2097152"
    "memorysetup-job-temp-allocator-block-size-background=1048576"
    "memorysetup-job-temp-allocator-reduction-small-platforms=262144"
    "memorysetup-allocator-temp-initial-block-size-main=262144"
    "memorysetup-allocator-temp-initial-block-size-worker=262144"
    "memorysetup-temp-allocator-size-background-worker=32768"
    "memorysetup-temp-allocator-size-job-worker=262144"
    "memorysetup-temp-allocator-size-preload-manager=33554432"
    "memorysetup-temp-allocator-size-nav-mesh-worker=65536"
    "memorysetup-temp-allocator-size-audio-worker=65536"
    "memorysetup-temp-allocator-size-cloud-worker=32768"
    "memorysetup-temp-allocator-size-gi-baking-worker=262144"
    "memorysetup-temp-allocator-size-gfx=262144"
Player connection [21936] Host "[IP] 192.168.2.10 [Port] 0 [Flags] 2 [Guid] 3425597672 [EditorId] 3425597672 [Version] 1048832 [Id] WindowsEditor(7,FA-FB630CINEMA) [Debug] 1 [PackageName] WindowsEditor [ProjectName] Editor" joined multi-casting on [225.0.0.222:54997]...

Player connection [21936] Host "[IP] 192.168.2.10 [Port] 0 [Flags] 2 [Guid] 3425597672 [EditorId] 3425597672 [Version] 1048832 [Id] WindowsEditor(7,FA-FB630CINEMA) [Debug] 1 [PackageName] WindowsEditor [ProjectName] Editor" joined alternative multi-casting on [225.0.0.222:34997]...

[Physics::Module] Initialized MultithreadedJobDispatcher with 11 workers.
Refreshing native plugins compatible for Editor in 15.04 ms, found 3 plugins.
Preloading 0 native plugins for Editor in 0.00 ms.
Initialize engine version: 2022.3.11f1 (d00248457e15)
[Subsystems] Discovering subsystems at path C:/Program Files/Unity/Hub/Editor/2022.3.11f1/Editor/Data/Resources/UnitySubsystems
[Subsystems] Discovering subsystems at path C:/Users/film2/Documents/GitHub/shadow-puppet/ShadowPuppet_Unity/Assets
GfxDevice: creating device client; threaded=0; jobified=0
Direct3D:
    Version:  Direct3D 11.0 [level 11.1]
    Renderer: NVIDIA GeForce GTX 1070 (ID=0x1b81)
    Vendor:   NVIDIA
    VRAM:     8081 MB
    Driver:   31.0.15.3598
Initialize mono
Mono path[0] = 'C:/Program Files/Unity/Hub/Editor/2022.3.11f1/Editor/Data/Managed'
Mono path[1] = 'C:/Program Files/Unity/Hub/Editor/2022.3.11f1/Editor/Data/MonoBleedingEdge/lib/mono/unityjit-win32'
Mono config path = 'C:/Program Files/Unity/Hub/Editor/2022.3.11f1/Editor/Data/MonoBleedingEdge/etc'
Using monoOptions --debugger-agent=transport=dt_socket,embedding=1,server=y,suspend=n,address=127.0.0.1:56952
Begin MonoManager ReloadAssembly
Registering precompiled unity dll's ...
Register platform support module: C:/Program Files/Unity/Hub/Editor/2022.3.11f1/Editor/Data/PlaybackEngines/WindowsStandaloneSupport/UnityEditor.WindowsStandalone.Extensions.dll
Registered in 0.015827 seconds.
- Loaded All Assemblies, in  0.358 seconds
Native extension for WindowsStandalone target not found
Mono: successfully reloaded assembly
- Finished resetting the current domain, in  0.256 seconds
Domain Reload Profiling: 611ms
	BeginReloadAssembly (115ms)
		ExecutionOrderSort (0ms)
		DisableScriptedObjects (0ms)
		BackupInstance (0ms)
		ReleaseScriptingObjects (0ms)
		CreateAndSetChildDomain (1ms)
	RebuildCommonClasses (34ms)
	RebuildNativeTypeToScriptingClass (10ms)
	initialDomainReloadingComplete (68ms)
	LoadAllAssembliesAndSetupDomain (128ms)
		LoadAssemblies (112ms)
		RebuildTransferFunctionScriptingTraits (0ms)
		AnalyzeDomain (126ms)
			TypeCache.Refresh (124ms)
				TypeCache.ScanAssembly (112ms)
			ScanForSourceGeneratedMonoScriptInfo (0ms)
			ResolveRequiredComponents (0ms)
	FinalizeReload (256ms)
		ReleaseScriptCaches (0ms)
		RebuildScriptCaches (0ms)
		SetupLoadedEditorAssemblies (198ms)
			LogAssemblyErrors (0ms)
			InitializePlatformSupportModulesInManaged (10ms)
			SetLoadedEditorAssemblies (8ms)
			RefreshPlugins (0ms)
			BeforeProcessingInitializeOnLoad (2ms)
			ProcessInitializeOnLoadAttributes (122ms)
			ProcessInitializeOnLoadMethodAttributes (56ms)
			AfterProcessingInitializeOnLoad (0ms)
			EditorAssembliesLoaded (0ms)
		ExecutionOrderSort2 (0ms)
		AwakeInstancesAfterBackupRestoration (0ms)
========================================================================
Worker process is ready to serve import requests
Begin MonoManager ReloadAssembly
- Loaded All Assemblies, in  0.636 seconds
Refreshing native plugins compatible for Editor in 4.42 ms, found 3 plugins.
Native extension for WindowsStandalone target not found
Package Manager log level set to [2]
[Package Manager] Server::EnsureServerProcessIsRunning -- launch failed, reason: Unity was launched with the -noUpm command-line argument
[Package Manager] UpmClient::Send -- Unable to send message (not connected to UPM process).
[Package Manager] Cannot connect to Unity Package Manager local server
Mono: successfully reloaded assembly
- Finished resetting the current domain, in  0.696 seconds
Domain Reload Profiling: 1327ms
	BeginReloadAssembly (158ms)
		ExecutionOrderSort (0ms)
		DisableScriptedObjects (5ms)
		BackupInstance (0ms)
		ReleaseScriptingObjects (0ms)
		CreateAndSetChildDomain (20ms)
	RebuildCommonClasses (31ms)
	RebuildNativeTypeToScriptingClass (10ms)
	initialDomainReloadingComplete (45ms)
	LoadAllAssembliesAndSetupDomain (387ms)
		LoadAssemblies (318ms)
		RebuildTransferFunctionScriptingTraits (0ms)
		AnalyzeDomain (168ms)
			TypeCache.Refresh (150ms)
				TypeCache.ScanAssembly (137ms)
			ScanForSourceGeneratedMonoScriptInfo (13ms)
			ResolveRequiredComponents (4ms)
	FinalizeReload (696ms)
		ReleaseScriptCaches (0ms)
		RebuildScriptCaches (0ms)
		SetupLoadedEditorAssemblies (550ms)
			LogAssemblyErrors (0ms)
			InitializePlatformSupportModulesInManaged (7ms)
			SetLoadedEditorAssemblies (5ms)
			RefreshPlugins (0ms)
			BeforeProcessingInitializeOnLoad (66ms)
			ProcessInitializeOnLoadAttributes (441ms)
			ProcessInitializeOnLoadMethodAttributes (20ms)
			AfterProcessingInitializeOnLoad (11ms)
			EditorAssembliesLoaded (0ms)
		ExecutionOrderSort2 (0ms)
		AwakeInstancesAfterBackupRestoration (8ms)
Launched and connected shader compiler UnityShaderCompiler.exe after 0.10 seconds
Refreshing native plugins compatible for Editor in 5.84 ms, found 3 plugins.
Preloading 0 native plugins for Editor in 0.00 ms.
Unloading 3081 Unused Serialized files (Serialized files now loaded: 0)
Unloading 32 unused Assets / (57.0 KB). Loaded Objects now: 3572.
Memory consumption went from 208.5 MB to 208.5 MB.
Total: 3.311200 ms (FindLiveObjects: 0.229200 ms CreateObjectMapping: 0.161000 ms MarkObjects: 2.829400 ms  DeleteObjects: 0.090900 ms)

AssetImportParameters requested are different than current active one (requested -> active):
  custom:scripting/monoscript/fileName/DrawTargetObjectEditor.cs: 13810c1a47d66ffe6f4474935b75b5f9 -> 
  custom:container-demuxer-ogg: 62fdf1f143b41e24485cea50d1cbac27 -> 
  custom:scripting/monoscript/fileName/FPSCheck.cs: 6947aa55da86d49ec540a08bc1d1b875 -> 
  custom:video-decoder-ogg-theora: a1e56fd34408186e4bbccfd4996cb3dc -> 
  custom:scripting/monoscript/fileName/EditorBase.cs: 552ef59d5cd7b2f0045d079c5ac0b9b4 -> 
  custom:scripting/monoscript/fileName/PropertyBlockForTransparentReceiver.cs: 5a7bfb49da44dc02def06955ae12ebc1 -> 
  custom:framework-win-MediaFoundation: 216162199b28c13a410421893ffa2e32 -> 
  custom:scripting/monoscript/fileName/DrawSceneObjectEditor.cs: 4c567054248e89590ea2e79e22ee2a57 -> 
  custom:CustomObjectIndexerAttribute: 756ad292c208cfabdd7b50bc23989ffe -> 
  custom:container-demuxer-webm: 4f35f7cbe854078d1ac9338744f61a02 -> 
  custom:container-muxer-webm: aa71ff27fc2769a1b78a27578f13a17b -> 
  custom:scripting/monoscript/fileName/DrawTargetObject.cs: 78ec86fb61048ae6d6508d66df917e15 -> 
  custom:video-decoder-webm-vp8: 9c59270c3fd7afecdb556c50c9e8de78 -> 
  custom:SearchIndexIgnoredProperties: e643bd26f0fe6173181afceb89e7c659 -> 
  custom:AudioImporter_EditorPlatform: d09bf68614088b80899f8185d706f6e7 -> 
  custom:scripting/monoscript/fileName/ProjectorShaderGUI.cs: 4991104511979a4a3b2746f6c9b7c0e5 -> 
  custom:scripting/monoscript/fileName/MipmappedShadowFallback.cs: cbc6602a0238fe77f8b23e5a261a99e8 -> 
  custom:scripting/monoscript/fileName/PropertyBlockForTransparentReceiverEditor.cs: 4218cb2e3b7e65ec004b84b2af7cac00 -> 
  custom:scripting/monoscript/fileName/MipmappedShadowFallbackEditor.cs: 056a0bff626157005f31c870b98aad20 -> 
  custom:scripting/monoscript/fileName/ShadowTextureRenderer.cs: b5f60a1028508952195ca3003270a702 -> 
  custom:video-encoder-webm-vp8: eb34c28f22e8b96e1ab97ce403110664 -> 
  custom:scripting/monoscript/fileName/ShadowTextureRendererEditor.cs: d29cbba3010dfffdcdabccab09c06450 -> 
  custom:audio-decoder-ogg-vorbis: bf7c407c2cedff20999df2af8eb42d56 -> 
  custom:scripting/monoscript/fileName/Swing.cs: cb799b19510bf912364a5adf732f6823 -> 
  custom:scripting/monoscript/fileName/FollowTargetObject.cs: b299668cd4c4cab2ac6fb33a0c57918c -> 
  custom:scripting/monoscript/fileName/DrawSceneObject.cs: 59301ce27b1db68f3f730fbbeae410a5 -> 
  custom:audio-encoder-webm-vorbis: bf7c407c2cedff20999df2af8eb42d56 -> 
  custom:scripting/monoscript/fileName/Rotate.cs: 5239b204e754707e78ecd7377c452272 -> 
========================================================================
Received Prepare
Begin MonoManager ReloadAssembly
- Loaded All Assemblies, in  0.472 seconds
Refreshing native plugins compatible for Editor in 4.80 ms, found 3 plugins.
Native extension for WindowsStandalone target not found
[Package Manager] Server::EnsureServerProcessIsRunning -- launch failed, reason: Unity was launched with the -noUpm command-line argument
[Package Manager] UpmClient::Send -- Unable to send message (not connected to UPM process).
[Package Manager] Cannot connect to Unity Package Manager local server
Mono: successfully reloaded assembly
- Finished resetting the current domain, in  1.240 seconds
Domain Reload Profiling: 1708ms
	BeginReloadAssembly (157ms)
		ExecutionOrderSort (0ms)
		DisableScriptedObjects (5ms)
		BackupInstance (0ms)
		ReleaseScriptingObjects (0ms)
		CreateAndSetChildDomain (32ms)
	RebuildCommonClasses (32ms)
	RebuildNativeTypeToScriptingClass (11ms)
	initialDomainReloadingComplete (40ms)
	LoadAllAssembliesAndSetupDomain (228ms)
		LoadAssemblies (305ms)
		RebuildTransferFunctionScriptingTraits (0ms)
		AnalyzeDomain (10ms)
			TypeCache.Refresh (5ms)
				TypeCache.ScanAssembly (0ms)
			ScanForSourceGeneratedMonoScriptInfo (0ms)
			ResolveRequiredComponents (4ms)
	FinalizeReload (1241ms)
		ReleaseScriptCaches (0ms)
		RebuildScriptCaches (0ms)
		SetupLoadedEditorAssemblies (610ms)
			LogAssemblyErrors (0ms)
			InitializePlatformSupportModulesInManaged (8ms)
			SetLoadedEditorAssemblies (5ms)
			RefreshPlugins (0ms)
			BeforeProcessingInitializeOnLoad (78ms)
			ProcessInitializeOnLoadAttributes (484ms)
			ProcessInitializeOnLoadMethodAttributes (22ms)
			AfterProcessingInitializeOnLoad (14ms)
			EditorAssembliesLoaded (0ms)
		ExecutionOrderSort2 (0ms)
		AwakeInstancesAfterBackupRestoration (10ms)
Refreshing native plugins compatible for Editor in 5.48 ms, found 3 plugins.
Preloading 0 native plugins for Editor in 0.00 ms.
Unloading 3074 Unused Serialized files (Serialized files now loaded: 0)
Unloading 23 unused Assets / (31.0 KB). Loaded Objects now: 3575.
Memory consumption went from 209.5 MB to 209.5 MB.
Total: 3.005100 ms (FindLiveObjects: 0.240700 ms CreateObjectMapping: 0.224200 ms MarkObjects: 2.494700 ms  DeleteObjects: 0.044700 ms)

Prepare: number of updated asset objects reloaded= 0
AssetImportParameters requested are different than current active one (requested -> active):
  custom:scripting/monoscript/fileName/DrawTargetObjectEditor.cs: 13810c1a47d66ffe6f4474935b75b5f9 -> 
  custom:container-demuxer-ogg: 62fdf1f143b41e24485cea50d1cbac27 -> 
  custom:scripting/monoscript/fileName/FPSCheck.cs: 6947aa55da86d49ec540a08bc1d1b875 -> 
  custom:video-decoder-ogg-theora: a1e56fd34408186e4bbccfd4996cb3dc -> 
  custom:scripting/monoscript/fileName/EditorBase.cs: 552ef59d5cd7b2f0045d079c5ac0b9b4 -> 
  custom:scripting/monoscript/fileName/PropertyBlockForTransparentReceiver.cs: 5a7bfb49da44dc02def06955ae12ebc1 -> 
  custom:framework-win-MediaFoundation: 216162199b28c13a410421893ffa2e32 -> 
  custom:scripting/monoscript/fileName/DrawSceneObjectEditor.cs: 4c567054248e89590ea2e79e22ee2a57 -> 
  custom:CustomObjectIndexerAttribute: 756ad292c208cfabdd7b50bc23989ffe -> 
  custom:container-demuxer-webm: 4f35f7cbe854078d1ac9338744f61a02 -> 
  custom:container-muxer-webm: aa71ff27fc2769a1b78a27578f13a17b -> 
  custom:scripting/monoscript/fileName/DrawTargetObject.cs: 78ec86fb61048ae6d6508d66df917e15 -> 
  custom:video-decoder-webm-vp8: 9c59270c3fd7afecdb556c50c9e8de78 -> 
  custom:SearchIndexIgnoredProperties: e643bd26f0fe6173181afceb89e7c659 -> 
  custom:AudioImporter_EditorPlatform: d09bf68614088b80899f8185d706f6e7 -> 
  custom:scripting/monoscript/fileName/ProjectorShaderGUI.cs: 4991104511979a4a3b2746f6c9b7c0e5 -> 
  custom:scripting/monoscript/fileName/MipmappedShadowFallback.cs: cbc6602a0238fe77f8b23e5a261a99e8 -> 
  custom:scripting/monoscript/fileName/PropertyBlockForTransparentReceiverEditor.cs: 4218cb2e3b7e65ec004b84b2af7cac00 -> 
  custom:scripting/monoscript/fileName/MipmappedShadowFallbackEditor.cs: 056a0bff626157005f31c870b98aad20 -> 
  custom:scripting/monoscript/fileName/ShadowTextureRenderer.cs: b5f60a1028508952195ca3003270a702 -> 
  custom:video-encoder-webm-vp8: eb34c28f22e8b96e1ab97ce403110664 -> 
  custom:scripting/monoscript/fileName/ShadowTextureRendererEditor.cs: d29cbba3010dfffdcdabccab09c06450 -> 
  custom:audio-decoder-ogg-vorbis: bf7c407c2cedff20999df2af8eb42d56 -> 
  custom:scripting/monoscript/fileName/Swing.cs: cb799b19510bf912364a5adf732f6823 -> 
  custom:scripting/monoscript/fileName/FollowTargetObject.cs: b299668cd4c4cab2ac6fb33a0c57918c -> 
  custom:scripting/monoscript/fileName/DrawSceneObject.cs: 59301ce27b1db68f3f730fbbeae410a5 -> 
  custom:audio-encoder-webm-vorbis: bf7c407c2cedff20999df2af8eb42d56 -> 
  custom:scripting/monoscript/fileName/Rotate.cs: 5239b204e754707e78ecd7377c452272 -> 
========================================================================
Received Prepare
Begin MonoManager ReloadAssembly
- Loaded All Assemblies, in  0.482 seconds
Refreshing native plugins compatible for Editor in 4.49 ms, found 3 plugins.
Native extension for WindowsStandalone target not found
[Package Manager] Server::EnsureServerProcessIsRunning -- launch failed, reason: Unity was launched with the -noUpm command-line argument
[Package Manager] UpmClient::Send -- Unable to send message (not connected to UPM process).
[Package Manager] Cannot connect to Unity Package Manager local server
Mono: successfully reloaded assembly
- Finished resetting the current domain, in  1.230 seconds
Domain Reload Profiling: 1707ms
	BeginReloadAssembly (173ms)
		ExecutionOrderSort (0ms)
		DisableScriptedObjects (5ms)
		BackupInstance (0ms)
		ReleaseScriptingObjects (0ms)
		CreateAndSetChildDomain (35ms)
	RebuildCommonClasses (35ms)
	RebuildNativeTypeToScriptingClass (11ms)
	initialDomainReloadingComplete (34ms)
	LoadAllAssembliesAndSetupDomain (224ms)
		LoadAssemblies (315ms)
		RebuildTransferFunctionScriptingTraits (0ms)
		AnalyzeDomain (10ms)
			TypeCache.Refresh (5ms)
				TypeCache.ScanAssembly (0ms)
			ScanForSourceGeneratedMonoScriptInfo (0ms)
			ResolveRequiredComponents (4ms)
	FinalizeReload (1231ms)
		ReleaseScriptCaches (0ms)
		RebuildScriptCaches (0ms)
		SetupLoadedEditorAssemblies (602ms)
			LogAssemblyErrors (0ms)
			InitializePlatformSupportModulesInManaged (8ms)
			SetLoadedEditorAssemblies (6ms)
			RefreshPlugins (0ms)
			BeforeProcessingInitializeOnLoad (76ms)
			ProcessInitializeOnLoadAttributes (477ms)
			ProcessInitializeOnLoadMethodAttributes (20ms)
			AfterProcessingInitializeOnLoad (14ms)
			EditorAssembliesLoaded (0ms)
		ExecutionOrderSort2 (0ms)
		AwakeInstancesAfterBackupRestoration (9ms)
Refreshing native plugins compatible for Editor in 5.55 ms, found 3 plugins.
Preloading 0 native plugins for Editor in 0.00 ms.
Unloading 3074 Unused Serialized files (Serialized files now loaded: 0)
Unloading 23 unused Assets / (31.0 KB). Loaded Objects now: 3578.
Memory consumption went from 211.5 MB to 211.4 MB.
Total: 3.379100 ms (FindLiveObjects: 0.251800 ms CreateObjectMapping: 0.235900 ms MarkObjects: 2.847800 ms  DeleteObjects: 0.042900 ms)

Prepare: number of updated asset objects reloaded= 0
AssetImportParameters requested are different than current active one (requested -> active):
  custom:scripting/monoscript/fileName/DrawTargetObjectEditor.cs: 13810c1a47d66ffe6f4474935b75b5f9 -> 
  custom:container-demuxer-ogg: 62fdf1f143b41e24485cea50d1cbac27 -> 
  custom:scripting/monoscript/fileName/FPSCheck.cs: 6947aa55da86d49ec540a08bc1d1b875 -> 
  custom:video-decoder-ogg-theora: a1e56fd34408186e4bbccfd4996cb3dc -> 
  custom:scripting/monoscript/fileName/EditorBase.cs: 552ef59d5cd7b2f0045d079c5ac0b9b4 -> 
  custom:scripting/monoscript/fileName/PropertyBlockForTransparentReceiver.cs: 5a7bfb49da44dc02def06955ae12ebc1 -> 
  custom:framework-win-MediaFoundation: 216162199b28c13a410421893ffa2e32 -> 
  custom:scripting/monoscript/fileName/DrawSceneObjectEditor.cs: 4c567054248e89590ea2e79e22ee2a57 -> 
  custom:CustomObjectIndexerAttribute: 756ad292c208cfabdd7b50bc23989ffe -> 
  custom:container-demuxer-webm: 4f35f7cbe854078d1ac9338744f61a02 -> 
  custom:container-muxer-webm: aa71ff27fc2769a1b78a27578f13a17b -> 
  custom:scripting/monoscript/fileName/DrawTargetObject.cs: 78ec86fb61048ae6d6508d66df917e15 -> 
  custom:video-decoder-webm-vp8: 9c59270c3fd7afecdb556c50c9e8de78 -> 
  custom:SearchIndexIgnoredProperties: e643bd26f0fe6173181afceb89e7c659 -> 
  custom:AudioImporter_EditorPlatform: d09bf68614088b80899f8185d706f6e7 -> 
  custom:scripting/monoscript/fileName/ProjectorShaderGUI.cs: 4991104511979a4a3b2746f6c9b7c0e5 -> 
  custom:scripting/monoscript/fileName/MipmappedShadowFallback.cs: cbc6602a0238fe77f8b23e5a261a99e8 -> 
  custom:scripting/monoscript/fileName/PropertyBlockForTransparentReceiverEditor.cs: 4218cb2e3b7e65ec004b84b2af7cac00 -> 
  custom:scripting/monoscript/fileName/MipmappedShadowFallbackEditor.cs: 056a0bff626157005f31c870b98aad20 -> 
  custom:scripting/monoscript/fileName/ShadowTextureRenderer.cs: b5f60a1028508952195ca3003270a702 -> 
  custom:video-encoder-webm-vp8: eb34c28f22e8b96e1ab97ce403110664 -> 
  custom:scripting/monoscript/fileName/ShadowTextureRendererEditor.cs: d29cbba3010dfffdcdabccab09c06450 -> 
  custom:audio-decoder-ogg-vorbis: bf7c407c2cedff20999df2af8eb42d56 -> 
  custom:scripting/monoscript/fileName/Swing.cs: cb799b19510bf912364a5adf732f6823 -> 
  custom:scripting/monoscript/fileName/FollowTargetObject.cs: b299668cd4c4cab2ac6fb33a0c57918c -> 
  custom:scripting/monoscript/fileName/DrawSceneObject.cs: 59301ce27b1db68f3f730fbbeae410a5 -> 
  custom:audio-encoder-webm-vorbis: bf7c407c2cedff20999df2af8eb42d56 -> 
  custom:scripting/monoscript/fileName/Rotate.cs: 5239b204e754707e78ecd7377c452272 -> 
========================================================================
Received Prepare
Begin MonoManager ReloadAssembly
- Loaded All Assemblies, in  0.469 seconds
Refreshing native plugins compatible for Editor in 6.37 ms, found 3 plugins.
Native extension for WindowsStandalone target not found
[Package Manager] Server::EnsureServerProcessIsRunning -- launch failed, reason: Unity was launched with the -noUpm command-line argument
[Package Manager] UpmClient::Send -- Unable to send message (not connected to UPM process).
[Package Manager] Cannot connect to Unity Package Manager local server
Mono: successfully reloaded assembly
- Finished resetting the current domain, in  1.190 seconds
Domain Reload Profiling: 1653ms
	BeginReloadAssembly (168ms)
		ExecutionOrderSort (0ms)
		DisableScriptedObjects (6ms)
		BackupInstance (0ms)
		ReleaseScriptingObjects (0ms)
		CreateAndSetChildDomain (33ms)
	RebuildCommonClasses (35ms)
	RebuildNativeTypeToScriptingClass (11ms)
	initialDomainReloadingComplete (36ms)
	LoadAllAssembliesAndSetupDomain (214ms)
		LoadAssemblies (295ms)
		RebuildTransferFunctionScriptingTraits (0ms)
		AnalyzeDomain (10ms)
			TypeCache.Refresh (4ms)
				TypeCache.ScanAssembly (0ms)
			ScanForSourceGeneratedMonoScriptInfo (0ms)
			ResolveRequiredComponents (4ms)
	FinalizeReload (1190ms)
		ReleaseScriptCaches (0ms)
		RebuildScriptCaches (0ms)
		SetupLoadedEditorAssemblies (604ms)
			LogAssemblyErrors (0ms)
			InitializePlatformSupportModulesInManaged (9ms)
			SetLoadedEditorAssemblies (5ms)
			RefreshPlugins (0ms)
			BeforeProcessingInitializeOnLoad (71ms)
			ProcessInitializeOnLoadAttributes (484ms)
			ProcessInitializeOnLoadMethodAttributes (21ms)
			AfterProcessingInitializeOnLoad (13ms)
			EditorAssembliesLoaded (0ms)
		ExecutionOrderSort2 (0ms)
		AwakeInstancesAfterBackupRestoration (9ms)
Refreshing native plugins compatible for Editor in 4.76 ms, found 3 plugins.
Preloading 0 native plugins for Editor in 0.00 ms.
Unloading 3074 Unused Serialized files (Serialized files now loaded: 0)
Unloading 23 unused Assets / (31.0 KB). Loaded Objects now: 3581.
Memory consumption went from 213.4 MB to 213.4 MB.
Total: 3.155400 ms (FindLiveObjects: 0.247500 ms CreateObjectMapping: 0.212700 ms MarkObjects: 2.652000 ms  DeleteObjects: 0.042500 ms)

Prepare: number of updated asset objects reloaded= 0
AssetImportParameters requested are different than current active one (requested -> active):
  custom:scripting/monoscript/fileName/DrawTargetObjectEditor.cs: 13810c1a47d66ffe6f4474935b75b5f9 -> 
  custom:container-demuxer-ogg: 62fdf1f143b41e24485cea50d1cbac27 -> 
  custom:scripting/monoscript/fileName/FPSCheck.cs: 6947aa55da86d49ec540a08bc1d1b875 -> 
  custom:video-decoder-ogg-theora: a1e56fd34408186e4bbccfd4996cb3dc -> 
  custom:scripting/monoscript/fileName/EditorBase.cs: 552ef59d5cd7b2f0045d079c5ac0b9b4 -> 
  custom:scripting/monoscript/fileName/PropertyBlockForTransparentReceiver.cs: 5a7bfb49da44dc02def06955ae12ebc1 -> 
  custom:framework-win-MediaFoundation: 216162199b28c13a410421893ffa2e32 -> 
  custom:scripting/monoscript/fileName/DrawSceneObjectEditor.cs: 4c567054248e89590ea2e79e22ee2a57 -> 
  custom:CustomObjectIndexerAttribute: 756ad292c208cfabdd7b50bc23989ffe -> 
  custom:container-demuxer-webm: 4f35f7cbe854078d1ac9338744f61a02 -> 
  custom:container-muxer-webm: aa71ff27fc2769a1b78a27578f13a17b -> 
  custom:scripting/monoscript/fileName/DrawTargetObject.cs: 78ec86fb61048ae6d6508d66df917e15 -> 
  custom:video-decoder-webm-vp8: 9c59270c3fd7afecdb556c50c9e8de78 -> 
  custom:SearchIndexIgnoredProperties: e643bd26f0fe6173181afceb89e7c659 -> 
  custom:AudioImporter_EditorPlatform: d09bf68614088b80899f8185d706f6e7 -> 
  custom:scripting/monoscript/fileName/ProjectorShaderGUI.cs: 4991104511979a4a3b2746f6c9b7c0e5 -> 
  custom:scripting/monoscript/fileName/MipmappedShadowFallback.cs: cbc6602a0238fe77f8b23e5a261a99e8 -> 
  custom:scripting/monoscript/fileName/PropertyBlockForTransparentReceiverEditor.cs: 4218cb2e3b7e65ec004b84b2af7cac00 -> 
  custom:scripting/monoscript/fileName/MipmappedShadowFallbackEditor.cs: 056a0bff626157005f31c870b98aad20 -> 
  custom:scripting/monoscript/fileName/ShadowTextureRenderer.cs: b5f60a1028508952195ca3003270a702 -> 
  custom:video-encoder-webm-vp8: eb34c28f22e8b96e1ab97ce403110664 -> 
  custom:scripting/monoscript/fileName/ShadowTextureRendererEditor.cs: d29cbba3010dfffdcdabccab09c06450 -> 
  custom:audio-decoder-ogg-vorbis: bf7c407c2cedff20999df2af8eb42d56 -> 
  custom:scripting/monoscript/fileName/Swing.cs: cb799b19510bf912364a5adf732f6823 -> 
  custom:scripting/monoscript/fileName/FollowTargetObject.cs: b299668cd4c4cab2ac6fb33a0c57918c -> 
  custom:scripting/monoscript/fileName/DrawSceneObject.cs: 59301ce27b1db68f3f730fbbeae410a5 -> 
  custom:audio-encoder-webm-vorbis: bf7c407c2cedff20999df2af8eb42d56 -> 
  custom:scripting/monoscript/fileName/Rotate.cs: 5239b204e754707e78ecd7377c452272 -> 
========================================================================
Received Prepare
Begin MonoManager ReloadAssembly
- Loaded All Assemblies, in  0.476 seconds
Refreshing native plugins compatible for Editor in 4.65 ms, found 3 plugins.
Native extension for WindowsStandalone target not found
[Package Manager] Server::EnsureServerProcessIsRunning -- launch failed, reason: Unity was launched with the -noUpm command-line argument
[Package Manager] UpmClient::Send -- Unable to send message (not connected to UPM process).
[Package Manager] Cannot connect to Unity Package Manager local server
Mono: successfully reloaded assembly
- Finished resetting the current domain, in  1.202 seconds
Domain Reload Profiling: 1673ms
	BeginReloadAssembly (170ms)
		ExecutionOrderSort (0ms)
		DisableScriptedObjects (5ms)
		BackupInstance (0ms)
		ReleaseScriptingObjects (0ms)
		CreateAndSetChildDomain (35ms)
	RebuildCommonClasses (37ms)
	RebuildNativeTypeToScriptingClass (11ms)
	initialDomainReloadingComplete (33ms)
	LoadAllAssembliesAndSetupDomain (220ms)
		LoadAssemblies (304ms)
		RebuildTransferFunctionScriptingTraits (0ms)
		AnalyzeDomain (12ms)
			TypeCache.Refresh (6ms)
				TypeCache.ScanAssembly (0ms)
			ScanForSourceGeneratedMonoScriptInfo (0ms)
			ResolveRequiredComponents (4ms)
	FinalizeReload (1202ms)
		ReleaseScriptCaches (0ms)
		RebuildScriptCaches (0ms)
		SetupLoadedEditorAssemblies (602ms)
			LogAssemblyErrors (0ms)
			InitializePlatformSupportModulesInManaged (9ms)
			SetLoadedEditorAssemblies (6ms)
			RefreshPlugins (0ms)
			BeforeProcessingInitializeOnLoad (76ms)
			ProcessInitializeOnLoadAttributes (477ms)
			ProcessInitializeOnLoadMethodAttributes (20ms)
			AfterProcessingInitializeOnLoad (14ms)
			EditorAssembliesLoaded (0ms)
		ExecutionOrderSort2 (0ms)
		AwakeInstancesAfterBackupRestoration (9ms)
Refreshing native plugins compatible for Editor in 4.95 ms, found 3 plugins.
Preloading 0 native plugins for Editor in 0.00 ms.
Unloading 3074 Unused Serialized files (Serialized files now loaded: 0)
Unloading 23 unused Assets / (31.0 KB). Loaded Objects now: 3584.
Memory consumption went from 215.3 MB to 215.3 MB.
Total: 3.434300 ms (FindLiveObjects: 0.258100 ms CreateObjectMapping: 0.238600 ms MarkObjects: 2.866700 ms  DeleteObjects: 0.069900 ms)

Prepare: number of updated asset objects reloaded= 0
AssetImportParameters requested are different than current active one (requested -> active):
  custom:scripting/monoscript/fileName/DrawTargetObjectEditor.cs: 13810c1a47d66ffe6f4474935b75b5f9 -> 
  custom:container-demuxer-ogg: 62fdf1f143b41e24485cea50d1cbac27 -> 
  custom:scripting/monoscript/fileName/FPSCheck.cs: 6947aa55da86d49ec540a08bc1d1b875 -> 
  custom:video-decoder-ogg-theora: a1e56fd34408186e4bbccfd4996cb3dc -> 
  custom:scripting/monoscript/fileName/EditorBase.cs: 552ef59d5cd7b2f0045d079c5ac0b9b4 -> 
  custom:scripting/monoscript/fileName/PropertyBlockForTransparentReceiver.cs: 5a7bfb49da44dc02def06955ae12ebc1 -> 
  custom:framework-win-MediaFoundation: 216162199b28c13a410421893ffa2e32 -> 
  custom:scripting/monoscript/fileName/DrawSceneObjectEditor.cs: 4c567054248e89590ea2e79e22ee2a57 -> 
  custom:CustomObjectIndexerAttribute: 756ad292c208cfabdd7b50bc23989ffe -> 
  custom:container-demuxer-webm: 4f35f7cbe854078d1ac9338744f61a02 -> 
  custom:container-muxer-webm: aa71ff27fc2769a1b78a27578f13a17b -> 
  custom:scripting/monoscript/fileName/DrawTargetObject.cs: 78ec86fb61048ae6d6508d66df917e15 -> 
  custom:video-decoder-webm-vp8: 9c59270c3fd7afecdb556c50c9e8de78 -> 
  custom:SearchIndexIgnoredProperties: e643bd26f0fe6173181afceb89e7c659 -> 
  custom:AudioImporter_EditorPlatform: d09bf68614088b80899f8185d706f6e7 -> 
  custom:scripting/monoscript/fileName/ProjectorShaderGUI.cs: 4991104511979a4a3b2746f6c9b7c0e5 -> 
  custom:scripting/monoscript/fileName/MipmappedShadowFallback.cs: cbc6602a0238fe77f8b23e5a261a99e8 -> 
  custom:scripting/monoscript/fileName/PropertyBlockForTransparentReceiverEditor.cs: 4218cb2e3b7e65ec004b84b2af7cac00 -> 
  custom:scripting/monoscript/fileName/MipmappedShadowFallbackEditor.cs: 056a0bff626157005f31c870b98aad20 -> 
  custom:scripting/monoscript/fileName/ShadowTextureRenderer.cs: b5f60a1028508952195ca3003270a702 -> 
  custom:video-encoder-webm-vp8: eb34c28f22e8b96e1ab97ce403110664 -> 
  custom:scripting/monoscript/fileName/ShadowTextureRendererEditor.cs: d29cbba3010dfffdcdabccab09c06450 -> 
  custom:audio-decoder-ogg-vorbis: bf7c407c2cedff20999df2af8eb42d56 -> 
  custom:scripting/monoscript/fileName/Swing.cs: cb799b19510bf912364a5adf732f6823 -> 
  custom:scripting/monoscript/fileName/FollowTargetObject.cs: b299668cd4c4cab2ac6fb33a0c57918c -> 
  custom:scripting/monoscript/fileName/DrawSceneObject.cs: 59301ce27b1db68f3f730fbbeae410a5 -> 
  custom:audio-encoder-webm-vorbis: bf7c407c2cedff20999df2af8eb42d56 -> 
  custom:scripting/monoscript/fileName/Rotate.cs: 5239b204e754707e78ecd7377c452272 -> 
========================================================================
Received Prepare
Begin MonoManager ReloadAssembly
- Loaded All Assemblies, in  0.486 seconds
Refreshing native plugins compatible for Editor in 4.83 ms, found 3 plugins.
Native extension for WindowsStandalone target not found
[Package Manager] Server::EnsureServerProcessIsRunning -- launch failed, reason: Unity was launched with the -noUpm command-line argument
[Package Manager] UpmClient::Send -- Unable to send message (not connected to UPM process).
[Package Manager] Cannot connect to Unity Package Manager local server
Mono: successfully reloaded assembly
- Finished resetting the current domain, in  1.214 seconds
Domain Reload Profiling: 1695ms
	BeginReloadAssembly (175ms)
		ExecutionOrderSort (0ms)
		DisableScriptedObjects (6ms)
		BackupInstance (0ms)
		ReleaseScriptingObjects (0ms)
		CreateAndSetChildDomain (36ms)
	RebuildCommonClasses (38ms)
	RebuildNativeTypeToScriptingClass (16ms)
	initialDomainReloadingComplete (32ms)
	LoadAllAssembliesAndSetupDomain (219ms)
		LoadAssemblies (306ms)
		RebuildTransferFunctionScriptingTraits (0ms)
		AnalyzeDomain (10ms)
			TypeCache.Refresh (5ms)
				TypeCache.ScanAssembly (0ms)
			ScanForSourceGeneratedMonoScriptInfo (0ms)
			ResolveRequiredComponents (4ms)
	FinalizeReload (1215ms)
		ReleaseScriptCaches (0ms)
		RebuildScriptCaches (0ms)
		SetupLoadedEditorAssemblies (604ms)
			LogAssemblyErrors (0ms)
			InitializePlatformSupportModulesInManaged (8ms)
			SetLoadedEditorAssemblies (5ms)
			RefreshPlugins (0ms)
			BeforeProcessingInitializeOnLoad (75ms)
			ProcessInitializeOnLoadAttributes (480ms)
			ProcessInitializeOnLoadMethodAttributes (23ms)
			AfterProcessingInitializeOnLoad (13ms)
			EditorAssembliesLoaded (0ms)
		ExecutionOrderSort2 (0ms)
		AwakeInstancesAfterBackupRestoration (9ms)
Refreshing native plugins compatible for Editor in 4.65 ms, found 3 plugins.
Preloading 0 native plugins for Editor in 0.00 ms.
Unloading 3074 Unused Serialized files (Serialized files now loaded: 0)
Unloading 23 unused Assets / (31.0 KB). Loaded Objects now: 3587.
Memory consumption went from 217.3 MB to 217.2 MB.
Total: 3.238600 ms (FindLiveObjects: 0.249900 ms CreateObjectMapping: 0.180800 ms MarkObjects: 2.764500 ms  DeleteObjects: 0.042300 ms)

Prepare: number of updated asset objects reloaded= 0
AssetImportParameters requested are different than current active one (requested -> active):
  custom:scripting/monoscript/fileName/DrawTargetObjectEditor.cs: 13810c1a47d66ffe6f4474935b75b5f9 -> 
  custom:container-demuxer-ogg: 62fdf1f143b41e24485cea50d1cbac27 -> 
  custom:scripting/monoscript/fileName/FPSCheck.cs: 6947aa55da86d49ec540a08bc1d1b875 -> 
  custom:video-decoder-ogg-theora: a1e56fd34408186e4bbccfd4996cb3dc -> 
  custom:scripting/monoscript/fileName/EditorBase.cs: 552ef59d5cd7b2f0045d079c5ac0b9b4 -> 
  custom:scripting/monoscript/fileName/PropertyBlockForTransparentReceiver.cs: 5a7bfb49da44dc02def06955ae12ebc1 -> 
  custom:framework-win-MediaFoundation: 216162199b28c13a410421893ffa2e32 -> 
  custom:scripting/monoscript/fileName/DrawSceneObjectEditor.cs: 4c567054248e89590ea2e79e22ee2a57 -> 
  custom:CustomObjectIndexerAttribute: 756ad292c208cfabdd7b50bc23989ffe -> 
  custom:container-demuxer-webm: 4f35f7cbe854078d1ac9338744f61a02 -> 
  custom:container-muxer-webm: aa71ff27fc2769a1b78a27578f13a17b -> 
  custom:scripting/monoscript/fileName/DrawTargetObject.cs: 78ec86fb61048ae6d6508d66df917e15 -> 
  custom:video-decoder-webm-vp8: 9c59270c3fd7afecdb556c50c9e8de78 -> 
  custom:SearchIndexIgnoredProperties: e643bd26f0fe6173181afceb89e7c659 -> 
  custom:AudioImporter_EditorPlatform: d09bf68614088b80899f8185d706f6e7 -> 
  custom:scripting/monoscript/fileName/ProjectorShaderGUI.cs: 4991104511979a4a3b2746f6c9b7c0e5 -> 
  custom:scripting/monoscript/fileName/MipmappedShadowFallback.cs: cbc6602a0238fe77f8b23e5a261a99e8 -> 
  custom:scripting/monoscript/fileName/PropertyBlockForTransparentReceiverEditor.cs: 4218cb2e3b7e65ec004b84b2af7cac00 -> 
  custom:scripting/monoscript/fileName/MipmappedShadowFallbackEditor.cs: 056a0bff626157005f31c870b98aad20 -> 
  custom:scripting/monoscript/fileName/ShadowTextureRenderer.cs: b5f60a1028508952195ca3003270a702 -> 
  custom:video-encoder-webm-vp8: eb34c28f22e8b96e1ab97ce403110664 -> 
  custom:scripting/monoscript/fileName/ShadowTextureRendererEditor.cs: d29cbba3010dfffdcdabccab09c06450 -> 
  custom:audio-decoder-ogg-vorbis: bf7c407c2cedff20999df2af8eb42d56 -> 
  custom:scripting/monoscript/fileName/Swing.cs: cb799b19510bf912364a5adf732f6823 -> 
  custom:scripting/monoscript/fileName/FollowTargetObject.cs: b299668cd4c4cab2ac6fb33a0c57918c -> 
  custom:scripting/monoscript/fileName/DrawSceneObject.cs: 59301ce27b1db68f3f730fbbeae410a5 -> 
  custom:audio-encoder-webm-vorbis: bf7c407c2cedff20999df2af8eb42d56 -> 
  custom:scripting/monoscript/fileName/Rotate.cs: 5239b204e754707e78ecd7377c452272 -> 
========================================================================
Received Import Request.
  Time since last request: 230902.333966 seconds.
  path: Assets/Light cookies/PNG (Black background)/Rotated/flame_06_rotated.png
  artifactKey: Guid(f1614889eca97434e8e7626e430c9c2b) Importer(815301076,1909f56bfc062723c751e8b465ee728b)
Start importing Assets/Light cookies/PNG (Black background)/Rotated/flame_06_rotated.png using Guid(f1614889eca97434e8e7626e430c9c2b) Importer(815301076,1909f56bfc062723c751e8b465ee728b)  -> (artifact id: '7a75bebf434ad1f912959e96177ff01c') in 0.052223 seconds
Number of updated asset objects reloaded before import = 0
Number of asset objects unloaded after import = 2
========================================================================
Received Import Request.
  Time since last request: 0.191755 seconds.
  path: Assets/Light cookies/PNG (Black background)/Rotated/muzzle_03_rotated.png
  artifactKey: Guid(da515d2d63583c141b95b5f2e092037c) Importer(815301076,1909f56bfc062723c751e8b465ee728b)
Start importing Assets/Light cookies/PNG (Black background)/Rotated/muzzle_03_rotated.png using Guid(da515d2d63583c141b95b5f2e092037c) Importer(815301076,1909f56bfc062723c751e8b465ee728b)  -> (artifact id: '4eb75f372eb13b5003b3a96e50e1e96b') in 0.015744 seconds
Number of updated asset objects reloaded before import = 0
Number of asset objects unloaded after import = 2
========================================================================
Received Import Request.
  Time since last request: 0.218334 seconds.
  path: Assets/Light cookies/PNG (Black background)/Rotated/spark_05_rotated.png
  artifactKey: Guid(6ecc402507f47774ea855fffd0a7dd33) Importer(815301076,1909f56bfc062723c751e8b465ee728b)
Start importing Assets/Light cookies/PNG (Black background)/Rotated/spark_05_rotated.png using Guid(6ecc402507f47774ea855fffd0a7dd33) Importer(815301076,1909f56bfc062723c751e8b465ee728b)  -> (artifact id: 'ec2c7081b89cc31822e2fbc272456920') in 0.017422 seconds
Number of updated asset objects reloaded before import = 0
Number of asset objects unloaded after import = 2
========================================================================
Received Import Request.
  Time since last request: 0.000015 seconds.
  path: Assets/Light cookies/PNG (Black background)/Rotated/trace_06_rotated.png
  artifactKey: Guid(901c746d8100bb343bfc06fcca9d8a2e) Importer(815301076,1909f56bfc062723c751e8b465ee728b)
Start importing Assets/Light cookies/PNG (Black background)/Rotated/trace_06_rotated.png using Guid(901c746d8100bb343bfc06fcca9d8a2e) Importer(815301076,1909f56bfc062723c751e8b465ee728b)  -> (artifact id: '827f19addc411e29fe8f41b65633592f') in 0.018070 seconds
Number of updated asset objects reloaded before import = 0
Number of asset objects unloaded after import = 2
========================================================================
Received Import Request.
  Time since last request: 0.000017 seconds.
  path: Assets/Light cookies/PNG (Black background)/Rotated/trace_04_rotated.png
  artifactKey: Guid(e6c6d6d9b22642e4d9e4035c56a8a6ec) Importer(815301076,1909f56bfc062723c751e8b465ee728b)
Start importing Assets/Light cookies/PNG (Black background)/Rotated/trace_04_rotated.png using Guid(e6c6d6d9b22642e4d9e4035c56a8a6ec) Importer(815301076,1909f56bfc062723c751e8b465ee728b)  -> (artifact id: '31be6d18346a38fc4b168bfad2c59b11') in 0.016788 seconds
Number of updated asset objects reloaded before import = 0
Number of asset objects unloaded after import = 2
========================================================================
Received Import Request.
  Time since last request: 0.000014 seconds.
  path: Assets/Light cookies/PNG (Black background)/Rotated/trace_02_rotated.png
  artifactKey: Guid(1bd525505b6b05142b846783571e9482) Importer(815301076,1909f56bfc062723c751e8b465ee728b)
Start importing Assets/Light cookies/PNG (Black background)/Rotated/trace_02_rotated.png using Guid(1bd525505b6b05142b846783571e9482) Importer(815301076,1909f56bfc062723c751e8b465ee728b)  -> (artifact id: '73c2147cc9feb8dc5a025ce402b95115') in 0.020585 seconds
Number of updated asset objects reloaded before import = 0
Number of asset objects unloaded after import = 2
========================================================================
Received Import Request.
  Time since last request: 0.000017 seconds.
  path: Assets/Light cookies/PNG (Black background)/Rotated/trace_05_rotated.png
  artifactKey: Guid(52a4bfe090eba024aaf594cb0ca4cea1) Importer(815301076,1909f56bfc062723c751e8b465ee728b)
Start importing Assets/Light cookies/PNG (Black background)/Rotated/trace_05_rotated.png using Guid(52a4bfe090eba024aaf594cb0ca4cea1) Importer(815301076,1909f56bfc062723c751e8b465ee728b)  -> (artifact id: 'ceb942000b41966544dcd592a395543c') in 0.020837 seconds
Number of updated asset objects reloaded before import = 0
Number of asset objects unloaded after import = 2
========================================================================
Received Import Request.
  Time since last request: 0.000014 seconds.
  path: Assets/Light cookies/PNG (Black background)/Rotated/muzzle_02_rotated.png
  artifactKey: Guid(025ceefa12f716548bebbbb074e113be) Importer(815301076,1909f56bfc062723c751e8b465ee728b)
Start importing Assets/Light cookies/PNG (Black background)/Rotated/muzzle_02_rotated.png using Guid(025ceefa12f716548bebbbb074e113be) Importer(815301076,1909f56bfc062723c751e8b465ee728b)  -> (artifact id: '883b099812c34e1e395662ac84ed1df8') in 0.017401 seconds
Number of updated asset objects reloaded before import = 0
Number of asset objects unloaded after import = 2
========================================================================
Received Prepare
Begin MonoManager ReloadAssembly
- Loaded All Assemblies, in  0.487 seconds
Refreshing native plugins compatible for Editor in 4.50 ms, found 3 plugins.
Native extension for WindowsStandalone target not found
[Package Manager] Server::EnsureServerProcessIsRunning -- launch failed, reason: Unity was launched with the -noUpm command-line argument
[Package Manager] UpmClient::Send -- Unable to send message (not connected to UPM process).
[Package Manager] Cannot connect to Unity Package Manager local server
Mono: successfully reloaded assembly
- Finished resetting the current domain, in  1.296 seconds
Domain Reload Profiling: 1778ms
	BeginReloadAssembly (166ms)
		ExecutionOrderSort (0ms)
		DisableScriptedObjects (5ms)
		BackupInstance (0ms)
		ReleaseScriptingObjects (0ms)
		CreateAndSetChildDomain (36ms)
	RebuildCommonClasses (33ms)
	RebuildNativeTypeToScriptingClass (11ms)
	initialDomainReloadingComplete (39ms)
	LoadAllAssembliesAndSetupDomain (233ms)
		LoadAssemblies (315ms)
		RebuildTransferFunctionScriptingTraits (0ms)
		AnalyzeDomain (11ms)
			TypeCache.Refresh (5ms)
				TypeCache.ScanAssembly (0ms)
			ScanForSourceGeneratedMonoScriptInfo (0ms)
			ResolveRequiredComponents (4ms)
	FinalizeReload (1297ms)
		ReleaseScriptCaches (0ms)
		RebuildScriptCaches (0ms)
		SetupLoadedEditorAssemblies (659ms)
			LogAssemblyErrors (0ms)
			InitializePlatformSupportModulesInManaged (9ms)
			SetLoadedEditorAssemblies (6ms)
			RefreshPlugins (0ms)
			BeforeProcessingInitializeOnLoad (82ms)
			ProcessInitializeOnLoadAttributes (525ms)
			ProcessInitializeOnLoadMethodAttributes (22ms)
			AfterProcessingInitializeOnLoad (15ms)
			EditorAssembliesLoaded (0ms)
		ExecutionOrderSort2 (0ms)
		AwakeInstancesAfterBackupRestoration (10ms)
Refreshing native plugins compatible for Editor in 5.88 ms, found 3 plugins.
Preloading 0 native plugins for Editor in 0.00 ms.
Unloading 3073 Unused Serialized files (Serialized files now loaded: 0)
Unloading 23 unused Assets / (31.0 KB). Loaded Objects now: 3593.
Memory consumption went from 219.0 MB to 218.9 MB.
Total: 4.009100 ms (FindLiveObjects: 0.270200 ms CreateObjectMapping: 0.268600 ms MarkObjects: 3.413300 ms  DeleteObjects: 0.056100 ms)

Prepare: number of updated asset objects reloaded= 0
AssetImportParameters requested are different than current active one (requested -> active):
  custom:scripting/monoscript/fileName/DrawTargetObjectEditor.cs: 13810c1a47d66ffe6f4474935b75b5f9 -> 
  custom:container-demuxer-ogg: 62fdf1f143b41e24485cea50d1cbac27 -> 
  custom:scripting/monoscript/fileName/FPSCheck.cs: 6947aa55da86d49ec540a08bc1d1b875 -> 
  custom:video-decoder-ogg-theora: a1e56fd34408186e4bbccfd4996cb3dc -> 
  custom:scripting/monoscript/fileName/EditorBase.cs: 552ef59d5cd7b2f0045d079c5ac0b9b4 -> 
  custom:scripting/monoscript/fileName/PropertyBlockForTransparentReceiver.cs: 5a7bfb49da44dc02def06955ae12ebc1 -> 
  custom:framework-win-MediaFoundation: 216162199b28c13a410421893ffa2e32 -> 
  custom:scripting/monoscript/fileName/DrawSceneObjectEditor.cs: 4c567054248e89590ea2e79e22ee2a57 -> 
  custom:CustomObjectIndexerAttribute: 756ad292c208cfabdd7b50bc23989ffe -> 
  custom:container-demuxer-webm: 4f35f7cbe854078d1ac9338744f61a02 -> 
  custom:container-muxer-webm: aa71ff27fc2769a1b78a27578f13a17b -> 
  custom:scripting/monoscript/fileName/DrawTargetObject.cs: 78ec86fb61048ae6d6508d66df917e15 -> 
  custom:video-decoder-webm-vp8: 9c59270c3fd7afecdb556c50c9e8de78 -> 
  custom:SearchIndexIgnoredProperties: e643bd26f0fe6173181afceb89e7c659 -> 
  custom:AudioImporter_EditorPlatform: d09bf68614088b80899f8185d706f6e7 -> 
  custom:scripting/monoscript/fileName/ProjectorShaderGUI.cs: 4991104511979a4a3b2746f6c9b7c0e5 -> 
  custom:scripting/monoscript/fileName/MipmappedShadowFallback.cs: cbc6602a0238fe77f8b23e5a261a99e8 -> 
  custom:scripting/monoscript/fileName/PropertyBlockForTransparentReceiverEditor.cs: 4218cb2e3b7e65ec004b84b2af7cac00 -> 
  custom:scripting/monoscript/fileName/MipmappedShadowFallbackEditor.cs: 056a0bff626157005f31c870b98aad20 -> 
  custom:scripting/monoscript/fileName/ShadowTextureRenderer.cs: b5f60a1028508952195ca3003270a702 -> 
  custom:video-encoder-webm-vp8: eb34c28f22e8b96e1ab97ce403110664 -> 
  custom:scripting/monoscript/fileName/ShadowTextureRendererEditor.cs: d29cbba3010dfffdcdabccab09c06450 -> 
  custom:audio-decoder-ogg-vorbis: bf7c407c2cedff20999df2af8eb42d56 -> 
  custom:scripting/monoscript/fileName/Swing.cs: cb799b19510bf912364a5adf732f6823 -> 
  custom:scripting/monoscript/fileName/FollowTargetObject.cs: b299668cd4c4cab2ac6fb33a0c57918c -> 
  custom:scripting/monoscript/fileName/DrawSceneObject.cs: 59301ce27b1db68f3f730fbbeae410a5 -> 
  custom:audio-encoder-webm-vorbis: bf7c407c2cedff20999df2af8eb42d56 -> 
  custom:scripting/monoscript/fileName/Rotate.cs: 5239b204e754707e78ecd7377c452272 -> 
Editor requested this worker to shutdown with reason: Scaling down because of idle timeout
TcpMessagingSession - receive error: operation aborted. errorcode: 995, details: The I/O operation has been aborted because of either a thread exit or an application request.
AssetImportWorker is now disconnected from the server
Process exiting
Exiting without the bug reporter. Application will terminate with return code 0