Using pre-set license
Built from '2022.3/staging' branch; Version is '2022.3.11f1 (d00248457e15) revision 13632072'; Using compiler version '192829333'; Build Type 'Release'
OS: 'Windows 10  (10.0.19045) 64bit Enterprise' Language: 'en' Physical Memory: 65437 MB
BatchMode: 1, IsHumanControllingUs: 0, StartBugReporterOnCrash: 0, Is64bit: 1, IsPro: 1

COMMAND LINE ARGUMENTS:
C:\Program Files\Unity\Hub\Editor\2022.3.11f1\Editor\Unity.exe
-adb2
-batchMode
-noUpm
-name
AssetImportWorker2
-projectPath
C:/Users/Research/Documents/GitHub/shadow-puppet/ShadowPuppet_Unity
-logFile
Logs/AssetImportWorker2.log
-srvPort
61140
Successfully changed project path to: C:/Users/Research/Documents/GitHub/shadow-puppet/ShadowPuppet_Unity
C:/Users/Research/Documents/GitHub/shadow-puppet/ShadowPuppet_Unity
[UnityMemory] Configuration Parameters - Can be set up in boot.config
    "memorysetup-bucket-allocator-granularity=16"
    "memorysetup-bucket-allocator-bucket-count=8"
    "memorysetup-bucket-allocator-block-size=33554432"
    "memorysetup-bucket-allocator-block-count=8"
    "memorysetup-main-allocator-block-size=16777216"
    "memorysetup-thread-allocator-block-size=16777216"
    "memorysetup-gfx-main-allocator-block-size=16777216"
    "memorysetup-gfx-thread-allocator-block-size=16777216"
    "memorysetup-cache-allocator-block-size=4194304"
    "memorysetup-typetree-allocator-block-size=2097152"
    "memorysetup-profiler-bucket-allocator-granularity=16"
    "memorysetup-profiler-bucket-allocator-bucket-count=8"
    "memorysetup-profiler-bucket-allocator-block-size=33554432"
    "memorysetup-profiler-bucket-allocator-block-count=8"
    "memorysetup-profiler-allocator-block-size=16777216"
    "memorysetup-profiler-editor-allocator-block-size=1048576"
    "memorysetup-temp-allocator-size-main=16777216"
    "memorysetup-job-temp-allocator-block-size=2097152"
    "memorysetup-job-temp-allocator-block-size-background=1048576"
    "memorysetup-job-temp-allocator-reduction-small-platforms=262144"
    "memorysetup-allocator-temp-initial-block-size-main=262144"
    "memorysetup-allocator-temp-initial-block-size-worker=262144"
    "memorysetup-temp-allocator-size-background-worker=32768"
    "memorysetup-temp-allocator-size-job-worker=262144"
    "memorysetup-temp-allocator-size-preload-manager=33554432"
    "memorysetup-temp-allocator-size-nav-mesh-worker=65536"
    "memorysetup-temp-allocator-size-audio-worker=65536"
    "memorysetup-temp-allocator-size-cloud-worker=32768"
    "memorysetup-temp-allocator-size-gi-baking-worker=262144"
    "memorysetup-temp-allocator-size-gfx=262144"
Player connection [15512] Host "[IP] 10.115.139.168 [Port] 0 [Flags] 2 [Guid] 22782761 [EditorId] 22782761 [Version] 1048832 [Id] WindowsEditor(7,FA-EV10705PTIM2) [Debug] 1 [PackageName] WindowsEditor [ProjectName] Editor" joined multi-casting on [225.0.0.222:54997]...

Player connection [15512] Host "[IP] 10.115.139.168 [Port] 0 [Flags] 2 [Guid] 22782761 [EditorId] 22782761 [Version] 1048832 [Id] WindowsEditor(7,FA-EV10705PTIM2) [Debug] 1 [PackageName] WindowsEditor [ProjectName] Editor" joined alternative multi-casting on [225.0.0.222:34997]...

[Physics::Module] Initialized MultithreadedJobDispatcher with 7 workers.
Refreshing native plugins compatible for Editor in 12.90 ms, found 3 plugins.
Preloading 0 native plugins for Editor in 0.00 ms.
Initialize engine version: 2022.3.11f1 (d00248457e15)
[Subsystems] Discovering subsystems at path C:/Program Files/Unity/Hub/Editor/2022.3.11f1/Editor/Data/Resources/UnitySubsystems
[Subsystems] Discovering subsystems at path C:/Users/Research/Documents/GitHub/shadow-puppet/ShadowPuppet_Unity/Assets
GfxDevice: creating device client; threaded=0; jobified=0
Direct3D:
    Version:  Direct3D 11.0 [level 11.1]
    Renderer: NVIDIA GeForce GTX 1080 (ID=0x1b80)
    Vendor:   NVIDIA
    VRAM:     8072 MB
    Driver:   31.0.15.3623
Initialize mono
Mono path[0] = 'C:/Program Files/Unity/Hub/Editor/2022.3.11f1/Editor/Data/Managed'
Mono path[1] = 'C:/Program Files/Unity/Hub/Editor/2022.3.11f1/Editor/Data/MonoBleedingEdge/lib/mono/unityjit-win32'
Mono config path = 'C:/Program Files/Unity/Hub/Editor/2022.3.11f1/Editor/Data/MonoBleedingEdge/etc'
Using monoOptions --debugger-agent=transport=dt_socket,embedding=1,server=y,suspend=n,address=127.0.0.1:56812
Begin MonoManager ReloadAssembly
Registering precompiled unity dll's ...
Register platform support module: C:/Program Files/Unity/Hub/Editor/2022.3.11f1/Editor/Data/PlaybackEngines/WindowsStandaloneSupport/UnityEditor.WindowsStandalone.Extensions.dll
Registered in 0.011694 seconds.
- Loaded All Assemblies, in  0.420 seconds
Native extension for WindowsStandalone target not found
Mono: successfully reloaded assembly
- Finished resetting the current domain, in  0.276 seconds
Domain Reload Profiling: 694ms
	BeginReloadAssembly (147ms)
		ExecutionOrderSort (0ms)
		DisableScriptedObjects (0ms)
		BackupInstance (0ms)
		ReleaseScriptingObjects (0ms)
		CreateAndSetChildDomain (1ms)
	RebuildCommonClasses (37ms)
	RebuildNativeTypeToScriptingClass (12ms)
	initialDomainReloadingComplete (68ms)
	LoadAllAssembliesAndSetupDomain (152ms)
		LoadAssemblies (143ms)
		RebuildTransferFunctionScriptingTraits (0ms)
		AnalyzeDomain (150ms)
			TypeCache.Refresh (149ms)
				TypeCache.ScanAssembly (135ms)
			ScanForSourceGeneratedMonoScriptInfo (0ms)
			ResolveRequiredComponents (0ms)
	FinalizeReload (277ms)
		ReleaseScriptCaches (0ms)
		RebuildScriptCaches (0ms)
		SetupLoadedEditorAssemblies (212ms)
			LogAssemblyErrors (0ms)
			InitializePlatformSupportModulesInManaged (10ms)
			SetLoadedEditorAssemblies (8ms)
			RefreshPlugins (0ms)
			BeforeProcessingInitializeOnLoad (2ms)
			ProcessInitializeOnLoadAttributes (139ms)
			ProcessInitializeOnLoadMethodAttributes (53ms)
			AfterProcessingInitializeOnLoad (0ms)
			EditorAssembliesLoaded (0ms)
		ExecutionOrderSort2 (0ms)
		AwakeInstancesAfterBackupRestoration (0ms)
========================================================================
Worker process is ready to serve import requests
Begin MonoManager ReloadAssembly
- Loaded All Assemblies, in  0.671 seconds
Refreshing native plugins compatible for Editor in 3.68 ms, found 3 plugins.
Native extension for WindowsStandalone target not found
Package Manager log level set to [2]
[Package Manager] Server::EnsureServerProcessIsRunning -- launch failed, reason: Unity was launched with the -noUpm command-line argument
[Package Manager] UpmClient::Send -- Unable to send message (not connected to UPM process).
[Package Manager] Cannot connect to Unity Package Manager local server
Mono: successfully reloaded assembly
- Finished resetting the current domain, in  0.771 seconds
Domain Reload Profiling: 1439ms
	BeginReloadAssembly (162ms)
		ExecutionOrderSort (0ms)
		DisableScriptedObjects (6ms)
		BackupInstance (0ms)
		ReleaseScriptingObjects (0ms)
		CreateAndSetChildDomain (21ms)
	RebuildCommonClasses (36ms)
	RebuildNativeTypeToScriptingClass (11ms)
	initialDomainReloadingComplete (44ms)
	LoadAllAssembliesAndSetupDomain (413ms)
		LoadAssemblies (319ms)
		RebuildTransferFunctionScriptingTraits (0ms)
		AnalyzeDomain (193ms)
			TypeCache.Refresh (174ms)
				TypeCache.ScanAssembly (158ms)
			ScanForSourceGeneratedMonoScriptInfo (14ms)
			ResolveRequiredComponents (4ms)
	FinalizeReload (772ms)
		ReleaseScriptCaches (0ms)
		RebuildScriptCaches (0ms)
		SetupLoadedEditorAssemblies (613ms)
			LogAssemblyErrors (0ms)
			InitializePlatformSupportModulesInManaged (7ms)
			SetLoadedEditorAssemblies (5ms)
			RefreshPlugins (0ms)
			BeforeProcessingInitializeOnLoad (66ms)
			ProcessInitializeOnLoadAttributes (504ms)
			ProcessInitializeOnLoadMethodAttributes (20ms)
			AfterProcessingInitializeOnLoad (10ms)
			EditorAssembliesLoaded (0ms)
		ExecutionOrderSort2 (0ms)
		AwakeInstancesAfterBackupRestoration (8ms)
Launched and connected shader compiler UnityShaderCompiler.exe after 0.10 seconds
Refreshing native plugins compatible for Editor in 5.35 ms, found 3 plugins.
Preloading 0 native plugins for Editor in 0.00 ms.
Unloading 3081 Unused Serialized files (Serialized files now loaded: 0)
Unloading 32 unused Assets / (56.8 KB). Loaded Objects now: 3545.
Memory consumption went from 120.8 MB to 120.7 MB.
Total: 5.023800 ms (FindLiveObjects: 0.295200 ms CreateObjectMapping: 0.251400 ms MarkObjects: 4.370000 ms  DeleteObjects: 0.105800 ms)

AssetImportParameters requested are different than current active one (requested -> active):
  custom:container-demuxer-ogg: 62fdf1f143b41e24485cea50d1cbac27 -> 
  custom:video-decoder-ogg-theora: a1e56fd34408186e4bbccfd4996cb3dc -> 
  custom:framework-win-MediaFoundation: 216162199b28c13a410421893ffa2e32 -> 
  custom:CustomObjectIndexerAttribute: 756ad292c208cfabdd7b50bc23989ffe -> 
  custom:container-demuxer-webm: 4f35f7cbe854078d1ac9338744f61a02 -> 
  custom:container-muxer-webm: aa71ff27fc2769a1b78a27578f13a17b -> 
  custom:video-decoder-webm-vp8: 9c59270c3fd7afecdb556c50c9e8de78 -> 
  custom:SearchIndexIgnoredProperties: e643bd26f0fe6173181afceb89e7c659 -> 
  custom:AudioImporter_EditorPlatform: d09bf68614088b80899f8185d706f6e7 -> 
  custom:video-encoder-webm-vp8: eb34c28f22e8b96e1ab97ce403110664 -> 
  custom:audio-decoder-ogg-vorbis: bf7c407c2cedff20999df2af8eb42d56 -> 
  custom:audio-encoder-webm-vorbis: bf7c407c2cedff20999df2af8eb42d56 -> 
========================================================================
Received Import Request.
  Time since last request: 9965.047659 seconds.
  path: Assets/Light cookies/PNG (Black background)/flame_02.png
  artifactKey: Guid(23da739b74165e6459345b1222ad8737) Importer(815301076,1909f56bfc062723c751e8b465ee728b)
Start importing Assets/Light cookies/PNG (Black background)/flame_02.png using Guid(23da739b74165e6459345b1222ad8737) Importer(815301076,1909f56bfc062723c751e8b465ee728b)  -> (artifact id: 'cc4d14312aa0051a82fe77905f127d09') in 0.054604 seconds
Number of updated asset objects reloaded before import = 0
Number of asset objects unloaded after import = 2
========================================================================
Received Import Request.
  Time since last request: 173.833663 seconds.
  path: Assets/Light cookies/PNG (Black background)/flame_03.png
  artifactKey: Guid(e32312e1c36c7aa43ae3471507731b54) Importer(815301076,1909f56bfc062723c751e8b465ee728b)
Start importing Assets/Light cookies/PNG (Black background)/flame_03.png using Guid(e32312e1c36c7aa43ae3471507731b54) Importer(815301076,1909f56bfc062723c751e8b465ee728b)  -> (artifact id: '4204f65866db1fc93c0d9ba1cc842a26') in 0.019322 seconds
Number of updated asset objects reloaded before import = 0
Number of asset objects unloaded after import = 2
========================================================================
Received Import Request.
  Time since last request: 0.018035 seconds.
  path: Assets/Light cookies/PNG (Black background)/flame_04.png
  artifactKey: Guid(6ed9817c35242414c8dc4de0b10cfda6) Importer(815301076,1909f56bfc062723c751e8b465ee728b)
Start importing Assets/Light cookies/PNG (Black background)/flame_04.png using Guid(6ed9817c35242414c8dc4de0b10cfda6) Importer(815301076,1909f56bfc062723c751e8b465ee728b)  -> (artifact id: 'bb65ea8736f65beb41b0b8a10cea8faf') in 0.018569 seconds
Number of updated asset objects reloaded before import = 0
Number of asset objects unloaded after import = 2
========================================================================
Received Import Request.
  Time since last request: 0.053425 seconds.
  path: Assets/Light cookies/PNG (Black background)/flame_05.png
  artifactKey: Guid(761c6d684044d6247a2d46bca3799983) Importer(815301076,1909f56bfc062723c751e8b465ee728b)
Start importing Assets/Light cookies/PNG (Black background)/flame_05.png using Guid(761c6d684044d6247a2d46bca3799983) Importer(815301076,1909f56bfc062723c751e8b465ee728b)  -> (artifact id: 'a02d09f0f09ee46829956cf6f98abbcf') in 0.020851 seconds
Number of updated asset objects reloaded before import = 0
Number of asset objects unloaded after import = 2
========================================================================
Received Import Request.
  Time since last request: 57.791443 seconds.
  path: Assets/Light cookies/PNG (Black background)/flame_06.png
  artifactKey: Guid(65892be2a4555b24f9469a2d6e79652c) Importer(815301076,1909f56bfc062723c751e8b465ee728b)
Start importing Assets/Light cookies/PNG (Black background)/flame_06.png using Guid(65892be2a4555b24f9469a2d6e79652c) Importer(815301076,1909f56bfc062723c751e8b465ee728b)  -> (artifact id: '7b933dd90ff47efb5884cfa59c87674e') in 0.016570 seconds
Number of updated asset objects reloaded before import = 0
Number of asset objects unloaded after import = 2
========================================================================
Received Import Request.
  Time since last request: 56.549954 seconds.
  path: Assets/Light cookies/PNG (Black background)/light_01.png
  artifactKey: Guid(3ed69f9eb6c8ddb40bd1e7d9e9a9cc37) Importer(815301076,1909f56bfc062723c751e8b465ee728b)
Start importing Assets/Light cookies/PNG (Black background)/light_01.png using Guid(3ed69f9eb6c8ddb40bd1e7d9e9a9cc37) Importer(815301076,1909f56bfc062723c751e8b465ee728b)  -> (artifact id: 'a663c2c04db7f5f67287e5d741a9f579') in 0.013751 seconds
Number of updated asset objects reloaded before import = 0
Number of asset objects unloaded after import = 2
========================================================================
Received Import Request.
  Time since last request: 0.233313 seconds.
  path: Assets/Light cookies/PNG (Black background)/magic_01.png
  artifactKey: Guid(69cdddb47b142fe41bd84e0ce441bfa9) Importer(815301076,1909f56bfc062723c751e8b465ee728b)
Start importing Assets/Light cookies/PNG (Black background)/magic_01.png using Guid(69cdddb47b142fe41bd84e0ce441bfa9) Importer(815301076,1909f56bfc062723c751e8b465ee728b)  -> (artifact id: 'a81eaf3b28dcd608277356738daf4bd0') in 0.018463 seconds
Number of updated asset objects reloaded before import = 0
Number of asset objects unloaded after import = 2
========================================================================
Received Import Request.
  Time since last request: 0.236002 seconds.
  path: Assets/Light cookies/PNG (Black background)/muzzle_01.png
  artifactKey: Guid(6f7ba83744c60744694f3751cb5915f8) Importer(815301076,1909f56bfc062723c751e8b465ee728b)
Start importing Assets/Light cookies/PNG (Black background)/muzzle_01.png using Guid(6f7ba83744c60744694f3751cb5915f8) Importer(815301076,1909f56bfc062723c751e8b465ee728b)  -> (artifact id: 'ad6fe8d312bdecc6dda2146b207d6f21') in 0.019904 seconds
Number of updated asset objects reloaded before import = 0
Number of asset objects unloaded after import = 2
========================================================================
Received Import Request.
  Time since last request: 0.000024 seconds.
  path: Assets/Light cookies/PNG (Black background)/scratch_01.png
  artifactKey: Guid(9529731e9e543d743bea10e0219f0c20) Importer(815301076,1909f56bfc062723c751e8b465ee728b)
Start importing Assets/Light cookies/PNG (Black background)/scratch_01.png using Guid(9529731e9e543d743bea10e0219f0c20) Importer(815301076,1909f56bfc062723c751e8b465ee728b)  -> (artifact id: '0d98d9fd657a8742926b6a53614bbb91') in 0.020084 seconds
Number of updated asset objects reloaded before import = 0
Number of asset objects unloaded after import = 2
========================================================================
Received Import Request.
  Time since last request: 0.000018 seconds.
  path: Assets/Light cookies/PNG (Black background)/smoke_05.png
  artifactKey: Guid(bf16d35e5b4d41a4883ca4d848c42e00) Importer(815301076,1909f56bfc062723c751e8b465ee728b)
Start importing Assets/Light cookies/PNG (Black background)/smoke_05.png using Guid(bf16d35e5b4d41a4883ca4d848c42e00) Importer(815301076,1909f56bfc062723c751e8b465ee728b)  -> (artifact id: '04a04e6471de2e1b52a3f4f1bcee2719') in 0.016376 seconds
Number of updated asset objects reloaded before import = 0
Number of asset objects unloaded after import = 2
========================================================================
Received Import Request.
  Time since last request: 0.000023 seconds.
  path: Assets/Light cookies/PNG (Black background)/star_08.png
  artifactKey: Guid(bfbbfc9ef0205dc40b88b373791a483d) Importer(815301076,1909f56bfc062723c751e8b465ee728b)
Start importing Assets/Light cookies/PNG (Black background)/star_08.png using Guid(bfbbfc9ef0205dc40b88b373791a483d) Importer(815301076,1909f56bfc062723c751e8b465ee728b)  -> (artifact id: '33582125da622c50cde19cfa6f2b07ab') in 0.018450 seconds
Number of updated asset objects reloaded before import = 0
Number of asset objects unloaded after import = 2
========================================================================
Received Import Request.
  Time since last request: 0.000017 seconds.
  path: Assets/Light cookies/PNG (Black background)/slash_03.png
  artifactKey: Guid(ab3f9829ff65a0c4a8041d94b3a707e4) Importer(815301076,1909f56bfc062723c751e8b465ee728b)
Start importing Assets/Light cookies/PNG (Black background)/slash_03.png using Guid(ab3f9829ff65a0c4a8041d94b3a707e4) Importer(815301076,1909f56bfc062723c751e8b465ee728b)  -> (artifact id: 'c054fabfe35b28ef4aac4dd16747f892') in 0.020223 seconds
Number of updated asset objects reloaded before import = 0
Number of asset objects unloaded after import = 2
========================================================================
Received Import Request.
  Time since last request: 0.000019 seconds.
  path: Assets/Light cookies/PNG (Black background)/muzzle_05.png
  artifactKey: Guid(808cd15bd419ef243a5b8f563bd43b0f) Importer(815301076,1909f56bfc062723c751e8b465ee728b)
Start importing Assets/Light cookies/PNG (Black background)/muzzle_05.png using Guid(808cd15bd419ef243a5b8f563bd43b0f) Importer(815301076,1909f56bfc062723c751e8b465ee728b)  -> (artifact id: '373bb01592059aea103d088e64d8d36d') in 0.018125 seconds
Number of updated asset objects reloaded before import = 0
Number of asset objects unloaded after import = 2
========================================================================
Received Import Request.
  Time since last request: 0.000017 seconds.
  path: Assets/Light cookies/PNG (Black background)/muzzle_03.png
  artifactKey: Guid(a52dea6e825c44d408befe5fbeccce54) Importer(815301076,1909f56bfc062723c751e8b465ee728b)
Start importing Assets/Light cookies/PNG (Black background)/muzzle_03.png using Guid(a52dea6e825c44d408befe5fbeccce54) Importer(815301076,1909f56bfc062723c751e8b465ee728b)  -> (artifact id: '1990cac971e4559fb24105b3d798358b') in 0.017356 seconds
Number of updated asset objects reloaded before import = 0
Number of asset objects unloaded after import = 2
========================================================================
Received Import Request.
  Time since last request: 0.000020 seconds.
  path: Assets/Light cookies/PNG (Black background)/spark_05.png
  artifactKey: Guid(1748bb552d619e344b9d0def23fd79d8) Importer(815301076,1909f56bfc062723c751e8b465ee728b)
Start importing Assets/Light cookies/PNG (Black background)/spark_05.png using Guid(1748bb552d619e344b9d0def23fd79d8) Importer(815301076,1909f56bfc062723c751e8b465ee728b)  -> (artifact id: 'd137de048c2cb9ea43a844eeb54c0156') in 0.019422 seconds
Number of updated asset objects reloaded before import = 0
Number of asset objects unloaded after import = 2
========================================================================
Received Import Request.
  Time since last request: 0.000020 seconds.
  path: Assets/Light cookies/PNG (Black background)/trace_01.png
  artifactKey: Guid(44cac2d25f71a1843bcadea5032d7250) Importer(815301076,1909f56bfc062723c751e8b465ee728b)
Start importing Assets/Light cookies/PNG (Black background)/trace_01.png using Guid(44cac2d25f71a1843bcadea5032d7250) Importer(815301076,1909f56bfc062723c751e8b465ee728b)  -> (artifact id: '955d28fbfb6eee14fb383362bb2db8cd') in 0.019811 seconds
Number of updated asset objects reloaded before import = 0
Number of asset objects unloaded after import = 2
========================================================================
Received Import Request.
  Time since last request: 0.000023 seconds.
  path: Assets/Light cookies/PNG (Black background)/magic_04.png
  artifactKey: Guid(4a109a91d85c55949b7f34ff34b041e2) Importer(815301076,1909f56bfc062723c751e8b465ee728b)
Start importing Assets/Light cookies/PNG (Black background)/magic_04.png using Guid(4a109a91d85c55949b7f34ff34b041e2) Importer(815301076,1909f56bfc062723c751e8b465ee728b)  -> (artifact id: 'c65c33dc0d01dd4713a01d4d82cf4547') in 0.016344 seconds
Number of updated asset objects reloaded before import = 0
Number of asset objects unloaded after import = 2
========================================================================
Received Import Request.
  Time since last request: 0.000029 seconds.
  path: Assets/Light cookies/PNG (Black background)/star_04.png
  artifactKey: Guid(5e70815a8c31b9d4f9f6092661b0c46e) Importer(815301076,1909f56bfc062723c751e8b465ee728b)
Start importing Assets/Light cookies/PNG (Black background)/star_04.png using Guid(5e70815a8c31b9d4f9f6092661b0c46e) Importer(815301076,1909f56bfc062723c751e8b465ee728b)  -> (artifact id: '386eb3e51f964d9f2c53cf5ddaf51c4a') in 0.017558 seconds
Number of updated asset objects reloaded before import = 0
Number of asset objects unloaded after import = 2
========================================================================
Received Import Request.
  Time since last request: 0.000060 seconds.
  path: Assets/Light cookies/PNG (Black background)/star_05.png
  artifactKey: Guid(0822e5abc59ec4b4a97c8a468ba9055f) Importer(815301076,1909f56bfc062723c751e8b465ee728b)
Start importing Assets/Light cookies/PNG (Black background)/star_05.png using Guid(0822e5abc59ec4b4a97c8a468ba9055f) Importer(815301076,1909f56bfc062723c751e8b465ee728b)  -> (artifact id: '6f12128657b4d48fbb8758ad180b9dd5') in 0.017574 seconds
Number of updated asset objects reloaded before import = 0
Number of asset objects unloaded after import = 2
========================================================================
Received Import Request.
  Time since last request: 0.000017 seconds.
  path: Assets/Light cookies/PNG (Black background)/smoke_10.png
  artifactKey: Guid(f7a7a19f55a248b48b006b33ac88b8b5) Importer(815301076,1909f56bfc062723c751e8b465ee728b)
Start importing Assets/Light cookies/PNG (Black background)/smoke_10.png using Guid(f7a7a19f55a248b48b006b33ac88b8b5) Importer(815301076,1909f56bfc062723c751e8b465ee728b)  -> (artifact id: '0cd68b6e8814b45b029535ee7e6fb5a6') in 0.017971 seconds
Number of updated asset objects reloaded before import = 0
Number of asset objects unloaded after import = 2
========================================================================
Received Import Request.
  Time since last request: 0.000092 seconds.
  path: Assets/Light cookies/PNG (Black background)/scorch_02.png
  artifactKey: Guid(994aeec0e831f414c90aa21c337656d9) Importer(815301076,1909f56bfc062723c751e8b465ee728b)
Start importing Assets/Light cookies/PNG (Black background)/scorch_02.png using Guid(994aeec0e831f414c90aa21c337656d9) Importer(815301076,1909f56bfc062723c751e8b465ee728b)  -> (artifact id: '79291a5f680f9333f699b91e481d4e0f') in 0.017259 seconds
Number of updated asset objects reloaded before import = 0
Number of asset objects unloaded after import = 2
========================================================================
Received Import Request.
  Time since last request: 0.000017 seconds.
  path: Assets/Light cookies/PNG (Black background)/spark_07.png
  artifactKey: Guid(0da59a396bc26fb4a84e43ad918d7e26) Importer(815301076,1909f56bfc062723c751e8b465ee728b)
Start importing Assets/Light cookies/PNG (Black background)/spark_07.png using Guid(0da59a396bc26fb4a84e43ad918d7e26) Importer(815301076,1909f56bfc062723c751e8b465ee728b)  -> (artifact id: 'eabd3f29b2308e2dd1997956a3f3a05d') in 0.017471 seconds
Number of updated asset objects reloaded before import = 0
Number of asset objects unloaded after import = 2
========================================================================
Received Import Request.
  Time since last request: 0.000020 seconds.
  path: Assets/Light cookies/PNG (Black background)/slash_04.png
  artifactKey: Guid(3d0de4321f7648346a8e908cfbc09a66) Importer(815301076,1909f56bfc062723c751e8b465ee728b)
Start importing Assets/Light cookies/PNG (Black background)/slash_04.png using Guid(3d0de4321f7648346a8e908cfbc09a66) Importer(815301076,1909f56bfc062723c751e8b465ee728b)  -> (artifact id: 'c0f39d4f8636c18e76451b3c74bea132') in 0.015388 seconds
Number of updated asset objects reloaded before import = 0
Number of asset objects unloaded after import = 2
========================================================================
Received Import Request.
  Time since last request: 0.000018 seconds.
  path: Assets/Light cookies/PNG (Black background)/slash_01.png
  artifactKey: Guid(8c7b28f9e4288ca40b8fe3075ff7cfab) Importer(815301076,1909f56bfc062723c751e8b465ee728b)
Start importing Assets/Light cookies/PNG (Black background)/slash_01.png using Guid(8c7b28f9e4288ca40b8fe3075ff7cfab) Importer(815301076,1909f56bfc062723c751e8b465ee728b)  -> (artifact id: 'd1d770d38d62c0125c80085f34b0e73a') in 0.017084 seconds
Number of updated asset objects reloaded before import = 0
Number of asset objects unloaded after import = 2
========================================================================
Received Import Request.
  Time since last request: 0.000014 seconds.
  path: Assets/Light cookies/PNG (Black background)/smoke_03.png
  artifactKey: Guid(b034395ef91a3744ab2976c5d58a87f3) Importer(815301076,1909f56bfc062723c751e8b465ee728b)
Start importing Assets/Light cookies/PNG (Black background)/smoke_03.png using Guid(b034395ef91a3744ab2976c5d58a87f3) Importer(815301076,1909f56bfc062723c751e8b465ee728b)  -> (artifact id: '8d1082934002c2d68823d8c66f1ac057') in 0.014894 seconds
Number of updated asset objects reloaded before import = 0
Number of asset objects unloaded after import = 2
========================================================================
Received Import Request.
  Time since last request: 0.000014 seconds.
  path: Assets/Light cookies/PNG (Black background)/trace_02.png
  artifactKey: Guid(383cd5055e620c04b840a1792d71e728) Importer(815301076,1909f56bfc062723c751e8b465ee728b)
Start importing Assets/Light cookies/PNG (Black background)/trace_02.png using Guid(383cd5055e620c04b840a1792d71e728) Importer(815301076,1909f56bfc062723c751e8b465ee728b)  -> (artifact id: '177313ce6b6a5f74f0a2400b2d80baa2') in 0.018344 seconds
Number of updated asset objects reloaded before import = 0
Number of asset objects unloaded after import = 2
========================================================================
Received Import Request.
  Time since last request: 0.000030 seconds.
  path: Assets/Light cookies/PNG (Black background)/scorch_01.png
  artifactKey: Guid(12577314945199d42913ecec093c7195) Importer(815301076,1909f56bfc062723c751e8b465ee728b)
Start importing Assets/Light cookies/PNG (Black background)/scorch_01.png using Guid(12577314945199d42913ecec093c7195) Importer(815301076,1909f56bfc062723c751e8b465ee728b)  -> (artifact id: '305410ab666c4c76a4938409f54680d4') in 0.017973 seconds
Number of updated asset objects reloaded before import = 0
Number of asset objects unloaded after import = 2
========================================================================
Received Import Request.
  Time since last request: 0.000021 seconds.
  path: Assets/Light cookies/PNG (Black background)/light_03.png
  artifactKey: Guid(2e5c5762ab371f9428d676f4dcdf46f1) Importer(815301076,1909f56bfc062723c751e8b465ee728b)
Start importing Assets/Light cookies/PNG (Black background)/light_03.png using Guid(2e5c5762ab371f9428d676f4dcdf46f1) Importer(815301076,1909f56bfc062723c751e8b465ee728b)  -> (artifact id: 'a29db33ca7d0de9e52c2efd60681c7fe') in 0.020676 seconds
Number of updated asset objects reloaded before import = 0
Number of asset objects unloaded after import = 2
========================================================================
Received Import Request.
  Time since last request: 0.000059 seconds.
  path: Assets/Light cookies/PNG (Black background)/scorch_03.png
  artifactKey: Guid(3c867498dc8721648a99a3b61e8aa095) Importer(815301076,1909f56bfc062723c751e8b465ee728b)
Start importing Assets/Light cookies/PNG (Black background)/scorch_03.png using Guid(3c867498dc8721648a99a3b61e8aa095) Importer(815301076,1909f56bfc062723c751e8b465ee728b)  -> (artifact id: '09a6f7a1c546095a299720867dc7249b') in 0.019354 seconds
Number of updated asset objects reloaded before import = 0
Number of asset objects unloaded after import = 2
========================================================================
Received Import Request.
  Time since last request: 0.000023 seconds.
  path: Assets/Light cookies/PNG (Black background)/star_09.png
  artifactKey: Guid(5d57e9d4f8608664fa51a483f3b6002e) Importer(815301076,1909f56bfc062723c751e8b465ee728b)
Start importing Assets/Light cookies/PNG (Black background)/star_09.png using Guid(5d57e9d4f8608664fa51a483f3b6002e) Importer(815301076,1909f56bfc062723c751e8b465ee728b)  -> (artifact id: '98dcc9303313d316ad26b43a418977e0') in 0.019946 seconds
Number of updated asset objects reloaded before import = 0
Number of asset objects unloaded after import = 2
Editor requested this worker to shutdown with reason: Scaling down because of idle timeout
TcpMessagingSession - receive error: operation aborted. errorcode: 995, details: The I/O operation has been aborted because of either a thread exit or an application request.
AssetImportWorker is now disconnected from the server
Process exiting
Exiting without the bug reporter. Application will terminate with return code 0