Using pre-set license
Built from '2022.3/staging' branch; Version is '2022.3.11f1 (d00248457e15) revision 13632072'; Using compiler version '192829333'; Build Type 'Release'
OS: 'Windows 10  (10.0.19045) 64bit Enterprise' Language: 'en' Physical Memory: 65343 MB
BatchMode: 1, IsHumanControllingUs: 0, StartBugReporterOnCrash: 0, Is64bit: 1, IsPro: 1

COMMAND LINE ARGUMENTS:
C:\Program Files\Unity\Hub\Editor\2022.3.11f1\Editor\Unity.exe
-adb2
-batchMode
-noUpm
-name
AssetImportWorker2
-projectPath
C:/Users/film2/Documents/GitHub/shadow-puppet/ShadowPuppet_Unity
-logFile
Logs/AssetImportWorker2.log
-srvPort
55325
Successfully changed project path to: C:/Users/film2/Documents/GitHub/shadow-puppet/ShadowPuppet_Unity
C:/Users/film2/Documents/GitHub/shadow-puppet/ShadowPuppet_Unity
[UnityMemory] Configuration Parameters - Can be set up in boot.config
    "memorysetup-bucket-allocator-granularity=16"
    "memorysetup-bucket-allocator-bucket-count=8"
    "memorysetup-bucket-allocator-block-size=33554432"
    "memorysetup-bucket-allocator-block-count=8"
    "memorysetup-main-allocator-block-size=16777216"
    "memorysetup-thread-allocator-block-size=16777216"
    "memorysetup-gfx-main-allocator-block-size=16777216"
    "memorysetup-gfx-thread-allocator-block-size=16777216"
    "memorysetup-cache-allocator-block-size=4194304"
    "memorysetup-typetree-allocator-block-size=2097152"
    "memorysetup-profiler-bucket-allocator-granularity=16"
    "memorysetup-profiler-bucket-allocator-bucket-count=8"
    "memorysetup-profiler-bucket-allocator-block-size=33554432"
    "memorysetup-profiler-bucket-allocator-block-count=8"
    "memorysetup-profiler-allocator-block-size=16777216"
    "memorysetup-profiler-editor-allocator-block-size=1048576"
    "memorysetup-temp-allocator-size-main=16777216"
    "memorysetup-job-temp-allocator-block-size=2097152"
    "memorysetup-job-temp-allocator-block-size-background=1048576"
    "memorysetup-job-temp-allocator-reduction-small-platforms=262144"
    "memorysetup-allocator-temp-initial-block-size-main=262144"
    "memorysetup-allocator-temp-initial-block-size-worker=262144"
    "memorysetup-temp-allocator-size-background-worker=32768"
    "memorysetup-temp-allocator-size-job-worker=262144"
    "memorysetup-temp-allocator-size-preload-manager=33554432"
    "memorysetup-temp-allocator-size-nav-mesh-worker=65536"
    "memorysetup-temp-allocator-size-audio-worker=65536"
    "memorysetup-temp-allocator-size-cloud-worker=32768"
    "memorysetup-temp-allocator-size-gi-baking-worker=262144"
    "memorysetup-temp-allocator-size-gfx=262144"
Player connection [27988] Host "[IP] 192.168.2.10 [Port] 0 [Flags] 2 [Guid] 2661948824 [EditorId] 2661948824 [Version] 1048832 [Id] WindowsEditor(7,FA-FB630CINEMA) [Debug] 1 [PackageName] WindowsEditor [ProjectName] Editor" joined multi-casting on [225.0.0.222:54997]...

Player connection [27988] Host "[IP] 192.168.2.10 [Port] 0 [Flags] 2 [Guid] 2661948824 [EditorId] 2661948824 [Version] 1048832 [Id] WindowsEditor(7,FA-FB630CINEMA) [Debug] 1 [PackageName] WindowsEditor [ProjectName] Editor" joined alternative multi-casting on [225.0.0.222:34997]...

[Physics::Module] Initialized MultithreadedJobDispatcher with 11 workers.
Refreshing native plugins compatible for Editor in 15.51 ms, found 3 plugins.
Preloading 0 native plugins for Editor in 0.00 ms.
Initialize engine version: 2022.3.11f1 (d00248457e15)
[Subsystems] Discovering subsystems at path C:/Program Files/Unity/Hub/Editor/2022.3.11f1/Editor/Data/Resources/UnitySubsystems
[Subsystems] Discovering subsystems at path C:/Users/film2/Documents/GitHub/shadow-puppet/ShadowPuppet_Unity/Assets
GfxDevice: creating device client; threaded=0; jobified=0
Direct3D:
    Version:  Direct3D 11.0 [level 11.1]
    Renderer: NVIDIA GeForce GTX 1070 (ID=0x1b81)
    Vendor:   NVIDIA
    VRAM:     8081 MB
    Driver:   31.0.15.3598
Initialize mono
Mono path[0] = 'C:/Program Files/Unity/Hub/Editor/2022.3.11f1/Editor/Data/Managed'
Mono path[1] = 'C:/Program Files/Unity/Hub/Editor/2022.3.11f1/Editor/Data/MonoBleedingEdge/lib/mono/unityjit-win32'
Mono config path = 'C:/Program Files/Unity/Hub/Editor/2022.3.11f1/Editor/Data/MonoBleedingEdge/etc'
Using monoOptions --debugger-agent=transport=dt_socket,embedding=1,server=y,suspend=n,address=127.0.0.1:56468
Begin MonoManager ReloadAssembly
Registering precompiled unity dll's ...
Register platform support module: C:/Program Files/Unity/Hub/Editor/2022.3.11f1/Editor/Data/PlaybackEngines/WindowsStandaloneSupport/UnityEditor.WindowsStandalone.Extensions.dll
Registered in 0.012915 seconds.
- Loaded All Assemblies, in  0.362 seconds
Native extension for WindowsStandalone target not found
Mono: successfully reloaded assembly
- Finished resetting the current domain, in  0.241 seconds
Domain Reload Profiling: 600ms
	BeginReloadAssembly (117ms)
		ExecutionOrderSort (0ms)
		DisableScriptedObjects (0ms)
		BackupInstance (0ms)
		ReleaseScriptingObjects (0ms)
		CreateAndSetChildDomain (1ms)
	RebuildCommonClasses (33ms)
	RebuildNativeTypeToScriptingClass (10ms)
	initialDomainReloadingComplete (67ms)
	LoadAllAssembliesAndSetupDomain (131ms)
		LoadAssemblies (113ms)
		RebuildTransferFunctionScriptingTraits (0ms)
		AnalyzeDomain (129ms)
			TypeCache.Refresh (128ms)
				TypeCache.ScanAssembly (115ms)
			ScanForSourceGeneratedMonoScriptInfo (0ms)
			ResolveRequiredComponents (0ms)
	FinalizeReload (242ms)
		ReleaseScriptCaches (0ms)
		RebuildScriptCaches (0ms)
		SetupLoadedEditorAssemblies (186ms)
			LogAssemblyErrors (0ms)
			InitializePlatformSupportModulesInManaged (10ms)
			SetLoadedEditorAssemblies (8ms)
			RefreshPlugins (0ms)
			BeforeProcessingInitializeOnLoad (2ms)
			ProcessInitializeOnLoadAttributes (120ms)
			ProcessInitializeOnLoadMethodAttributes (46ms)
			AfterProcessingInitializeOnLoad (0ms)
			EditorAssembliesLoaded (0ms)
		ExecutionOrderSort2 (0ms)
		AwakeInstancesAfterBackupRestoration (0ms)
========================================================================
Worker process is ready to serve import requests
Begin MonoManager ReloadAssembly
- Loaded All Assemblies, in  0.636 seconds
Refreshing native plugins compatible for Editor in 4.43 ms, found 3 plugins.
Native extension for WindowsStandalone target not found
Package Manager log level set to [2]
[Package Manager] Server::EnsureServerProcessIsRunning -- launch failed, reason: Unity was launched with the -noUpm command-line argument
[Package Manager] UpmClient::Send -- Unable to send message (not connected to UPM process).
[Package Manager] Cannot connect to Unity Package Manager local server
Mono: successfully reloaded assembly
- Finished resetting the current domain, in  0.695 seconds
Domain Reload Profiling: 1326ms
	BeginReloadAssembly (152ms)
		ExecutionOrderSort (0ms)
		DisableScriptedObjects (5ms)
		BackupInstance (0ms)
		ReleaseScriptingObjects (0ms)
		CreateAndSetChildDomain (20ms)
	RebuildCommonClasses (31ms)
	RebuildNativeTypeToScriptingClass (10ms)
	initialDomainReloadingComplete (43ms)
	LoadAllAssembliesAndSetupDomain (394ms)
		LoadAssemblies (316ms)
		RebuildTransferFunctionScriptingTraits (0ms)
		AnalyzeDomain (170ms)
			TypeCache.Refresh (148ms)
				TypeCache.ScanAssembly (133ms)
			ScanForSourceGeneratedMonoScriptInfo (17ms)
			ResolveRequiredComponents (4ms)
	FinalizeReload (696ms)
		ReleaseScriptCaches (0ms)
		RebuildScriptCaches (0ms)
		SetupLoadedEditorAssemblies (559ms)
			LogAssemblyErrors (0ms)
			InitializePlatformSupportModulesInManaged (7ms)
			SetLoadedEditorAssemblies (5ms)
			RefreshPlugins (0ms)
			BeforeProcessingInitializeOnLoad (65ms)
			ProcessInitializeOnLoadAttributes (453ms)
			ProcessInitializeOnLoadMethodAttributes (17ms)
			AfterProcessingInitializeOnLoad (12ms)
			EditorAssembliesLoaded (0ms)
		ExecutionOrderSort2 (0ms)
		AwakeInstancesAfterBackupRestoration (7ms)
Launched and connected shader compiler UnityShaderCompiler.exe after 0.10 seconds
Refreshing native plugins compatible for Editor in 7.18 ms, found 3 plugins.
Preloading 0 native plugins for Editor in 0.00 ms.
Unloading 3130 Unused Serialized files (Serialized files now loaded: 0)
Unloading 43 unused Assets / (313.7 KB). Loaded Objects now: 3585.
Memory consumption went from 131.5 MB to 131.2 MB.
Total: 5.556500 ms (FindLiveObjects: 0.345800 ms CreateObjectMapping: 0.277500 ms MarkObjects: 4.531100 ms  DeleteObjects: 0.401000 ms)

AssetImportParameters requested are different than current active one (requested -> active):
  custom:container-demuxer-ogg: 62fdf1f143b41e24485cea50d1cbac27 -> 
  custom:video-decoder-ogg-theora: a1e56fd34408186e4bbccfd4996cb3dc -> 
  custom:framework-win-MediaFoundation: 216162199b28c13a410421893ffa2e32 -> 
  custom:CustomObjectIndexerAttribute: 756ad292c208cfabdd7b50bc23989ffe -> 
  custom:container-demuxer-webm: 4f35f7cbe854078d1ac9338744f61a02 -> 
  custom:container-muxer-webm: aa71ff27fc2769a1b78a27578f13a17b -> 
  custom:video-decoder-webm-vp8: 9c59270c3fd7afecdb556c50c9e8de78 -> 
  custom:SearchIndexIgnoredProperties: e643bd26f0fe6173181afceb89e7c659 -> 
  custom:AudioImporter_EditorPlatform: d09bf68614088b80899f8185d706f6e7 -> 
  custom:video-encoder-webm-vp8: eb34c28f22e8b96e1ab97ce403110664 -> 
  custom:audio-decoder-ogg-vorbis: bf7c407c2cedff20999df2af8eb42d56 -> 
  custom:audio-encoder-webm-vorbis: bf7c407c2cedff20999df2af8eb42d56 -> 
========================================================================
Received Prepare
Begin MonoManager ReloadAssembly
- Loaded All Assemblies, in  0.519 seconds
Refreshing native plugins compatible for Editor in 4.60 ms, found 3 plugins.
Native extension for WindowsStandalone target not found
[Package Manager] Server::EnsureServerProcessIsRunning -- launch failed, reason: Unity was launched with the -noUpm command-line argument
[Package Manager] UpmClient::Send -- Unable to send message (not connected to UPM process).
[Package Manager] Cannot connect to Unity Package Manager local server
Mono: successfully reloaded assembly
- Finished resetting the current domain, in  1.211 seconds
Domain Reload Profiling: 1724ms
	BeginReloadAssembly (174ms)
		ExecutionOrderSort (0ms)
		DisableScriptedObjects (6ms)
		BackupInstance (0ms)
		ReleaseScriptingObjects (0ms)
		CreateAndSetChildDomain (34ms)
	RebuildCommonClasses (31ms)
	RebuildNativeTypeToScriptingClass (17ms)
	initialDomainReloadingComplete (37ms)
	LoadAllAssembliesAndSetupDomain (254ms)
		LoadAssemblies (326ms)
		RebuildTransferFunctionScriptingTraits (0ms)
		AnalyzeDomain (24ms)
			TypeCache.Refresh (10ms)
				TypeCache.ScanAssembly (1ms)
			ScanForSourceGeneratedMonoScriptInfo (7ms)
			ResolveRequiredComponents (6ms)
	FinalizeReload (1211ms)
		ReleaseScriptCaches (0ms)
		RebuildScriptCaches (0ms)
		SetupLoadedEditorAssemblies (549ms)
			LogAssemblyErrors (0ms)
			InitializePlatformSupportModulesInManaged (9ms)
			SetLoadedEditorAssemblies (4ms)
			RefreshPlugins (0ms)
			BeforeProcessingInitializeOnLoad (70ms)
			ProcessInitializeOnLoadAttributes (435ms)
			ProcessInitializeOnLoadMethodAttributes (18ms)
			AfterProcessingInitializeOnLoad (13ms)
			EditorAssembliesLoaded (0ms)
		ExecutionOrderSort2 (0ms)
		AwakeInstancesAfterBackupRestoration (8ms)
Refreshing native plugins compatible for Editor in 4.43 ms, found 3 plugins.
Preloading 0 native plugins for Editor in 0.00 ms.
Unloading 3101 Unused Serialized files (Serialized files now loaded: 0)
Unloading 34 unused Assets / (293.8 KB). Loaded Objects now: 3588.
Memory consumption went from 127.4 MB to 127.1 MB.
Total: 3.239600 ms (FindLiveObjects: 0.233600 ms CreateObjectMapping: 0.209600 ms MarkObjects: 2.577800 ms  DeleteObjects: 0.218000 ms)

Prepare: number of updated asset objects reloaded= 18
AssetImportParameters requested are different than current active one (requested -> active):
  custom:container-demuxer-ogg: 62fdf1f143b41e24485cea50d1cbac27 -> 
  custom:video-decoder-ogg-theora: a1e56fd34408186e4bbccfd4996cb3dc -> 
  custom:framework-win-MediaFoundation: 216162199b28c13a410421893ffa2e32 -> 
  custom:CustomObjectIndexerAttribute: 756ad292c208cfabdd7b50bc23989ffe -> 
  custom:container-demuxer-webm: 4f35f7cbe854078d1ac9338744f61a02 -> 
  custom:container-muxer-webm: aa71ff27fc2769a1b78a27578f13a17b -> 
  custom:video-decoder-webm-vp8: 9c59270c3fd7afecdb556c50c9e8de78 -> 
  custom:SearchIndexIgnoredProperties: e643bd26f0fe6173181afceb89e7c659 -> 
  custom:AudioImporter_EditorPlatform: d09bf68614088b80899f8185d706f6e7 -> 
  custom:video-encoder-webm-vp8: eb34c28f22e8b96e1ab97ce403110664 -> 
  custom:audio-decoder-ogg-vorbis: bf7c407c2cedff20999df2af8eb42d56 -> 
  custom:audio-encoder-webm-vorbis: bf7c407c2cedff20999df2af8eb42d56 -> 
========================================================================
Received Import Request.
  Time since last request: 228637.546559 seconds.
  path: Assets/Marco/DynamicShadowProjector/Samples/FPSCheck.prefab
  artifactKey: Guid(668edce20a9a746fabc1de1b0bc8cdde) Importer(815301076,1909f56bfc062723c751e8b465ee728b)
Start importing Assets/Marco/DynamicShadowProjector/Samples/FPSCheck.prefab using Guid(668edce20a9a746fabc1de1b0bc8cdde) Importer(815301076,1909f56bfc062723c751e8b465ee728b)  -> (artifact id: '390fabb65dc2d8765f1be3a21f39666e') in 0.034709 seconds
Number of updated asset objects reloaded before import = 0
Number of asset objects unloaded after import = 12
========================================================================
Received Import Request.
  Time since last request: 4.649775 seconds.
  path: Assets/Marco/DynamicShadowProjector/Shaders/EnableCbuffer.cginc
  artifactKey: Guid(32a367787ae804a1796822e50ccbc354) Importer(815301076,1909f56bfc062723c751e8b465ee728b)
Start importing Assets/Marco/DynamicShadowProjector/Shaders/EnableCbuffer.cginc using Guid(32a367787ae804a1796822e50ccbc354) Importer(815301076,1909f56bfc062723c751e8b465ee728b)  -> (artifact id: '30e7b27330d5be308577acb415a2255a') in 0.001085 seconds
Number of updated asset objects reloaded before import = 0
Number of asset objects unloaded after import = 1
========================================================================
Received Import Request.
  Time since last request: 5.574366 seconds.
  path: Assets/Marco/DynamicShadowProjector/Samples/Materials/BlobShadowProjector.mat
  artifactKey: Guid(28e556afc64954978b8d3a82a2ca9ae0) Importer(815301076,1909f56bfc062723c751e8b465ee728b)
Start importing Assets/Marco/DynamicShadowProjector/Samples/Materials/BlobShadowProjector.mat using Guid(28e556afc64954978b8d3a82a2ca9ae0) Importer(815301076,1909f56bfc062723c751e8b465ee728b)  -> (artifact id: 'd6902a67aa1cddb71c55951fe0f6f56c') in 0.072055 seconds
Number of updated asset objects reloaded before import = 0
Number of asset objects unloaded after import = 2
========================================================================
Received Import Request.
  Time since last request: 0.000017 seconds.
  path: Assets/Marco/DynamicShadowProjector/Samples/Materials/TransparentHardShadowProjector.mat
  artifactKey: Guid(9b4d096b73ff94701a9720a03d071503) Importer(815301076,1909f56bfc062723c751e8b465ee728b)
Start importing Assets/Marco/DynamicShadowProjector/Samples/Materials/TransparentHardShadowProjector.mat using Guid(9b4d096b73ff94701a9720a03d071503) Importer(815301076,1909f56bfc062723c751e8b465ee728b)  -> (artifact id: '12976eb960c8f69c82c4824803d24bad') in 0.046836 seconds
Number of updated asset objects reloaded before import = 0
Number of asset objects unloaded after import = 2
========================================================================
Received Import Request.
  Time since last request: 0.000012 seconds.
  path: Assets/Marco/DynamicShadowProjector/Samples/Materials/TransparentSoftShadowProjector.mat
  artifactKey: Guid(aa6df5aa4367342eb87860030d4b4ef0) Importer(815301076,1909f56bfc062723c751e8b465ee728b)
Start importing Assets/Marco/DynamicShadowProjector/Samples/Materials/TransparentSoftShadowProjector.mat using Guid(aa6df5aa4367342eb87860030d4b4ef0) Importer(815301076,1909f56bfc062723c751e8b465ee728b)  -> (artifact id: '2930bfaa5eb30f65416ef57fcf67526c') in 0.043708 seconds
Number of updated asset objects reloaded before import = 0
Number of asset objects unloaded after import = 2
========================================================================
Received Import Request.
  Time since last request: 0.000015 seconds.
  path: Assets/Marco/DynamicShadowProjector/Samples/Materials/SpotlightWithShadow.mat
  artifactKey: Guid(58c96af870e534b2abeaca7ed0ca1fd3) Importer(815301076,1909f56bfc062723c751e8b465ee728b)
Start importing Assets/Marco/DynamicShadowProjector/Samples/Materials/SpotlightWithShadow.mat using Guid(58c96af870e534b2abeaca7ed0ca1fd3) Importer(815301076,1909f56bfc062723c751e8b465ee728b)  -> (artifact id: '00988b6d47d504deb0e51dfa4add1e15') in 0.011604 seconds
Number of updated asset objects reloaded before import = 0
Number of asset objects unloaded after import = 3
========================================================================
Received Import Request.
  Time since last request: 1.892612 seconds.
  path: Assets/Marco/DynamicShadowProjector/Samples/Textures/leaves.png
  artifactKey: Guid(dc3fc11a9230b4f74851da2a09ab88a6) Importer(815301076,1909f56bfc062723c751e8b465ee728b)
Start importing Assets/Marco/DynamicShadowProjector/Samples/Textures/leaves.png using Guid(dc3fc11a9230b4f74851da2a09ab88a6) Importer(815301076,1909f56bfc062723c751e8b465ee728b)  -> (artifact id: '5f9a697379e8576cf5183cfb2abe6a4c') in 0.024438 seconds
Number of updated asset objects reloaded before import = 0
Number of asset objects unloaded after import = 2
========================================================================
Received Import Request.
  Time since last request: 2.690127 seconds.
  path: Assets/Marco/DynamicShadowProjector/Samples
  artifactKey: Guid(896ba9d2a146241be8b2db05c451c4bb) Importer(815301076,1909f56bfc062723c751e8b465ee728b)
Start importing Assets/Marco/DynamicShadowProjector/Samples using Guid(896ba9d2a146241be8b2db05c451c4bb) Importer(815301076,1909f56bfc062723c751e8b465ee728b)  -> (artifact id: 'd4478da161020fe77455104dec78c326') in 0.000562 seconds
Number of updated asset objects reloaded before import = 0
Number of asset objects unloaded after import = 0
========================================================================
Received Import Request.
  Time since last request: 2.544192 seconds.
  path: Assets/Marco/DynamicShadowProjector/Samples/Basic.unity
  artifactKey: Guid(959a11d6c82104ac99746960893354b7) Importer(815301076,1909f56bfc062723c751e8b465ee728b)
Start importing Assets/Marco/DynamicShadowProjector/Samples/Basic.unity using Guid(959a11d6c82104ac99746960893354b7) Importer(815301076,1909f56bfc062723c751e8b465ee728b)  -> (artifact id: 'd57412bcb7b78868eab32bf2777b9b73') in 0.000532 seconds
Number of updated asset objects reloaded before import = 0
Number of asset objects unloaded after import = 0
========================================================================
Received Import Request.
  Time since last request: 0.871047 seconds.
  path: Assets/Marco/DynamicShadowProjector/Samples/ShadowsOnTransparent.unity
  artifactKey: Guid(0dbaebadc0b454a2cb4834d0d52efa9c) Importer(815301076,1909f56bfc062723c751e8b465ee728b)
Start importing Assets/Marco/DynamicShadowProjector/Samples/ShadowsOnTransparent.unity using Guid(0dbaebadc0b454a2cb4834d0d52efa9c) Importer(815301076,1909f56bfc062723c751e8b465ee728b)  -> (artifact id: '9ec56093960015c0957d41e74cbd5b5d') in 0.000492 seconds
Number of updated asset objects reloaded before import = 0
Number of asset objects unloaded after import = 0
========================================================================
Received Import Request.
  Time since last request: 0.838813 seconds.
  path: Assets/Marco/DynamicShadowProjector/Samples/Spotlight.unity
  artifactKey: Guid(49801ac6b02614acabd41d9a1d281bcf) Importer(815301076,1909f56bfc062723c751e8b465ee728b)
Start importing Assets/Marco/DynamicShadowProjector/Samples/Spotlight.unity using Guid(49801ac6b02614acabd41d9a1d281bcf) Importer(815301076,1909f56bfc062723c751e8b465ee728b)  -> (artifact id: 'b794d2128b86f7d5713596ba2c75f5e4') in 0.000603 seconds
Number of updated asset objects reloaded before import = 0
Number of asset objects unloaded after import = 0
========================================================================
Received Prepare
Begin MonoManager ReloadAssembly
- Loaded All Assemblies, in  0.523 seconds
Refreshing native plugins compatible for Editor in 5.88 ms, found 3 plugins.
Native extension for WindowsStandalone target not found
[Package Manager] Server::EnsureServerProcessIsRunning -- launch failed, reason: Unity was launched with the -noUpm command-line argument
[Package Manager] UpmClient::Send -- Unable to send message (not connected to UPM process).
[Package Manager] Cannot connect to Unity Package Manager local server
Mono: successfully reloaded assembly
- Finished resetting the current domain, in  1.343 seconds
Domain Reload Profiling: 1861ms
	BeginReloadAssembly (186ms)
		ExecutionOrderSort (0ms)
		DisableScriptedObjects (4ms)
		BackupInstance (0ms)
		ReleaseScriptingObjects (0ms)
		CreateAndSetChildDomain (42ms)
	RebuildCommonClasses (41ms)
	RebuildNativeTypeToScriptingClass (11ms)
	initialDomainReloadingComplete (36ms)
	LoadAllAssembliesAndSetupDomain (244ms)
		LoadAssemblies (340ms)
		RebuildTransferFunctionScriptingTraits (0ms)
		AnalyzeDomain (10ms)
			TypeCache.Refresh (5ms)
				TypeCache.ScanAssembly (0ms)
			ScanForSourceGeneratedMonoScriptInfo (0ms)
			ResolveRequiredComponents (4ms)
	FinalizeReload (1344ms)
		ReleaseScriptCaches (0ms)
		RebuildScriptCaches (0ms)
		SetupLoadedEditorAssemblies (662ms)
			LogAssemblyErrors (0ms)
			InitializePlatformSupportModulesInManaged (8ms)
			SetLoadedEditorAssemblies (5ms)
			RefreshPlugins (0ms)
			BeforeProcessingInitializeOnLoad (79ms)
			ProcessInitializeOnLoadAttributes (532ms)
			ProcessInitializeOnLoadMethodAttributes (23ms)
			AfterProcessingInitializeOnLoad (16ms)
			EditorAssembliesLoaded (0ms)
		ExecutionOrderSort2 (0ms)
		AwakeInstancesAfterBackupRestoration (10ms)
Refreshing native plugins compatible for Editor in 6.41 ms, found 3 plugins.
Preloading 0 native plugins for Editor in 0.00 ms.
Unloading 3100 Unused Serialized files (Serialized files now loaded: 0)
Unloading 34 unused Assets / (286.9 KB). Loaded Objects now: 3635.
Memory consumption went from 133.8 MB to 133.5 MB.
Total: 3.640800 ms (FindLiveObjects: 0.273900 ms CreateObjectMapping: 0.264900 ms MarkObjects: 2.876600 ms  DeleteObjects: 0.224500 ms)

Prepare: number of updated asset objects reloaded= 0
AssetImportParameters requested are different than current active one (requested -> active):
  custom:container-demuxer-ogg: 62fdf1f143b41e24485cea50d1cbac27 -> 
  custom:video-decoder-ogg-theora: a1e56fd34408186e4bbccfd4996cb3dc -> 
  custom:framework-win-MediaFoundation: 216162199b28c13a410421893ffa2e32 -> 
  custom:CustomObjectIndexerAttribute: 756ad292c208cfabdd7b50bc23989ffe -> 
  custom:container-demuxer-webm: 4f35f7cbe854078d1ac9338744f61a02 -> 
  custom:container-muxer-webm: aa71ff27fc2769a1b78a27578f13a17b -> 
  custom:video-decoder-webm-vp8: 9c59270c3fd7afecdb556c50c9e8de78 -> 
  custom:SearchIndexIgnoredProperties: e643bd26f0fe6173181afceb89e7c659 -> 
  custom:AudioImporter_EditorPlatform: d09bf68614088b80899f8185d706f6e7 -> 
  custom:video-encoder-webm-vp8: eb34c28f22e8b96e1ab97ce403110664 -> 
  custom:audio-decoder-ogg-vorbis: bf7c407c2cedff20999df2af8eb42d56 -> 
  custom:audio-encoder-webm-vorbis: bf7c407c2cedff20999df2af8eb42d56 -> 
========================================================================
Received Import Request.
  Time since last request: 75.363442 seconds.
  path: Assets/Marco/DynamicShadowProjector/Shaders/Projector
  artifactKey: Guid(e2b7fac80b81b45da9bd65de6017e13d) Importer(815301076,1909f56bfc062723c751e8b465ee728b)
Start importing Assets/Marco/DynamicShadowProjector/Shaders/Projector using Guid(e2b7fac80b81b45da9bd65de6017e13d) Importer(815301076,1909f56bfc062723c751e8b465ee728b)  -> (artifact id: '30a508919cef1070cbd3a34bbfe67453') in 0.002279 seconds
Number of updated asset objects reloaded before import = 0
Number of asset objects unloaded after import = 0
========================================================================
Received Import Request.
  Time since last request: 0.087410 seconds.
  path: Assets/Marco/DynamicShadowProjector/Shaders/Projector/DSPMipmappedShadow.cginc
  artifactKey: Guid(5b0296f9aaf2441e3b2381553aab97b4) Importer(815301076,1909f56bfc062723c751e8b465ee728b)
Start importing Assets/Marco/DynamicShadowProjector/Shaders/Projector/DSPMipmappedShadow.cginc using Guid(5b0296f9aaf2441e3b2381553aab97b4) Importer(815301076,1909f56bfc062723c751e8b465ee728b)  -> (artifact id: '566096c5e39f56c3529f875a54a30925') in 0.009034 seconds
Number of updated asset objects reloaded before import = 0
Number of asset objects unloaded after import = 1
========================================================================
Received Import Request.
  Time since last request: 0.000026 seconds.
  path: Assets/Marco/DynamicShadowProjector/Shaders/Projector/UnityShaderVariablesForSRP.cginc
  artifactKey: Guid(862a188a8aeb24d18a3060b0394ee1bc) Importer(815301076,1909f56bfc062723c751e8b465ee728b)
Start importing Assets/Marco/DynamicShadowProjector/Shaders/Projector/UnityShaderVariablesForSRP.cginc using Guid(862a188a8aeb24d18a3060b0394ee1bc) Importer(815301076,1909f56bfc062723c751e8b465ee728b)  -> (artifact id: '2e3c2290f30c54db4fa9ce5627b184f2') in 0.000890 seconds
Number of updated asset objects reloaded before import = 0
Number of asset objects unloaded after import = 1
========================================================================
Received Import Request.
  Time since last request: 1.997729 seconds.
  path: Assets/Marco/DynamicShadowProjector/Shaders/Projector/Dynamic
  artifactKey: Guid(21c4164cc107c4647b496a5f36830dca) Importer(815301076,1909f56bfc062723c751e8b465ee728b)
Start importing Assets/Marco/DynamicShadowProjector/Shaders/Projector/Dynamic using Guid(21c4164cc107c4647b496a5f36830dca) Importer(815301076,1909f56bfc062723c751e8b465ee728b)  -> (artifact id: 'b6fc583436626b3afc5db1a321df0ab4') in 0.000466 seconds
Number of updated asset objects reloaded before import = 0
Number of asset objects unloaded after import = 0
========================================================================
Received Import Request.
  Time since last request: 179.537070 seconds.
  path: Assets/Marco/Materials
  artifactKey: Guid(a88404a9405287b48a8af14ce5f5ed6b) Importer(815301076,1909f56bfc062723c751e8b465ee728b)
Start importing Assets/Marco/Materials using Guid(a88404a9405287b48a8af14ce5f5ed6b) Importer(815301076,1909f56bfc062723c751e8b465ee728b)  -> (artifact id: '49d402494476559a343a56f39480a399') in 0.000460 seconds
Number of updated asset objects reloaded before import = 0
Number of asset objects unloaded after import = 0
========================================================================
Received Import Request.
  Time since last request: 7.757804 seconds.
  path: Assets/Marco/Materials/red.mat
  artifactKey: Guid(f681495d9c61ac440812b4cbb7eb352f) Importer(815301076,1909f56bfc062723c751e8b465ee728b)
Start importing Assets/Marco/Materials/red.mat using Guid(f681495d9c61ac440812b4cbb7eb352f) Importer(815301076,1909f56bfc062723c751e8b465ee728b)  -> (artifact id: 'f2be7d787db6b106f82b20b914d13159') in 0.053722 seconds
Number of updated asset objects reloaded before import = 0
Number of asset objects unloaded after import = 1
========================================================================
Received Import Request.
  Time since last request: 148.144403 seconds.
  path: Assets/Marco/DynamicShadowProjector/Samples/Materials
  artifactKey: Guid(e657e00887c13440e82035eab6c73668) Importer(815301076,1909f56bfc062723c751e8b465ee728b)
Start importing Assets/Marco/DynamicShadowProjector/Samples/Materials using Guid(e657e00887c13440e82035eab6c73668) Importer(815301076,1909f56bfc062723c751e8b465ee728b)  -> (artifact id: '8080c828fc70a43c53f2d430efe6e720') in 0.000630 seconds
Number of updated asset objects reloaded before import = 0
Number of asset objects unloaded after import = 0
========================================================================
Received Import Request.
  Time since last request: 6.617154 seconds.
  path: Assets/Marco/Materials/red.mat
  artifactKey: Guid(f681495d9c61ac440812b4cbb7eb352f) Importer(815301076,1909f56bfc062723c751e8b465ee728b)
Start importing Assets/Marco/Materials/red.mat using Guid(f681495d9c61ac440812b4cbb7eb352f) Importer(815301076,1909f56bfc062723c751e8b465ee728b)  -> (artifact id: '2e79b9e4f506976b90561e3ca11bded1') in 0.008229 seconds
Number of updated asset objects reloaded before import = 0
Number of asset objects unloaded after import = 1
========================================================================
Received Prepare
Begin MonoManager ReloadAssembly
- Loaded All Assemblies, in  0.506 seconds
Refreshing native plugins compatible for Editor in 4.92 ms, found 3 plugins.
Native extension for WindowsStandalone target not found
[Package Manager] Server::EnsureServerProcessIsRunning -- launch failed, reason: Unity was launched with the -noUpm command-line argument
[Package Manager] UpmClient::Send -- Unable to send message (not connected to UPM process).
[Package Manager] Cannot connect to Unity Package Manager local server
Mono: successfully reloaded assembly
- Finished resetting the current domain, in  1.120 seconds
Domain Reload Profiling: 1621ms
	BeginReloadAssembly (166ms)
		ExecutionOrderSort (0ms)
		DisableScriptedObjects (4ms)
		BackupInstance (0ms)
		ReleaseScriptingObjects (0ms)
		CreateAndSetChildDomain (36ms)
	RebuildCommonClasses (34ms)
	RebuildNativeTypeToScriptingClass (13ms)
	initialDomainReloadingComplete (35ms)
	LoadAllAssembliesAndSetupDomain (253ms)
		LoadAssemblies (322ms)
		RebuildTransferFunctionScriptingTraits (0ms)
		AnalyzeDomain (20ms)
			TypeCache.Refresh (8ms)
				TypeCache.ScanAssembly (0ms)
			ScanForSourceGeneratedMonoScriptInfo (7ms)
			ResolveRequiredComponents (4ms)
	FinalizeReload (1120ms)
		ReleaseScriptCaches (0ms)
		RebuildScriptCaches (0ms)
		SetupLoadedEditorAssemblies (501ms)
			LogAssemblyErrors (0ms)
			InitializePlatformSupportModulesInManaged (7ms)
			SetLoadedEditorAssemblies (4ms)
			RefreshPlugins (0ms)
			BeforeProcessingInitializeOnLoad (63ms)
			ProcessInitializeOnLoadAttributes (398ms)
			ProcessInitializeOnLoadMethodAttributes (17ms)
			AfterProcessingInitializeOnLoad (12ms)
			EditorAssembliesLoaded (0ms)
		ExecutionOrderSort2 (0ms)
		AwakeInstancesAfterBackupRestoration (8ms)
Refreshing native plugins compatible for Editor in 4.55 ms, found 3 plugins.
Preloading 0 native plugins for Editor in 0.00 ms.
Unloading 3073 Unused Serialized files (Serialized files now loaded: 0)
Unloading 32 unused Assets / (35.7 KB). Loaded Objects now: 3629.
Memory consumption went from 131.9 MB to 131.9 MB.
Total: 3.328600 ms (FindLiveObjects: 0.226300 ms CreateObjectMapping: 0.180400 ms MarkObjects: 2.868200 ms  DeleteObjects: 0.052700 ms)

Prepare: number of updated asset objects reloaded= 22
AssetImportParameters requested are different than current active one (requested -> active):
  custom:container-demuxer-ogg: 62fdf1f143b41e24485cea50d1cbac27 -> 
  custom:video-decoder-ogg-theora: a1e56fd34408186e4bbccfd4996cb3dc -> 
  custom:framework-win-MediaFoundation: 216162199b28c13a410421893ffa2e32 -> 
  custom:CustomObjectIndexerAttribute: 756ad292c208cfabdd7b50bc23989ffe -> 
  custom:container-demuxer-webm: 4f35f7cbe854078d1ac9338744f61a02 -> 
  custom:container-muxer-webm: aa71ff27fc2769a1b78a27578f13a17b -> 
  custom:video-decoder-webm-vp8: 9c59270c3fd7afecdb556c50c9e8de78 -> 
  custom:SearchIndexIgnoredProperties: e643bd26f0fe6173181afceb89e7c659 -> 
  custom:AudioImporter_EditorPlatform: d09bf68614088b80899f8185d706f6e7 -> 
  custom:video-encoder-webm-vp8: eb34c28f22e8b96e1ab97ce403110664 -> 
  custom:audio-decoder-ogg-vorbis: bf7c407c2cedff20999df2af8eb42d56 -> 
  custom:audio-encoder-webm-vorbis: bf7c407c2cedff20999df2af8eb42d56 -> 
========================================================================
Received Import Request.
  Time since last request: 409.438253 seconds.
  path: Assets/Videos/Shadow Animation_ Rabbits Carrots.mp4
  artifactKey: Guid(8b1d0475656884d48b540f329534d722) Importer(815301076,1909f56bfc062723c751e8b465ee728b)
Start importing Assets/Videos/Shadow Animation_ Rabbits Carrots.mp4 using Guid(8b1d0475656884d48b540f329534d722) Importer(815301076,1909f56bfc062723c751e8b465ee728b)  -> (artifact id: '8a62800810c18552a8e5bfe92de91c72') in 0.012967 seconds
Number of updated asset objects reloaded before import = 0
Number of asset objects unloaded after import = 1
========================================================================
Received Import Request.
  Time since last request: 10.353988 seconds.
  path: Assets/Render textures/Coocki.renderTexture
  artifactKey: Guid(a573a8abbacc0d44aa60eff19b0ee9da) Importer(815301076,1909f56bfc062723c751e8b465ee728b)
Start importing Assets/Render textures/Coocki.renderTexture using Guid(a573a8abbacc0d44aa60eff19b0ee9da) Importer(815301076,1909f56bfc062723c751e8b465ee728b)  -> (artifact id: 'b395c26909cfd62bc76324e566bafaa4') in 0.034710 seconds
Number of updated asset objects reloaded before import = 0
Number of asset objects unloaded after import = 2
========================================================================
Received Prepare
Begin MonoManager ReloadAssembly
- Loaded All Assemblies, in  0.469 seconds
Refreshing native plugins compatible for Editor in 4.42 ms, found 3 plugins.
Native extension for WindowsStandalone target not found
[Package Manager] Server::EnsureServerProcessIsRunning -- launch failed, reason: Unity was launched with the -noUpm command-line argument
[Package Manager] UpmClient::Send -- Unable to send message (not connected to UPM process).
[Package Manager] Cannot connect to Unity Package Manager local server
Mono: successfully reloaded assembly
- Finished resetting the current domain, in  1.177 seconds
Domain Reload Profiling: 1641ms
	BeginReloadAssembly (165ms)
		ExecutionOrderSort (0ms)
		DisableScriptedObjects (5ms)
		BackupInstance (0ms)
		ReleaseScriptingObjects (0ms)
		CreateAndSetChildDomain (36ms)
	RebuildCommonClasses (31ms)
	RebuildNativeTypeToScriptingClass (11ms)
	initialDomainReloadingComplete (37ms)
	LoadAllAssembliesAndSetupDomain (221ms)
		LoadAssemblies (301ms)
		RebuildTransferFunctionScriptingTraits (0ms)
		AnalyzeDomain (10ms)
			TypeCache.Refresh (5ms)
				TypeCache.ScanAssembly (0ms)
			ScanForSourceGeneratedMonoScriptInfo (0ms)
			ResolveRequiredComponents (4ms)
	FinalizeReload (1177ms)
		ReleaseScriptCaches (0ms)
		RebuildScriptCaches (0ms)
		SetupLoadedEditorAssemblies (596ms)
			LogAssemblyErrors (0ms)
			InitializePlatformSupportModulesInManaged (9ms)
			SetLoadedEditorAssemblies (5ms)
			RefreshPlugins (0ms)
			BeforeProcessingInitializeOnLoad (73ms)
			ProcessInitializeOnLoadAttributes (476ms)
			ProcessInitializeOnLoadMethodAttributes (19ms)
			AfterProcessingInitializeOnLoad (13ms)
			EditorAssembliesLoaded (0ms)
		ExecutionOrderSort2 (0ms)
		AwakeInstancesAfterBackupRestoration (9ms)
Refreshing native plugins compatible for Editor in 5.32 ms, found 3 plugins.
Preloading 0 native plugins for Editor in 0.00 ms.
Unloading 3073 Unused Serialized files (Serialized files now loaded: 0)
Unloading 23 unused Assets / (31.1 KB). Loaded Objects now: 3611.
Memory consumption went from 132.6 MB to 132.6 MB.
Total: 3.462000 ms (FindLiveObjects: 0.249300 ms CreateObjectMapping: 0.215100 ms MarkObjects: 2.954000 ms  DeleteObjects: 0.043000 ms)

Prepare: number of updated asset objects reloaded= 0
AssetImportParameters requested are different than current active one (requested -> active):
  custom:container-demuxer-ogg: 62fdf1f143b41e24485cea50d1cbac27 -> 
  custom:video-decoder-ogg-theora: a1e56fd34408186e4bbccfd4996cb3dc -> 
  custom:framework-win-MediaFoundation: 216162199b28c13a410421893ffa2e32 -> 
  custom:CustomObjectIndexerAttribute: 756ad292c208cfabdd7b50bc23989ffe -> 
  custom:container-demuxer-webm: 4f35f7cbe854078d1ac9338744f61a02 -> 
  custom:container-muxer-webm: aa71ff27fc2769a1b78a27578f13a17b -> 
  custom:video-decoder-webm-vp8: 9c59270c3fd7afecdb556c50c9e8de78 -> 
  custom:SearchIndexIgnoredProperties: e643bd26f0fe6173181afceb89e7c659 -> 
  custom:AudioImporter_EditorPlatform: d09bf68614088b80899f8185d706f6e7 -> 
  custom:video-encoder-webm-vp8: eb34c28f22e8b96e1ab97ce403110664 -> 
  custom:audio-decoder-ogg-vorbis: bf7c407c2cedff20999df2af8eb42d56 -> 
  custom:audio-encoder-webm-vorbis: bf7c407c2cedff20999df2af8eb42d56 -> 
========================================================================
Received Prepare
Begin MonoManager ReloadAssembly
- Loaded All Assemblies, in  0.480 seconds
Refreshing native plugins compatible for Editor in 4.74 ms, found 3 plugins.
Native extension for WindowsStandalone target not found
[Package Manager] Server::EnsureServerProcessIsRunning -- launch failed, reason: Unity was launched with the -noUpm command-line argument
[Package Manager] UpmClient::Send -- Unable to send message (not connected to UPM process).
[Package Manager] Cannot connect to Unity Package Manager local server
Mono: successfully reloaded assembly
- Finished resetting the current domain, in  1.184 seconds
Domain Reload Profiling: 1660ms
	BeginReloadAssembly (169ms)
		ExecutionOrderSort (0ms)
		DisableScriptedObjects (6ms)
		BackupInstance (0ms)
		ReleaseScriptingObjects (0ms)
		CreateAndSetChildDomain (33ms)
	RebuildCommonClasses (32ms)
	RebuildNativeTypeToScriptingClass (18ms)
	initialDomainReloadingComplete (34ms)
	LoadAllAssembliesAndSetupDomain (222ms)
		LoadAssemblies (310ms)
		RebuildTransferFunctionScriptingTraits (0ms)
		AnalyzeDomain (10ms)
			TypeCache.Refresh (5ms)
				TypeCache.ScanAssembly (0ms)
			ScanForSourceGeneratedMonoScriptInfo (0ms)
			ResolveRequiredComponents (4ms)
	FinalizeReload (1185ms)
		ReleaseScriptCaches (0ms)
		RebuildScriptCaches (0ms)
		SetupLoadedEditorAssemblies (593ms)
			LogAssemblyErrors (0ms)
			InitializePlatformSupportModulesInManaged (8ms)
			SetLoadedEditorAssemblies (5ms)
			RefreshPlugins (0ms)
			BeforeProcessingInitializeOnLoad (74ms)
			ProcessInitializeOnLoadAttributes (474ms)
			ProcessInitializeOnLoadMethodAttributes (19ms)
			AfterProcessingInitializeOnLoad (14ms)
			EditorAssembliesLoaded (0ms)
		ExecutionOrderSort2 (0ms)
		AwakeInstancesAfterBackupRestoration (9ms)
Refreshing native plugins compatible for Editor in 4.57 ms, found 3 plugins.
Preloading 0 native plugins for Editor in 0.00 ms.
Unloading 3074 Unused Serialized files (Serialized files now loaded: 0)
Unloading 23 unused Assets / (31.1 KB). Loaded Objects now: 3614.
Memory consumption went from 134.8 MB to 134.8 MB.
Total: 3.272700 ms (FindLiveObjects: 0.254600 ms CreateObjectMapping: 0.292500 ms MarkObjects: 2.681800 ms  DeleteObjects: 0.043000 ms)

Prepare: number of updated asset objects reloaded= 0
AssetImportParameters requested are different than current active one (requested -> active):
  custom:container-demuxer-ogg: 62fdf1f143b41e24485cea50d1cbac27 -> 
  custom:video-decoder-ogg-theora: a1e56fd34408186e4bbccfd4996cb3dc -> 
  custom:framework-win-MediaFoundation: 216162199b28c13a410421893ffa2e32 -> 
  custom:CustomObjectIndexerAttribute: 756ad292c208cfabdd7b50bc23989ffe -> 
  custom:container-demuxer-webm: 4f35f7cbe854078d1ac9338744f61a02 -> 
  custom:container-muxer-webm: aa71ff27fc2769a1b78a27578f13a17b -> 
  custom:video-decoder-webm-vp8: 9c59270c3fd7afecdb556c50c9e8de78 -> 
  custom:SearchIndexIgnoredProperties: e643bd26f0fe6173181afceb89e7c659 -> 
  custom:AudioImporter_EditorPlatform: d09bf68614088b80899f8185d706f6e7 -> 
  custom:video-encoder-webm-vp8: eb34c28f22e8b96e1ab97ce403110664 -> 
  custom:audio-decoder-ogg-vorbis: bf7c407c2cedff20999df2af8eb42d56 -> 
  custom:audio-encoder-webm-vorbis: bf7c407c2cedff20999df2af8eb42d56 -> 
========================================================================
Received Prepare
Begin MonoManager ReloadAssembly
- Loaded All Assemblies, in  0.474 seconds
Refreshing native plugins compatible for Editor in 4.75 ms, found 3 plugins.
Native extension for WindowsStandalone target not found
[Package Manager] Server::EnsureServerProcessIsRunning -- launch failed, reason: Unity was launched with the -noUpm command-line argument
[Package Manager] UpmClient::Send -- Unable to send message (not connected to UPM process).
[Package Manager] Cannot connect to Unity Package Manager local server
Mono: successfully reloaded assembly
- Finished resetting the current domain, in  1.201 seconds
Domain Reload Profiling: 1670ms
	BeginReloadAssembly (167ms)
		ExecutionOrderSort (0ms)
		DisableScriptedObjects (5ms)
		BackupInstance (0ms)
		ReleaseScriptingObjects (0ms)
		CreateAndSetChildDomain (32ms)
	RebuildCommonClasses (36ms)
	RebuildNativeTypeToScriptingClass (11ms)
	initialDomainReloadingComplete (33ms)
	LoadAllAssembliesAndSetupDomain (222ms)
		LoadAssemblies (304ms)
		RebuildTransferFunctionScriptingTraits (0ms)
		AnalyzeDomain (11ms)
			TypeCache.Refresh (5ms)
				TypeCache.ScanAssembly (0ms)
			ScanForSourceGeneratedMonoScriptInfo (0ms)
			ResolveRequiredComponents (4ms)
	FinalizeReload (1202ms)
		ReleaseScriptCaches (0ms)
		RebuildScriptCaches (0ms)
		SetupLoadedEditorAssemblies (603ms)
			LogAssemblyErrors (0ms)
			InitializePlatformSupportModulesInManaged (8ms)
			SetLoadedEditorAssemblies (5ms)
			RefreshPlugins (0ms)
			BeforeProcessingInitializeOnLoad (73ms)
			ProcessInitializeOnLoadAttributes (483ms)
			ProcessInitializeOnLoadMethodAttributes (20ms)
			AfterProcessingInitializeOnLoad (14ms)
			EditorAssembliesLoaded (0ms)
		ExecutionOrderSort2 (0ms)
		AwakeInstancesAfterBackupRestoration (8ms)
Refreshing native plugins compatible for Editor in 5.08 ms, found 3 plugins.
Preloading 0 native plugins for Editor in 0.00 ms.
Unloading 3074 Unused Serialized files (Serialized files now loaded: 0)
Unloading 23 unused Assets / (31.1 KB). Loaded Objects now: 3617.
Memory consumption went from 136.8 MB to 136.7 MB.
Total: 3.372200 ms (FindLiveObjects: 0.274600 ms CreateObjectMapping: 0.231000 ms MarkObjects: 2.818900 ms  DeleteObjects: 0.046100 ms)

Prepare: number of updated asset objects reloaded= 0
AssetImportParameters requested are different than current active one (requested -> active):
  custom:container-demuxer-ogg: 62fdf1f143b41e24485cea50d1cbac27 -> 
  custom:video-decoder-ogg-theora: a1e56fd34408186e4bbccfd4996cb3dc -> 
  custom:framework-win-MediaFoundation: 216162199b28c13a410421893ffa2e32 -> 
  custom:CustomObjectIndexerAttribute: 756ad292c208cfabdd7b50bc23989ffe -> 
  custom:container-demuxer-webm: 4f35f7cbe854078d1ac9338744f61a02 -> 
  custom:container-muxer-webm: aa71ff27fc2769a1b78a27578f13a17b -> 
  custom:video-decoder-webm-vp8: 9c59270c3fd7afecdb556c50c9e8de78 -> 
  custom:SearchIndexIgnoredProperties: e643bd26f0fe6173181afceb89e7c659 -> 
  custom:AudioImporter_EditorPlatform: d09bf68614088b80899f8185d706f6e7 -> 
  custom:video-encoder-webm-vp8: eb34c28f22e8b96e1ab97ce403110664 -> 
  custom:audio-decoder-ogg-vorbis: bf7c407c2cedff20999df2af8eb42d56 -> 
  custom:audio-encoder-webm-vorbis: bf7c407c2cedff20999df2af8eb42d56 -> 
========================================================================
Received Import Request.
  Time since last request: 455.281084 seconds.
  path: Assets/Light cookies
  artifactKey: Guid(3894b99b4b4d22347bb9165fc290a9a9) Importer(815301076,1909f56bfc062723c751e8b465ee728b)
Start importing Assets/Light cookies using Guid(3894b99b4b4d22347bb9165fc290a9a9) Importer(815301076,1909f56bfc062723c751e8b465ee728b)  -> (artifact id: '8525650ebbaac53463154e84c451558b') in 0.001800 seconds
Number of updated asset objects reloaded before import = 0
Number of asset objects unloaded after import = 0
========================================================================
Received Import Request.
  Time since last request: 0.965476 seconds.
  path: Assets/Light cookies/PNG (Black background)
  artifactKey: Guid(968d60e602ae02e47afade173e004bd0) Importer(815301076,1909f56bfc062723c751e8b465ee728b)
Start importing Assets/Light cookies/PNG (Black background) using Guid(968d60e602ae02e47afade173e004bd0) Importer(815301076,1909f56bfc062723c751e8b465ee728b)  -> (artifact id: '727ad3a8e12259a08901eb953c4d8f00') in 0.000455 seconds
Number of updated asset objects reloaded before import = 0
Number of asset objects unloaded after import = 0
========================================================================
Received Import Request.
  Time since last request: 0.094359 seconds.
  path: Assets/Light cookies/PNG (Black background)/circle_01.png
  artifactKey: Guid(344e258dd86fd354e97b4a8ea4ef48cb) Importer(815301076,1909f56bfc062723c751e8b465ee728b)
Start importing Assets/Light cookies/PNG (Black background)/circle_01.png using Guid(344e258dd86fd354e97b4a8ea4ef48cb) Importer(815301076,1909f56bfc062723c751e8b465ee728b)  -> (artifact id: 'c61eb238b0e8dca2a6803d45738d9683') in 0.053252 seconds
Number of updated asset objects reloaded before import = 0
Number of asset objects unloaded after import = 1
========================================================================
Received Import Request.
  Time since last request: 0.182813 seconds.
  path: Assets/Light cookies/PNG (Black background)/circle_04.png
  artifactKey: Guid(478e0e0f57309cb4793353500548597d) Importer(815301076,1909f56bfc062723c751e8b465ee728b)
Start importing Assets/Light cookies/PNG (Black background)/circle_04.png using Guid(478e0e0f57309cb4793353500548597d) Importer(815301076,1909f56bfc062723c751e8b465ee728b)  -> (artifact id: '1175d4815faf3be4139d487ead66b9ff') in 0.016908 seconds
Number of updated asset objects reloaded before import = 0
Number of asset objects unloaded after import = 2
========================================================================
Received Import Request.
  Time since last request: 0.218766 seconds.
  path: Assets/Light cookies/PNG (Black background)/fire_01.png
  artifactKey: Guid(247cf344bab659a4e846426eaf017a86) Importer(815301076,1909f56bfc062723c751e8b465ee728b)
Start importing Assets/Light cookies/PNG (Black background)/fire_01.png using Guid(247cf344bab659a4e846426eaf017a86) Importer(815301076,1909f56bfc062723c751e8b465ee728b)  -> (artifact id: '8e30bd6678b343c0801ecf14bd9a7d29') in 0.016839 seconds
Number of updated asset objects reloaded before import = 0
Number of asset objects unloaded after import = 2
========================================================================
Received Import Request.
  Time since last request: 0.000021 seconds.
  path: Assets/Light cookies/PNG (Black background)/muzzle_02.png
  artifactKey: Guid(f6de27298a3ad004db8908218e9331c2) Importer(815301076,1909f56bfc062723c751e8b465ee728b)
Start importing Assets/Light cookies/PNG (Black background)/muzzle_02.png using Guid(f6de27298a3ad004db8908218e9331c2) Importer(815301076,1909f56bfc062723c751e8b465ee728b)  -> (artifact id: 'a7bb359c6805f8b418a4306ba8f3388f') in 0.019470 seconds
Number of updated asset objects reloaded before import = 0
Number of asset objects unloaded after import = 2
========================================================================
Received Import Request.
  Time since last request: 0.000013 seconds.
  path: Assets/Light cookies/PNG (Black background)/magic_01.png
  artifactKey: Guid(69cdddb47b142fe41bd84e0ce441bfa9) Importer(815301076,1909f56bfc062723c751e8b465ee728b)
Start importing Assets/Light cookies/PNG (Black background)/magic_01.png using Guid(69cdddb47b142fe41bd84e0ce441bfa9) Importer(815301076,1909f56bfc062723c751e8b465ee728b)  -> (artifact id: '58f111cad0305975b56513b750d7c322') in 0.015247 seconds
Number of updated asset objects reloaded before import = 0
Number of asset objects unloaded after import = 2
========================================================================
Received Import Request.
  Time since last request: 0.000019 seconds.
  path: Assets/Light cookies/PNG (Black background)/muzzle_01.png
  artifactKey: Guid(6f7ba83744c60744694f3751cb5915f8) Importer(815301076,1909f56bfc062723c751e8b465ee728b)
Start importing Assets/Light cookies/PNG (Black background)/muzzle_01.png using Guid(6f7ba83744c60744694f3751cb5915f8) Importer(815301076,1909f56bfc062723c751e8b465ee728b)  -> (artifact id: '0f3421e09a306a0d1e0854523b0e23d5') in 0.019195 seconds
Number of updated asset objects reloaded before import = 0
Number of asset objects unloaded after import = 2
========================================================================
Received Import Request.
  Time since last request: 0.000018 seconds.
  path: Assets/Light cookies/PNG (Black background)/muzzle_05.png
  artifactKey: Guid(808cd15bd419ef243a5b8f563bd43b0f) Importer(815301076,1909f56bfc062723c751e8b465ee728b)
Start importing Assets/Light cookies/PNG (Black background)/muzzle_05.png using Guid(808cd15bd419ef243a5b8f563bd43b0f) Importer(815301076,1909f56bfc062723c751e8b465ee728b)  -> (artifact id: 'ea183f392e65d799fb734c3c3792029e') in 0.015707 seconds
Number of updated asset objects reloaded before import = 0
Number of asset objects unloaded after import = 2
========================================================================
Received Import Request.
  Time since last request: 0.000023 seconds.
  path: Assets/Light cookies/PNG (Black background)/flame_05.png
  artifactKey: Guid(761c6d684044d6247a2d46bca3799983) Importer(815301076,1909f56bfc062723c751e8b465ee728b)
Start importing Assets/Light cookies/PNG (Black background)/flame_05.png using Guid(761c6d684044d6247a2d46bca3799983) Importer(815301076,1909f56bfc062723c751e8b465ee728b)  -> (artifact id: '0b16d86f85a85ce3c27cdcfae92d3f93') in 0.017884 seconds
Number of updated asset objects reloaded before import = 0
Number of asset objects unloaded after import = 2
========================================================================
Received Import Request.
  Time since last request: 0.000017 seconds.
  path: Assets/Light cookies/PNG (Black background)/muzzle_03.png
  artifactKey: Guid(a52dea6e825c44d408befe5fbeccce54) Importer(815301076,1909f56bfc062723c751e8b465ee728b)
Start importing Assets/Light cookies/PNG (Black background)/muzzle_03.png using Guid(a52dea6e825c44d408befe5fbeccce54) Importer(815301076,1909f56bfc062723c751e8b465ee728b)  -> (artifact id: '2c5e9a09332de61da9d310ea574070a9') in 0.015563 seconds
Number of updated asset objects reloaded before import = 0
Number of asset objects unloaded after import = 2
========================================================================
Received Import Request.
  Time since last request: 0.000018 seconds.
  path: Assets/Light cookies/PNG (Black background)/flame_01.png
  artifactKey: Guid(35aa0b3fecb6d2b48847c111079117a0) Importer(815301076,1909f56bfc062723c751e8b465ee728b)
Start importing Assets/Light cookies/PNG (Black background)/flame_01.png using Guid(35aa0b3fecb6d2b48847c111079117a0) Importer(815301076,1909f56bfc062723c751e8b465ee728b)  -> (artifact id: '0c974ef81146ef817a265bac680246cc') in 0.015866 seconds
Number of updated asset objects reloaded before import = 0
Number of asset objects unloaded after import = 2
========================================================================
Received Import Request.
  Time since last request: 0.000016 seconds.
  path: Assets/Light cookies/PNG (Black background)/magic_04.png
  artifactKey: Guid(4a109a91d85c55949b7f34ff34b041e2) Importer(815301076,1909f56bfc062723c751e8b465ee728b)
Start importing Assets/Light cookies/PNG (Black background)/magic_04.png using Guid(4a109a91d85c55949b7f34ff34b041e2) Importer(815301076,1909f56bfc062723c751e8b465ee728b)  -> (artifact id: '514b32e19d3ce2899bfbfaa590a395c4') in 0.017330 seconds
Number of updated asset objects reloaded before import = 0
Number of asset objects unloaded after import = 2
========================================================================
Received Import Request.
  Time since last request: 0.000017 seconds.
  path: Assets/Light cookies/PNG (Black background)/dirt_03.png
  artifactKey: Guid(abca4bb019b33b74dbf762a0b7efa191) Importer(815301076,1909f56bfc062723c751e8b465ee728b)
Start importing Assets/Light cookies/PNG (Black background)/dirt_03.png using Guid(abca4bb019b33b74dbf762a0b7efa191) Importer(815301076,1909f56bfc062723c751e8b465ee728b)  -> (artifact id: '5d47f658aa3db6b1ef0c63efff6bddbf') in 0.018625 seconds
Number of updated asset objects reloaded before import = 0
Number of asset objects unloaded after import = 2
========================================================================
Received Import Request.
  Time since last request: 0.000014 seconds.
  path: Assets/Light cookies/PNG (Black background)/fire_02.png
  artifactKey: Guid(b45d7bda0220ec24985dd662c8f818cc) Importer(815301076,1909f56bfc062723c751e8b465ee728b)
Start importing Assets/Light cookies/PNG (Black background)/fire_02.png using Guid(b45d7bda0220ec24985dd662c8f818cc) Importer(815301076,1909f56bfc062723c751e8b465ee728b)  -> (artifact id: 'b569e8477ff8e5c33afa6884c62b1424') in 0.016092 seconds
Number of updated asset objects reloaded before import = 0
Number of asset objects unloaded after import = 2
========================================================================
Received Import Request.
  Time since last request: 0.000016 seconds.
  path: Assets/Light cookies/PNG (Black background)/dirt_01.png
  artifactKey: Guid(2365d94b2f7959b4a8dde9f0b16fa1fc) Importer(815301076,1909f56bfc062723c751e8b465ee728b)
Start importing Assets/Light cookies/PNG (Black background)/dirt_01.png using Guid(2365d94b2f7959b4a8dde9f0b16fa1fc) Importer(815301076,1909f56bfc062723c751e8b465ee728b)  -> (artifact id: 'e1143004dce53d189d987552dc1e1bb5') in 0.023529 seconds
Number of updated asset objects reloaded before import = 0
Number of asset objects unloaded after import = 2
========================================================================
Received Import Request.
  Time since last request: 0.000018 seconds.
  path: Assets/Light cookies/PNG (Black background)/flame_06.png
  artifactKey: Guid(65892be2a4555b24f9469a2d6e79652c) Importer(815301076,1909f56bfc062723c751e8b465ee728b)
Start importing Assets/Light cookies/PNG (Black background)/flame_06.png using Guid(65892be2a4555b24f9469a2d6e79652c) Importer(815301076,1909f56bfc062723c751e8b465ee728b)  -> (artifact id: 'cd2d4512e7bbf03a9099a1caab8f31bd') in 0.015797 seconds
Number of updated asset objects reloaded before import = 0
Number of asset objects unloaded after import = 2
========================================================================
Received Import Request.
  Time since last request: 0.000017 seconds.
  path: Assets/Light cookies/PNG (Black background)/magic_03.png
  artifactKey: Guid(a68df74598d0ee448a823e0837e67fb7) Importer(815301076,1909f56bfc062723c751e8b465ee728b)
Start importing Assets/Light cookies/PNG (Black background)/magic_03.png using Guid(a68df74598d0ee448a823e0837e67fb7) Importer(815301076,1909f56bfc062723c751e8b465ee728b)  -> (artifact id: '6eaca6cdd8adaa2115beff86dbd0753b') in 0.016193 seconds
Number of updated asset objects reloaded before import = 0
Number of asset objects unloaded after import = 2
Editor requested this worker to shutdown with reason: Scaling down because of idle timeout
TcpMessagingSession - receive error: operation aborted. errorcode: 995, details: The I/O operation has been aborted because of either a thread exit or an application request.
AssetImportWorker is now disconnected from the server
Process exiting
Exiting without the bug reporter. Application will terminate with return code 0