Using pre-set license
Built from '2022.3/staging' branch; Version is '2022.3.11f1 (d00248457e15) revision 13632072'; Using compiler version '192829333'; Build Type 'Release'
OS: 'Windows 10  (10.0.19045) 64bit Enterprise' Language: 'en' Physical Memory: 65437 MB
BatchMode: 1, IsHumanControllingUs: 0, StartBugReporterOnCrash: 0, Is64bit: 1, IsPro: 1

COMMAND LINE ARGUMENTS:
C:\Program Files\Unity\Hub\Editor\2022.3.11f1\Editor\Unity.exe
-adb2
-batchMode
-noUpm
-name
AssetImportWorker7
-projectPath
C:/Users/Research/Documents/GitHub/shadow-puppet/ShadowPuppet_Unity
-logFile
Logs/AssetImportWorker7.log
-srvPort
55135
Successfully changed project path to: C:/Users/Research/Documents/GitHub/shadow-puppet/ShadowPuppet_Unity
C:/Users/Research/Documents/GitHub/shadow-puppet/ShadowPuppet_Unity
[UnityMemory] Configuration Parameters - Can be set up in boot.config
    "memorysetup-bucket-allocator-granularity=16"
    "memorysetup-bucket-allocator-bucket-count=8"
    "memorysetup-bucket-allocator-block-size=33554432"
    "memorysetup-bucket-allocator-block-count=8"
    "memorysetup-main-allocator-block-size=16777216"
    "memorysetup-thread-allocator-block-size=16777216"
    "memorysetup-gfx-main-allocator-block-size=16777216"
    "memorysetup-gfx-thread-allocator-block-size=16777216"
    "memorysetup-cache-allocator-block-size=4194304"
    "memorysetup-typetree-allocator-block-size=2097152"
    "memorysetup-profiler-bucket-allocator-granularity=16"
    "memorysetup-profiler-bucket-allocator-bucket-count=8"
    "memorysetup-profiler-bucket-allocator-block-size=33554432"
    "memorysetup-profiler-bucket-allocator-block-count=8"
    "memorysetup-profiler-allocator-block-size=16777216"
    "memorysetup-profiler-editor-allocator-block-size=1048576"
    "memorysetup-temp-allocator-size-main=16777216"
    "memorysetup-job-temp-allocator-block-size=2097152"
    "memorysetup-job-temp-allocator-block-size-background=1048576"
    "memorysetup-job-temp-allocator-reduction-small-platforms=262144"
    "memorysetup-allocator-temp-initial-block-size-main=262144"
    "memorysetup-allocator-temp-initial-block-size-worker=262144"
    "memorysetup-temp-allocator-size-background-worker=32768"
    "memorysetup-temp-allocator-size-job-worker=262144"
    "memorysetup-temp-allocator-size-preload-manager=33554432"
    "memorysetup-temp-allocator-size-nav-mesh-worker=65536"
    "memorysetup-temp-allocator-size-audio-worker=65536"
    "memorysetup-temp-allocator-size-cloud-worker=32768"
    "memorysetup-temp-allocator-size-gi-baking-worker=262144"
    "memorysetup-temp-allocator-size-gfx=262144"
Player connection [26076] Host "[IP] 10.115.139.168 [Port] 0 [Flags] 2 [Guid] 1466301368 [EditorId] 1466301368 [Version] 1048832 [Id] WindowsEditor(7,FA-EV10705PTIM2) [Debug] 1 [PackageName] WindowsEditor [ProjectName] Editor" joined multi-casting on [225.0.0.222:54997]...

Player connection [26076] Host "[IP] 10.115.139.168 [Port] 0 [Flags] 2 [Guid] 1466301368 [EditorId] 1466301368 [Version] 1048832 [Id] WindowsEditor(7,FA-EV10705PTIM2) [Debug] 1 [PackageName] WindowsEditor [ProjectName] Editor" joined alternative multi-casting on [225.0.0.222:34997]...

[Physics::Module] Initialized MultithreadedJobDispatcher with 7 workers.
Refreshing native plugins compatible for Editor in 30.58 ms, found 6 plugins.
Preloading 0 native plugins for Editor in 0.00 ms.
Initialize engine version: 2022.3.11f1 (d00248457e15)
[Subsystems] Discovering subsystems at path C:/Program Files/Unity/Hub/Editor/2022.3.11f1/Editor/Data/Resources/UnitySubsystems
[Subsystems] Discovering subsystems at path C:/Users/Research/Documents/GitHub/shadow-puppet/ShadowPuppet_Unity/Assets
GfxDevice: creating device client; threaded=0; jobified=0
Direct3D:
    Version:  Direct3D 11.0 [level 11.1]
    Renderer: NVIDIA GeForce GTX 1080 (ID=0x1b80)
    Vendor:   NVIDIA
    VRAM:     8072 MB
    Driver:   31.0.15.3623
Initialize mono
Mono path[0] = 'C:/Program Files/Unity/Hub/Editor/2022.3.11f1/Editor/Data/Managed'
Mono path[1] = 'C:/Program Files/Unity/Hub/Editor/2022.3.11f1/Editor/Data/MonoBleedingEdge/lib/mono/unityjit-win32'
Mono config path = 'C:/Program Files/Unity/Hub/Editor/2022.3.11f1/Editor/Data/MonoBleedingEdge/etc'
Using monoOptions --debugger-agent=transport=dt_socket,embedding=1,server=y,suspend=n,address=127.0.0.1:56072
Begin MonoManager ReloadAssembly
Registering precompiled unity dll's ...
Register platform support module: C:/Program Files/Unity/Hub/Editor/2022.3.11f1/Editor/Data/PlaybackEngines/WindowsStandaloneSupport/UnityEditor.WindowsStandalone.Extensions.dll
Registered in 0.015809 seconds.
- Loaded All Assemblies, in  0.565 seconds
Native extension for WindowsStandalone target not found
Mono: successfully reloaded assembly
- Finished resetting the current domain, in  0.368 seconds
Domain Reload Profiling: 930ms
	BeginReloadAssembly (169ms)
		ExecutionOrderSort (0ms)
		DisableScriptedObjects (0ms)
		BackupInstance (0ms)
		ReleaseScriptingObjects (0ms)
		CreateAndSetChildDomain (1ms)
	RebuildCommonClasses (66ms)
	RebuildNativeTypeToScriptingClass (18ms)
	initialDomainReloadingComplete (101ms)
	LoadAllAssembliesAndSetupDomain (207ms)
		LoadAssemblies (165ms)
		RebuildTransferFunctionScriptingTraits (0ms)
		AnalyzeDomain (204ms)
			TypeCache.Refresh (203ms)
				TypeCache.ScanAssembly (182ms)
			ScanForSourceGeneratedMonoScriptInfo (0ms)
			ResolveRequiredComponents (1ms)
	FinalizeReload (369ms)
		ReleaseScriptCaches (0ms)
		RebuildScriptCaches (0ms)
		SetupLoadedEditorAssemblies (280ms)
			LogAssemblyErrors (0ms)
			InitializePlatformSupportModulesInManaged (15ms)
			SetLoadedEditorAssemblies (11ms)
			RefreshPlugins (0ms)
			BeforeProcessingInitializeOnLoad (3ms)
			ProcessInitializeOnLoadAttributes (184ms)
			ProcessInitializeOnLoadMethodAttributes (68ms)
			AfterProcessingInitializeOnLoad (0ms)
			EditorAssembliesLoaded (0ms)
		ExecutionOrderSort2 (0ms)
		AwakeInstancesAfterBackupRestoration (0ms)
========================================================================
Worker process is ready to serve import requests
Begin MonoManager ReloadAssembly
- Loaded All Assemblies, in  0.971 seconds
Refreshing native plugins compatible for Editor in 8.38 ms, found 6 plugins.
Native extension for WindowsStandalone target not found
Package Manager log level set to [2]
[Package Manager] Server::EnsureServerProcessIsRunning -- launch failed, reason: Unity was launched with the -noUpm command-line argument
[Package Manager] UpmClient::Send -- Unable to send message (not connected to UPM process).
[Package Manager] Cannot connect to Unity Package Manager local server
[Package Manager] Server::EnsureServerProcessIsRunning -- launch failed, reason: Unity was launched with the -noUpm command-line argument
[Package Manager] UpmClient::Send -- Unable to send message (not connected to UPM process).
[Package Manager] Cannot connect to Unity Package Manager local server
Mono: successfully reloaded assembly
[Package Manager] Server::EnsureServerProcessIsRunning -- launch failed, reason: Unity was launched with the -noUpm command-line argument
[Package Manager] UpmClient::Send -- Unable to send message (not connected to UPM process).
[Package Manager] Cannot connect to Unity Package Manager local server
[Package Manager] Server::EnsureServerProcessIsRunning -- launch failed, reason: Unity was launched with the -noUpm command-line argument
[Package Manager] UpmClient::Send -- Unable to send message (not connected to UPM process).
[Package Manager] Cannot connect to Unity Package Manager local server
- Finished resetting the current domain, in  0.927 seconds
Domain Reload Profiling: 1892ms
	BeginReloadAssembly (221ms)
		ExecutionOrderSort (0ms)
		DisableScriptedObjects (9ms)
		BackupInstance (0ms)
		ReleaseScriptingObjects (0ms)
		CreateAndSetChildDomain (31ms)
	RebuildCommonClasses (50ms)
	RebuildNativeTypeToScriptingClass (17ms)
	initialDomainReloadingComplete (73ms)
	LoadAllAssembliesAndSetupDomain (603ms)
		LoadAssemblies (449ms)
		RebuildTransferFunctionScriptingTraits (0ms)
		AnalyzeDomain (282ms)
			TypeCache.Refresh (247ms)
				TypeCache.ScanAssembly (225ms)
			ScanForSourceGeneratedMonoScriptInfo (22ms)
			ResolveRequiredComponents (12ms)
	FinalizeReload (927ms)
		ReleaseScriptCaches (0ms)
		RebuildScriptCaches (0ms)
		SetupLoadedEditorAssemblies (727ms)
			LogAssemblyErrors (0ms)
			InitializePlatformSupportModulesInManaged (8ms)
			SetLoadedEditorAssemblies (6ms)
			RefreshPlugins (0ms)
			BeforeProcessingInitializeOnLoad (88ms)
			ProcessInitializeOnLoadAttributes (588ms)
			ProcessInitializeOnLoadMethodAttributes (26ms)
			AfterProcessingInitializeOnLoad (12ms)
			EditorAssembliesLoaded (0ms)
		ExecutionOrderSort2 (0ms)
		AwakeInstancesAfterBackupRestoration (10ms)
Launched and connected shader compiler UnityShaderCompiler.exe after 0.12 seconds
Refreshing native plugins compatible for Editor in 12.32 ms, found 6 plugins.
Preloading 0 native plugins for Editor in 0.00 ms.
Unloading 3416 Unused Serialized files (Serialized files now loaded: 0)
Unloading 35 unused Assets / (57.7 KB). Loaded Objects now: 3912.
Memory consumption went from 219.5 MB to 219.4 MB.
Total: 5.690500 ms (FindLiveObjects: 0.453700 ms CreateObjectMapping: 0.284200 ms MarkObjects: 4.799900 ms  DeleteObjects: 0.151400 ms)

AssetImportParameters requested are different than current active one (requested -> active):
  custom:container-demuxer-ogg: 62fdf1f143b41e24485cea50d1cbac27 -> 
  custom:scripting/monoscript/fileName/OpenVRSimpleJSON.cs: af76c6d6c9c7fe2b8cfd370b2f29b59f -> 
  custom:video-decoder-ogg-theora: a1e56fd34408186e4bbccfd4996cb3dc -> 
  custom:framework-win-MediaFoundation: 216162199b28c13a410421893ffa2e32 -> 
  custom:CustomObjectIndexerAttribute: 756ad292c208cfabdd7b50bc23989ffe -> 
  custom:container-demuxer-webm: 4f35f7cbe854078d1ac9338744f61a02 -> 
  custom:scripting/monoscript/fileName/openvr_api.cs: 2e32ba05c4ef83e6129ad780a6878ae0 -> 98f40b14b932fea606f388f353d5049d
  custom:container-muxer-webm: aa71ff27fc2769a1b78a27578f13a17b -> 
  custom:video-decoder-webm-vp8: 9c59270c3fd7afecdb556c50c9e8de78 -> 
  custom:SearchIndexIgnoredProperties: e643bd26f0fe6173181afceb89e7c659 -> 
  custom:AudioImporter_EditorPlatform: d09bf68614088b80899f8185d706f6e7 -> 
  custom:video-encoder-webm-vp8: eb34c28f22e8b96e1ab97ce403110664 -> 
  custom:audio-decoder-ogg-vorbis: bf7c407c2cedff20999df2af8eb42d56 -> 
  custom:scripting/monoscript/fileName/OpenVRPackageInstaller.cs: 49d3f53a942f8df25df5bc20b4549812 -> 
  custom:audio-encoder-webm-vorbis: bf7c407c2cedff20999df2af8eb42d56 -> 
========================================================================
Received Prepare
Begin MonoManager ReloadAssembly
- Loaded All Assemblies, in  0.945 seconds
Refreshing native plugins compatible for Editor in 10.10 ms, found 6 plugins.
Native extension for WindowsStandalone target not found
[Package Manager] Server::EnsureServerProcessIsRunning -- launch failed, reason: Unity was launched with the -noUpm command-line argument
[Package Manager] UpmClient::Send -- Unable to send message (not connected to UPM process).
[Package Manager] Cannot connect to Unity Package Manager local server
[Package Manager] Server::EnsureServerProcessIsRunning -- launch failed, reason: Unity was launched with the -noUpm command-line argument
[Package Manager] UpmClient::Send -- Unable to send message (not connected to UPM process).
[Package Manager] Cannot connect to Unity Package Manager local server
Mono: successfully reloaded assembly
[Package Manager] Server::EnsureServerProcessIsRunning -- launch failed, reason: Unity was launched with the -noUpm command-line argument
[Package Manager] UpmClient::Send -- Unable to send message (not connected to UPM process).
[Package Manager] Cannot connect to Unity Package Manager local server
- Finished resetting the current domain, in  2.466 seconds
Domain Reload Profiling: 3403ms
	BeginReloadAssembly (232ms)
		ExecutionOrderSort (0ms)
		DisableScriptedObjects (8ms)
		BackupInstance (0ms)
		ReleaseScriptingObjects (0ms)
		CreateAndSetChildDomain (51ms)
	RebuildCommonClasses (59ms)
	RebuildNativeTypeToScriptingClass (20ms)
	initialDomainReloadingComplete (62ms)
	LoadAllAssembliesAndSetupDomain (563ms)
		LoadAssemblies (672ms)
		RebuildTransferFunctionScriptingTraits (0ms)
		AnalyzeDomain (23ms)
			TypeCache.Refresh (9ms)
				TypeCache.ScanAssembly (0ms)
			ScanForSourceGeneratedMonoScriptInfo (0ms)
			ResolveRequiredComponents (12ms)
	FinalizeReload (2467ms)
		ReleaseScriptCaches (0ms)
		RebuildScriptCaches (0ms)
		SetupLoadedEditorAssemblies (1584ms)
			LogAssemblyErrors (0ms)
			InitializePlatformSupportModulesInManaged (14ms)
			SetLoadedEditorAssemblies (7ms)
			RefreshPlugins (0ms)
			BeforeProcessingInitializeOnLoad (197ms)
			ProcessInitializeOnLoadAttributes (1317ms)
			ProcessInitializeOnLoadMethodAttributes (32ms)
			AfterProcessingInitializeOnLoad (18ms)
			EditorAssembliesLoaded (0ms)
		ExecutionOrderSort2 (0ms)
		AwakeInstancesAfterBackupRestoration (12ms)
Refreshing native plugins compatible for Editor in 14.71 ms, found 6 plugins.
Preloading 0 native plugins for Editor in 0.00 ms.
Unloading 3385 Unused Serialized files (Serialized files now loaded: 0)
Unloading 25 unused Assets / (31.6 KB). Loaded Objects now: 3916.
Memory consumption went from 217.4 MB to 217.4 MB.
Total: 5.969600 ms (FindLiveObjects: 0.286000 ms CreateObjectMapping: 0.296800 ms MarkObjects: 5.314800 ms  DeleteObjects: 0.070500 ms)

Prepare: number of updated asset objects reloaded= 0
AssetImportParameters requested are different than current active one (requested -> active):
  custom:container-demuxer-ogg: 62fdf1f143b41e24485cea50d1cbac27 -> 
  custom:scripting/monoscript/fileName/OpenVRSimpleJSON.cs: af76c6d6c9c7fe2b8cfd370b2f29b59f -> 
  custom:video-decoder-ogg-theora: a1e56fd34408186e4bbccfd4996cb3dc -> 
  custom:framework-win-MediaFoundation: 216162199b28c13a410421893ffa2e32 -> 
  custom:CustomObjectIndexerAttribute: 756ad292c208cfabdd7b50bc23989ffe -> 
  custom:container-demuxer-webm: 4f35f7cbe854078d1ac9338744f61a02 -> 
  custom:scripting/monoscript/fileName/openvr_api.cs: 2e32ba05c4ef83e6129ad780a6878ae0 -> 98f40b14b932fea606f388f353d5049d
  custom:container-muxer-webm: aa71ff27fc2769a1b78a27578f13a17b -> 
  custom:video-decoder-webm-vp8: 9c59270c3fd7afecdb556c50c9e8de78 -> 
  custom:SearchIndexIgnoredProperties: e643bd26f0fe6173181afceb89e7c659 -> 
  custom:AudioImporter_EditorPlatform: d09bf68614088b80899f8185d706f6e7 -> 
  custom:video-encoder-webm-vp8: eb34c28f22e8b96e1ab97ce403110664 -> 
  custom:audio-decoder-ogg-vorbis: bf7c407c2cedff20999df2af8eb42d56 -> 
  custom:scripting/monoscript/fileName/OpenVRPackageInstaller.cs: 49d3f53a942f8df25df5bc20b4549812 -> 
  custom:audio-encoder-webm-vorbis: bf7c407c2cedff20999df2af8eb42d56 -> 
========================================================================
Received Import Request.
  Time since last request: 71858.740417 seconds.
  path: Assets/Light cookies/PNG (Black background)/slash_01.png
  artifactKey: Guid(8c7b28f9e4288ca40b8fe3075ff7cfab) Importer(815301076,1909f56bfc062723c751e8b465ee728b)
Start importing Assets/Light cookies/PNG (Black background)/slash_01.png using Guid(8c7b28f9e4288ca40b8fe3075ff7cfab) Importer(815301076,1909f56bfc062723c751e8b465ee728b)  -> (artifact id: '067350039c951cd4d5cc5675f5104d8b') in 0.140143 seconds
Number of updated asset objects reloaded before import = 0
Number of asset objects unloaded after import = 2
========================================================================
Received Import Request.
  Time since last request: 0.000037 seconds.
  path: Assets/Light cookies/PNG (Black background)/spark_02.png
  artifactKey: Guid(4fd9e1688afb13e4aa34ef4dc0f1ff6f) Importer(815301076,1909f56bfc062723c751e8b465ee728b)
Start importing Assets/Light cookies/PNG (Black background)/spark_02.png using Guid(4fd9e1688afb13e4aa34ef4dc0f1ff6f) Importer(815301076,1909f56bfc062723c751e8b465ee728b)  -> (artifact id: '0f7b909bef45e43d8121d3e658fc4ce2') in 0.117711 seconds
Number of updated asset objects reloaded before import = 0
Number of asset objects unloaded after import = 2
========================================================================
Received Import Request.
  Time since last request: 0.000042 seconds.
  path: Assets/Light cookies/PNG (Black background)/star_05.png
  artifactKey: Guid(0822e5abc59ec4b4a97c8a468ba9055f) Importer(815301076,1909f56bfc062723c751e8b465ee728b)
Start importing Assets/Light cookies/PNG (Black background)/star_05.png using Guid(0822e5abc59ec4b4a97c8a468ba9055f) Importer(815301076,1909f56bfc062723c751e8b465ee728b)  -> (artifact id: '3a20aa94b03941cb31c400b9c6a18d26') in 0.024771 seconds
Number of updated asset objects reloaded before import = 0
Number of asset objects unloaded after import = 2
========================================================================
Received Import Request.
  Time since last request: 0.000024 seconds.
  path: Assets/Light cookies/PNG (Black background)/star_07.png
  artifactKey: Guid(1209a5fb6a97486498585e7aa129fc89) Importer(815301076,1909f56bfc062723c751e8b465ee728b)
Start importing Assets/Light cookies/PNG (Black background)/star_07.png using Guid(1209a5fb6a97486498585e7aa129fc89) Importer(815301076,1909f56bfc062723c751e8b465ee728b)  -> (artifact id: '37ffaac5910b3a669180d220ebc8e938') in 0.025545 seconds
Number of updated asset objects reloaded before import = 0
Number of asset objects unloaded after import = 2
========================================================================
Received Import Request.
  Time since last request: 0.000024 seconds.
  path: Assets/Light cookies/PNG (Black background)/slash_04.png
  artifactKey: Guid(3d0de4321f7648346a8e908cfbc09a66) Importer(815301076,1909f56bfc062723c751e8b465ee728b)
Start importing Assets/Light cookies/PNG (Black background)/slash_04.png using Guid(3d0de4321f7648346a8e908cfbc09a66) Importer(815301076,1909f56bfc062723c751e8b465ee728b)  -> (artifact id: 'b7072f532ed1bede75b276231c70fa4a') in 0.021618 seconds
Number of updated asset objects reloaded before import = 0
Number of asset objects unloaded after import = 2
========================================================================
Received Import Request.
  Time since last request: 0.000041 seconds.
  path: Assets/Light cookies/PNG (Black background)/spark_01.png
  artifactKey: Guid(d8f471648204aca418ef4943ac82f097) Importer(815301076,1909f56bfc062723c751e8b465ee728b)
Start importing Assets/Light cookies/PNG (Black background)/spark_01.png using Guid(d8f471648204aca418ef4943ac82f097) Importer(815301076,1909f56bfc062723c751e8b465ee728b)  -> (artifact id: '2ae77d28a4ad4de21253a7e29cc57129') in 0.021307 seconds
Number of updated asset objects reloaded before import = 0
Number of asset objects unloaded after import = 2
========================================================================
Received Import Request.
  Time since last request: 0.000136 seconds.
  path: Assets/Light cookies/PNG (Black background)/star_01.png
  artifactKey: Guid(876dbf8d9fd88a641b8bcf0b53f7d919) Importer(815301076,1909f56bfc062723c751e8b465ee728b)
Start importing Assets/Light cookies/PNG (Black background)/star_01.png using Guid(876dbf8d9fd88a641b8bcf0b53f7d919) Importer(815301076,1909f56bfc062723c751e8b465ee728b)  -> (artifact id: 'b2a1aa416f1714e271d0e45122bc6e83') in 0.024404 seconds
Number of updated asset objects reloaded before import = 0
Number of asset objects unloaded after import = 2
========================================================================
Received Import Request.
  Time since last request: 0.000018 seconds.
  path: Assets/Light cookies/PNG (Black background)/window_04.png
  artifactKey: Guid(dd83f6760a28fb049ac701877e6902dc) Importer(815301076,1909f56bfc062723c751e8b465ee728b)
Start importing Assets/Light cookies/PNG (Black background)/window_04.png using Guid(dd83f6760a28fb049ac701877e6902dc) Importer(815301076,1909f56bfc062723c751e8b465ee728b)  -> (artifact id: '661bdadf2d43c6b8b8680d1ae74e0112') in 0.026487 seconds
Number of updated asset objects reloaded before import = 0
Number of asset objects unloaded after import = 2
========================================================================
Received Import Request.
  Time since last request: 0.000048 seconds.
  path: Assets/Light cookies/PNG (Black background)/trace_02.png
  artifactKey: Guid(383cd5055e620c04b840a1792d71e728) Importer(815301076,1909f56bfc062723c751e8b465ee728b)
Start importing Assets/Light cookies/PNG (Black background)/trace_02.png using Guid(383cd5055e620c04b840a1792d71e728) Importer(815301076,1909f56bfc062723c751e8b465ee728b)  -> (artifact id: '2afc064e303b0fca198819dd08dbcd3f') in 0.024968 seconds
Number of updated asset objects reloaded before import = 0
Number of asset objects unloaded after import = 2
========================================================================
Received Import Request.
  Time since last request: 0.000023 seconds.
  path: Assets/Light cookies/PNG (Black background)/symbol_02.png
  artifactKey: Guid(582b8ce4c6c5e6648843021807d947dc) Importer(815301076,1909f56bfc062723c751e8b465ee728b)
Start importing Assets/Light cookies/PNG (Black background)/symbol_02.png using Guid(582b8ce4c6c5e6648843021807d947dc) Importer(815301076,1909f56bfc062723c751e8b465ee728b)  -> (artifact id: '5a83351f35e3eed3861728b9bb7c983d') in 0.032862 seconds
Number of updated asset objects reloaded before import = 0
Number of asset objects unloaded after import = 2
========================================================================
Received Import Request.
  Time since last request: 0.000034 seconds.
  path: Assets/Light cookies/PNG (Black background)/trace_05.png
  artifactKey: Guid(d439c0f95835e0f489cbce09e57ed78c) Importer(815301076,1909f56bfc062723c751e8b465ee728b)
Start importing Assets/Light cookies/PNG (Black background)/trace_05.png using Guid(d439c0f95835e0f489cbce09e57ed78c) Importer(815301076,1909f56bfc062723c751e8b465ee728b)  -> (artifact id: '9e7baae674b72202feb21c45933f680f') in 0.027412 seconds
Number of updated asset objects reloaded before import = 0
Number of asset objects unloaded after import = 2
========================================================================
Received Import Request.
  Time since last request: 0.000031 seconds.
  path: Assets/Light cookies/PNG (Black background)/spark_06.png
  artifactKey: Guid(e3a301c7bd73520479c22d7ec85e36f9) Importer(815301076,1909f56bfc062723c751e8b465ee728b)
Start importing Assets/Light cookies/PNG (Black background)/spark_06.png using Guid(e3a301c7bd73520479c22d7ec85e36f9) Importer(815301076,1909f56bfc062723c751e8b465ee728b)  -> (artifact id: '371c5df8c88230dec04bdc14c3897dbd') in 0.035323 seconds
Number of updated asset objects reloaded before import = 0
Number of asset objects unloaded after import = 2
========================================================================
Received Import Request.
  Time since last request: 0.000035 seconds.
  path: Assets/Light cookies/PNG (Black background)/smoke_05.png
  artifactKey: Guid(bf16d35e5b4d41a4883ca4d848c42e00) Importer(815301076,1909f56bfc062723c751e8b465ee728b)
Start importing Assets/Light cookies/PNG (Black background)/smoke_05.png using Guid(bf16d35e5b4d41a4883ca4d848c42e00) Importer(815301076,1909f56bfc062723c751e8b465ee728b)  -> (artifact id: 'b3e0d5a70acd1070b576ae79c8bd5171') in 0.026900 seconds
Number of updated asset objects reloaded before import = 0
Number of asset objects unloaded after import = 2
========================================================================
Received Import Request.
  Time since last request: 0.000024 seconds.
  path: Assets/Light cookies/PNG (Black background)/slash_03.png
  artifactKey: Guid(ab3f9829ff65a0c4a8041d94b3a707e4) Importer(815301076,1909f56bfc062723c751e8b465ee728b)
Start importing Assets/Light cookies/PNG (Black background)/slash_03.png using Guid(ab3f9829ff65a0c4a8041d94b3a707e4) Importer(815301076,1909f56bfc062723c751e8b465ee728b)  -> (artifact id: '48a2cd561e2f7270ef8fa13dd3428650') in 0.031493 seconds
Number of updated asset objects reloaded before import = 0
Number of asset objects unloaded after import = 2
========================================================================
Received Import Request.
  Time since last request: 0.000017 seconds.
  path: Assets/Light cookies/PNG (Black background)/smoke_08.png
  artifactKey: Guid(0bae6100b3ae5e14b9fc91dc29eac58f) Importer(815301076,1909f56bfc062723c751e8b465ee728b)
Start importing Assets/Light cookies/PNG (Black background)/smoke_08.png using Guid(0bae6100b3ae5e14b9fc91dc29eac58f) Importer(815301076,1909f56bfc062723c751e8b465ee728b)  -> (artifact id: '9aa4d7c797b3e99f3d199b1734f8f3de') in 0.036834 seconds
Number of updated asset objects reloaded before import = 0
Number of asset objects unloaded after import = 2
========================================================================
Received Import Request.
  Time since last request: 0.000078 seconds.
  path: Assets/Light cookies/PNG (Black background)/twirl_02.png
  artifactKey: Guid(ffe085dbb4e0da245afba02e745136d1) Importer(815301076,1909f56bfc062723c751e8b465ee728b)
Start importing Assets/Light cookies/PNG (Black background)/twirl_02.png using Guid(ffe085dbb4e0da245afba02e745136d1) Importer(815301076,1909f56bfc062723c751e8b465ee728b)  -> (artifact id: '8a6e9ddce27c1f6ada1f54426e2aa1fb') in 0.027593 seconds
Number of updated asset objects reloaded before import = 0
Number of asset objects unloaded after import = 2
========================================================================
Received Import Request.
  Time since last request: 0.000283 seconds.
  path: Assets/Light cookies/PNG (Black background)/star_02.png
  artifactKey: Guid(049f02041f082eb41a5b9f562d3df6d4) Importer(815301076,1909f56bfc062723c751e8b465ee728b)
Start importing Assets/Light cookies/PNG (Black background)/star_02.png using Guid(049f02041f082eb41a5b9f562d3df6d4) Importer(815301076,1909f56bfc062723c751e8b465ee728b)  -> (artifact id: '950f72797c4834bff06f09ebff24df08') in 0.028227 seconds
Number of updated asset objects reloaded before import = 0
Number of asset objects unloaded after import = 2
========================================================================
Received Import Request.
  Time since last request: 0.000246 seconds.
  path: Assets/Light cookies/PNG (Black background)/smoke_07.png
  artifactKey: Guid(ab8fb6c21999f89429482bfd6ed4665a) Importer(815301076,1909f56bfc062723c751e8b465ee728b)
Start importing Assets/Light cookies/PNG (Black background)/smoke_07.png using Guid(ab8fb6c21999f89429482bfd6ed4665a) Importer(815301076,1909f56bfc062723c751e8b465ee728b)  -> (artifact id: 'a9594f97e20f73c82711e1324b9351c4') in 0.025212 seconds
Number of updated asset objects reloaded before import = 0
Number of asset objects unloaded after import = 2
========================================================================
Received Import Request.
  Time since last request: 0.000026 seconds.
  path: Assets/Light cookies/PNG (Black background)/star_06.png
  artifactKey: Guid(e59d0245619e32b4f98dfc3452adbc3f) Importer(815301076,1909f56bfc062723c751e8b465ee728b)
Start importing Assets/Light cookies/PNG (Black background)/star_06.png using Guid(e59d0245619e32b4f98dfc3452adbc3f) Importer(815301076,1909f56bfc062723c751e8b465ee728b)  -> (artifact id: 'fbc5d7fa18efc2ee39b971948253a114') in 0.019521 seconds
Number of updated asset objects reloaded before import = 0
Number of asset objects unloaded after import = 2
========================================================================
Received Import Request.
  Time since last request: 0.000032 seconds.
  path: Assets/Light cookies/PNG (Black background)/spark_07.png
  artifactKey: Guid(0da59a396bc26fb4a84e43ad918d7e26) Importer(815301076,1909f56bfc062723c751e8b465ee728b)
Start importing Assets/Light cookies/PNG (Black background)/spark_07.png using Guid(0da59a396bc26fb4a84e43ad918d7e26) Importer(815301076,1909f56bfc062723c751e8b465ee728b)  -> (artifact id: '75979fceefe72a5a3c1dc1292e9f9a41') in 0.022978 seconds
Number of updated asset objects reloaded before import = 0
Number of asset objects unloaded after import = 2
========================================================================
Received Import Request.
  Time since last request: 0.000017 seconds.
  path: Assets/Light cookies/PNG (Black background)/smoke_03.png
  artifactKey: Guid(b034395ef91a3744ab2976c5d58a87f3) Importer(815301076,1909f56bfc062723c751e8b465ee728b)
Start importing Assets/Light cookies/PNG (Black background)/smoke_03.png using Guid(b034395ef91a3744ab2976c5d58a87f3) Importer(815301076,1909f56bfc062723c751e8b465ee728b)  -> (artifact id: '694c3b5ecc82a1b730166bb97e677c81') in 0.023253 seconds
Number of updated asset objects reloaded before import = 0
Number of asset objects unloaded after import = 2
========================================================================
Received Import Request.
  Time since last request: 0.000023 seconds.
  path: Assets/Light cookies/PNG (Black background)/smoke_06.png
  artifactKey: Guid(eadc69be2b62894439df95225a391e64) Importer(815301076,1909f56bfc062723c751e8b465ee728b)
Start importing Assets/Light cookies/PNG (Black background)/smoke_06.png using Guid(eadc69be2b62894439df95225a391e64) Importer(815301076,1909f56bfc062723c751e8b465ee728b)  -> (artifact id: '9bd4d072c65ad594bc5a59771a43ca40') in 0.021895 seconds
Number of updated asset objects reloaded before import = 0
Number of asset objects unloaded after import = 2
========================================================================
Received Import Request.
  Time since last request: 0.000020 seconds.
  path: Assets/Light cookies/PNG (Black background)/star_03.png
  artifactKey: Guid(a5969e19be0169c4fbeb95d032c56b12) Importer(815301076,1909f56bfc062723c751e8b465ee728b)
Start importing Assets/Light cookies/PNG (Black background)/star_03.png using Guid(a5969e19be0169c4fbeb95d032c56b12) Importer(815301076,1909f56bfc062723c751e8b465ee728b)  -> (artifact id: 'dc653f5ef11ca4038af0458c712baea8') in 0.025356 seconds
Number of updated asset objects reloaded before import = 0
Number of asset objects unloaded after import = 2
========================================================================
Received Import Request.
  Time since last request: 0.000019 seconds.
  path: Assets/Light cookies/PNG (Black background)/star_09.png
  artifactKey: Guid(5d57e9d4f8608664fa51a483f3b6002e) Importer(815301076,1909f56bfc062723c751e8b465ee728b)
Start importing Assets/Light cookies/PNG (Black background)/star_09.png using Guid(5d57e9d4f8608664fa51a483f3b6002e) Importer(815301076,1909f56bfc062723c751e8b465ee728b)  -> (artifact id: '91b10f3aafdb6c6c11a4e01fd4182d04') in 0.023662 seconds
Number of updated asset objects reloaded before import = 0
Number of asset objects unloaded after import = 2
Editor requested this worker to shutdown with reason: Scaling down because of idle timeout
TcpMessagingSession - receive error: operation aborted. errorcode: 995, details: The I/O operation has been aborted because of either a thread exit or an application request.
AssetImportWorker is now disconnected from the server
Process exiting
Exiting without the bug reporter. Application will terminate with return code 0